#
# A fatal error has been detected by the Java Runtime Environment:
#
#  SIGSEGV (0xb) at pc=0x0000000105b6a000, pid=30736, tid=14851
#
# JRE version: OpenJDK Runtime Environment Temurin-11.0.19+7 (11.0.19+7) (build 11.0.19+7)
# Java VM: OpenJDK 64-Bit Server VM Temurin-11.0.19+7 (11.0.19+7, mixed mode, tiered, compressed oops, g1 gc, bsd-amd64)
# Problematic frame:
# C  [libnative-platform-file-events.dylib+0x0]  __dso_handle+0x0
#
# No core dump will be written. Core dumps have been disabled. To enable core dumping, try "ulimit -c unlimited" before starting Java again
#
# If you would like to submit a bug report, please visit:
#   https://github.com/adoptium/adoptium-support/issues
#

---------------  S U M M A R Y ------------

Command Line: --add-opens=java.base/java.util=ALL-UNNAMED --add-opens=java.base/java.lang=ALL-UNNAMED --add-opens=java.base/java.lang.invoke=ALL-UNNAMED --add-opens=java.prefs/java.util.prefs=ALL-UNNAMED --add-opens=java.base/java.nio.charset=ALL-UNNAMED --add-opens=java.base/java.net=ALL-UNNAMED --add-opens=java.base/java.util.concurrent.atomic=ALL-UNNAMED -XX:MaxMetaspaceSize=384m -XX:+HeapDumpOnOutOfMemoryError -Xms256m -Xmx512m -Dfile.encoding=UTF-8 -Duser.country=VN -Duser.language=en -Duser.variant -javaagent:/Users/caesar/.gradle/wrapper/dists/gradle-8.8-bin/dl7vupf4psengwqhwktix4v1/gradle-8.8/lib/agents/gradle-instrumentation-agent-8.8.jar org.gradle.launcher.daemon.bootstrap.GradleDaemon 8.8

Host: MacBookPro11,5 x86_64 2500 MHz, 8 cores, 16G, Darwin 19.6.0
Time: Tue Oct  8 16:15:07 2024 +07 elapsed time: 6.463916 seconds (0d 0h 0m 6s)

---------------  T H R E A D  ---------------

Current thread is native thread

Stack: [0x0000700000d66000,0x0000700000de6000],  sp=0x0000700000de3298,  free space=500k
Native frames: (J=compiled Java code, A=aot compiled Java code, j=interpreted, Vv=VM code, C=native code)
C  [libnative-platform-file-events.dylib+0x0]  __dso_handle+0x0
C  [libnative-platform-file-events.dylib+0x15c27]  void std::__1::__variant_detail::__ctor<std::__1::__variant_detail::__traits<FileEvent, ErrorEvent, PoisonPill> >::__generic_construct[abi:v160006]<std::__1::__variant_detail::__copy_constructor<std::__1::__variant_detail::__traits<FileEvent, ErrorEvent, PoisonPill>, (std::__1::__variant_detail::_Trait)1> const&>(std::__1::__variant_detail::__ctor<std::__1::__variant_detail::__traits<FileEvent, ErrorEvent, PoisonPill> >&, std::__1::__variant_detail::__copy_constructor<std::__1::__variant_detail::__traits<FileEvent, ErrorEvent, PoisonPill>, (std::__1::__variant_detail::_Trait)1> const&)+0x47
C  [libnative-platform-file-events.dylib+0x15b8a]  std::__1::__variant_detail::__copy_constructor<std::__1::__variant_detail::__traits<FileEvent, ErrorEvent, PoisonPill>, (std::__1::__variant_detail::_Trait)1>::__copy_constructor(std::__1::__variant_detail::__copy_constructor<std::__1::__variant_detail::__traits<FileEvent, ErrorEvent, PoisonPill>, (std::__1::__variant_detail::_Trait)1> const&)+0x2a
C  [libnative-platform-file-events.dylib+0x15b4d]  std::__1::__variant_detail::__assignment<std::__1::__variant_detail::__traits<FileEvent, ErrorEvent, PoisonPill> >::__assignment(std::__1::__variant_detail::__assignment<std::__1::__variant_detail::__traits<FileEvent, ErrorEvent, PoisonPill> > const&)+0x1d
C  [libnative-platform-file-events.dylib+0x15b1d]  std::__1::__variant_detail::__move_assignment<std::__1::__variant_detail::__traits<FileEvent, ErrorEvent, PoisonPill>, (std::__1::__variant_detail::_Trait)1>::__move_assignment(std::__1::__variant_detail::__move_assignment<std::__1::__variant_detail::__traits<FileEvent, ErrorEvent, PoisonPill>, (std::__1::__variant_detail::_Trait)1> const&)+0x1d
C  [libnative-platform-file-events.dylib+0x15aed]  std::__1::__variant_detail::__copy_assignment<std::__1::__variant_detail::__traits<FileEvent, ErrorEvent, PoisonPill>, (std::__1::__variant_detail::_Trait)1>::__copy_assignment(std::__1::__variant_detail::__copy_assignment<std::__1::__variant_detail::__traits<FileEvent, ErrorEvent, PoisonPill>, (std::__1::__variant_detail::_Trait)1> const&)+0x1d
C  [libnative-platform-file-events.dylib+0x15abd]  std::__1::__variant_detail::__impl<FileEvent, ErrorEvent, PoisonPill>::__impl(std::__1::__variant_detail::__impl<FileEvent, ErrorEvent, PoisonPill> const&)+0x1d
C  [libnative-platform-file-events.dylib+0x15a8d]  std::__1::__variant_detail::__impl<FileEvent, ErrorEvent, PoisonPill>::__impl(std::__1::__variant_detail::__impl<FileEvent, ErrorEvent, PoisonPill> const&)+0x1d
C  [libnative-platform-file-events.dylib+0x15a5d]  std::__1::variant<FileEvent, ErrorEvent, PoisonPill>::variant(std::__1::variant<FileEvent, ErrorEvent, PoisonPill> const&)+0x1d
C  [libnative-platform-file-events.dylib+0x15a2d]  std::__1::variant<FileEvent, ErrorEvent, PoisonPill>::variant(std::__1::variant<FileEvent, ErrorEvent, PoisonPill> const&)+0x1d
C  [libnative-platform-file-events.dylib+0x15a01]  void std::__1::allocator<std::__1::variant<FileEvent, ErrorEvent, PoisonPill> >::construct[abi:v160006]<std::__1::variant<FileEvent, ErrorEvent, PoisonPill>, std::__1::variant<FileEvent, ErrorEvent, PoisonPill> const&>(std::__1::variant<FileEvent, ErrorEvent, PoisonPill>*, std::__1::variant<FileEvent, ErrorEvent, PoisonPill> const&)+0x21
C  [libnative-platform-file-events.dylib+0x13805]  void std::__1::allocator_traits<std::__1::allocator<std::__1::variant<FileEvent, ErrorEvent, PoisonPill> > >::construct[abi:v160006]<std::__1::variant<FileEvent, ErrorEvent, PoisonPill>, std::__1::variant<FileEvent, ErrorEvent, PoisonPill> const&, void>(std::__1::allocator<std::__1::variant<FileEvent, ErrorEvent, PoisonPill> >&, std::__1::variant<FileEvent, ErrorEvent, PoisonPill>*, std::__1::variant<FileEvent, ErrorEvent, PoisonPill> const&)+0x25
C  [libnative-platform-file-events.dylib+0x133ef]  std::__1::deque<std::__1::variant<FileEvent, ErrorEvent, PoisonPill>, std::__1::allocator<std::__1::variant<FileEvent, ErrorEvent, PoisonPill> > >::push_back(std::__1::variant<FileEvent, ErrorEvent, PoisonPill> const&)+0x6f
C  [libnative-platform-file-events.dylib+0x1336d]  std::__1::queue<std::__1::variant<FileEvent, ErrorEvent, PoisonPill>, std::__1::deque<std::__1::variant<FileEvent, ErrorEvent, PoisonPill>, std::__1::allocator<std::__1::variant<FileEvent, ErrorEvent, PoisonPill> > > >::push[abi:v160006](std::__1::variant<FileEvent, ErrorEvent, PoisonPill> const&)+0x1d
C  [libnative-platform-file-events.dylib+0xd9d2]  BlockingQueue<std::__1::variant<FileEvent, ErrorEvent, PoisonPill> >::enqueue(std::__1::variant<FileEvent, ErrorEvent, PoisonPill> const&)+0x32
C  [libnative-platform-file-events.dylib+0xd809]  Server::handleEvents(unsigned long, char**, unsigned int const*, unsigned long long const*)+0xb9
C  [libnative-platform-file-events.dylib+0xd441]  handleEventsCallback(__FSEventStream const*, void*, unsigned long, void*, unsigned int const*, unsigned long long const*)+0x41
C  [FSEvents+0x2993]  implementation_callback_rpc+0xb19
C  [FSEvents+0x1dfe]  _Xcallback_rpc+0xe9
C  [FSEvents+0x1cf7]  FSEventsD2F_server+0x37
C  [FSEvents+0x1c61]  __create_d2f_port_source_block_invoke+0xe8
C  [libdispatch.dylib+0x2658]  _dispatch_client_callout+0x8
C  [libdispatch.dylib+0x4818]  _dispatch_continuation_pop+0x19e
C  [libdispatch.dylib+0x144be]  _dispatch_source_invoke+0x824
C  [libdispatch.dylib+0x7af6]  _dispatch_lane_serial_drain+0x107
C  [libdispatch.dylib+0x85d6]  _dispatch_lane_invoke+0x16b
C  [libdispatch.dylib+0x11c09]  _dispatch_workloop_worker_thread+0x254
C  [libsystem_pthread.dylib+0x2a3d]  _pthread_wqthread+0x122
C  [libsystem_pthread.dylib+0x1b77]  start_wqthread+0xf


siginfo: si_signo: 11 (SIGSEGV), si_code: 0 (unknown), si_addr: 0x0000000000000000

Register to memory mapping:

RAX=
[error occurred during error reporting (printing register info), id 0xb, SIGSEGV (0xb) at pc=0x000000010458b23c]

Registers:
RAX=0x0000000105b6a000, RBX=0x0000000105df3000, RCX=0x0000000000000000, RDX=0x0000700000de3620
RSP=0x0000700000de3298, RBP=0x0000700000de32f0, RSI=0x00007f9936506000, RDI=0x0000700000de3308
R8 =0x0000000000009760, R9 =0x0000000000000000, R10=0x00000000000027f7, R11=0x00007f9936000000
R12=0x0000000000000000, R13=0x0000000000000001, R14=0x0000000000000000, R15=0x00007f9935114800
RIP=0x0000000105b6a000, EFLAGS=0x0000000000010206, ERR=0x0000000000000000
  TRAPNO=0x000000000000000d

Top of Stack: (sp=0x0000700000de3298)
0x0000700000de3298:   0000000105b7fd8c 0000700000de3308
0x0000700000de32a8:   00007f9936506000 0000000105b6a000
0x0000700000de32b8:   0000000105b6a000 0000000105b6a000
0x0000700000de32c8:   0000000105b6a000 0000700000de3620
0x0000700000de32d8:   00007f9936506000 0000700000de3308
0x0000700000de32e8:   0000000000000000 0000700000de3320
0x0000700000de32f8:   0000000105b7fc27 0000700000de3320
0x0000700000de3308:   0000000105b7fbd5 0000700000de3620
0x0000700000de3318:   00007f9936506000 0000700000de3360
0x0000700000de3328:   0000000105b7fb8a 00007f9936506000
0x0000700000de3338:   0000000105b7f849 0000000000000000
0x0000700000de3348:   0000700000de3420 0000700000de3620
0x0000700000de3358:   00007f9936506000 0000700000de3380
0x0000700000de3368:   0000000105b7fb4d 0000700000de3620
0x0000700000de3378:   00007f9936506000 0000700000de33a0
0x0000700000de3388:   0000000105b7fb1d 0000700000de3620
0x0000700000de3398:   00007f9936506000 0000700000de33c0
0x0000700000de33a8:   0000000105b7faed 0000700000de3620
0x0000700000de33b8:   00007f9936506000 0000700000de33e0
0x0000700000de33c8:   0000000105b7fabd 0000700000de3620
0x0000700000de33d8:   00007f9936506000 0000700000de3400
0x0000700000de33e8:   0000000105b7fa8d 0000700000de3620
0x0000700000de33f8:   00007f9936506000 0000700000de3420
0x0000700000de3408:   0000000105b7fa5d 0000700000de3620
0x0000700000de3418:   00007f9936506000 0000700000de3440
0x0000700000de3428:   0000000105b7fa2d 0000700000de3620
0x0000700000de3438:   00007f9936506000 0000700000de3470
0x0000700000de3448:   0000000105b7fa01 00007f9936506000
0x0000700000de3458:   0000700000de3620 00007f9936506000
0x0000700000de3468:   00007f9934614478 0000700000de34a0
0x0000700000de3478:   0000000105b7d805 0000000000000000
0x0000700000de3488:   0000700000de3620 00007f9936506000 

Instructions: (pc=0x0000000105b6a000)
0x0000000105b69f00:   00 00 00 00 00 00 00 00 00 00 00 00 00 00 00 00
0x0000000105b69f10:   00 00 00 00 00 00 00 00 00 00 00 00 00 00 00 00
0x0000000105b69f20:   00 00 00 00 00 00 00 00 00 00 00 00 00 00 00 00
0x0000000105b69f30:   00 00 00 00 00 00 00 00 00 00 00 00 00 00 00 00
0x0000000105b69f40:   00 00 00 00 00 00 00 00 00 00 00 00 00 00 00 00
0x0000000105b69f50:   00 00 00 00 00 00 00 00 00 00 00 00 00 00 00 00
0x0000000105b69f60:   00 00 00 00 00 00 00 00 00 00 00 00 00 00 00 00
0x0000000105b69f70:   00 00 00 00 00 00 00 00 00 00 00 00 00 00 00 00
0x0000000105b69f80:   00 00 00 00 00 00 00 00 00 00 00 00 00 00 00 00
0x0000000105b69f90:   00 00 00 00 00 00 00 00 00 00 00 00 00 00 00 00
0x0000000105b69fa0:   00 00 00 00 00 00 00 00 00 00 00 00 00 00 00 00
0x0000000105b69fb0:   00 00 00 00 00 00 00 00 00 00 00 00 00 00 00 00
0x0000000105b69fc0:   00 00 00 00 00 00 00 00 00 00 00 00 00 00 00 00
0x0000000105b69fd0:   00 00 00 00 00 00 00 00 00 00 00 00 00 00 00 00
0x0000000105b69fe0:   00 00 00 00 00 00 00 00 00 00 00 00 00 00 00 00
0x0000000105b69ff0:   00 00 00 00 00 00 00 00 00 00 00 00 00 00 00 00
0x0000000105b6a000:   cf fa ed fe 07 00 00 01 03 00 00 00 06 00 00 00
0x0000000105b6a010:   10 00 00 00 00 07 00 00 85 80 11 00 00 00 00 00
0x0000000105b6a020:   19 00 00 00 78 02 00 00 5f 5f 54 45 58 54 00 00
0x0000000105b6a030:   00 00 00 00 00 00 00 00 00 00 00 00 00 00 00 00
0x0000000105b6a040:   00 c0 01 00 00 00 00 00 00 00 00 00 00 00 00 00
0x0000000105b6a050:   00 c0 01 00 00 00 00 00 05 00 00 00 05 00 00 00
0x0000000105b6a060:   07 00 00 00 00 00 00 00 5f 5f 74 65 78 74 00 00
0x0000000105b6a070:   00 00 00 00 00 00 00 00 5f 5f 54 45 58 54 00 00
0x0000000105b6a080:   00 00 00 00 00 00 00 00 80 19 00 00 00 00 00 00
0x0000000105b6a090:   dc 7d 01 00 00 00 00 00 80 19 00 00 04 00 00 00
0x0000000105b6a0a0:   00 00 00 00 00 00 00 00 00 04 00 80 00 00 00 00
0x0000000105b6a0b0:   00 00 00 00 00 00 00 00 5f 5f 73 74 75 62 73 00
0x0000000105b6a0c0:   00 00 00 00 00 00 00 00 5f 5f 54 45 58 54 00 00
0x0000000105b6a0d0:   00 00 00 00 00 00 00 00 5c 97 01 00 00 00 00 00
0x0000000105b6a0e0:   ec 04 00 00 00 00 00 00 5c 97 01 00 00 00 00 00
0x0000000105b6a0f0:   00 00 00 00 00 00 00 00 08 04 00 80 00 00 00 00 


Stack slot to memory mapping:
stack at sp + 0 slots: 
[error occurred during error reporting (inspecting top of stack), id 0xb, SIGSEGV (0xb) at pc=0x000000010458b23c]


---------------  P R O C E S S  ---------------

VM state:not at safepoint (normal execution)

VM Mutex/Monitor currently owned by a thread: None

Heap address: 0x00000007e0000000, size: 512 MB, Compressed Oops mode: Zero based, Oop shift amount: 3
Narrow klass base: 0x0000000800000000, Narrow klass shift: 0
Compressed class space size: 394264576 Address: 0x0000000800000000

Heap:
 garbage-first heap   total 262144K, used 174233K [0x00000007e0000000, 0x0000000800000000)
  region size 1024K, 141 young (144384K), 7 survivors (7168K)
 Metaspace       used 65002K, capacity 67382K, committed 67664K, reserved 444416K
  class space    used 8655K, capacity 9559K, committed 9600K, reserved 385024K
Heap Regions: E=young(eden), S=young(survivor), O=old, HS=humongous(starts), HC=humongous(continues), CS=collection set, F=free, A=archive, TAMS=top-at-mark-start (previous, next)
|   0|0x00000007e0000000, 0x00000007e0100000, 0x00000007e0100000|100%|HS|  |TAMS 0x00000007e0100000, 0x00000007e0000000| Complete 
|   1|0x00000007e0100000, 0x00000007e0200000, 0x00000007e0200000|100%|HC|  |TAMS 0x00000007e0200000, 0x00000007e0100000| Complete 
|   2|0x00000007e0200000, 0x00000007e0300000, 0x00000007e0300000|100%|HC|  |TAMS 0x00000007e0300000, 0x00000007e0200000| Complete 
|   3|0x00000007e0300000, 0x00000007e0400000, 0x00000007e0400000|100%|HC|  |TAMS 0x00000007e0400000, 0x00000007e0300000| Complete 
|   4|0x00000007e0400000, 0x00000007e0500000, 0x00000007e0500000|100%| O|  |TAMS 0x00000007e0500000, 0x00000007e0400000| Untracked 
|   5|0x00000007e0500000, 0x00000007e0600000, 0x00000007e0600000|100%| O|  |TAMS 0x00000007e0600000, 0x00000007e0500000| Untracked 
|   6|0x00000007e0600000, 0x00000007e0700000, 0x00000007e0700000|100%| O|  |TAMS 0x00000007e0700000, 0x00000007e0600000| Untracked 
|   7|0x00000007e0700000, 0x00000007e0800000, 0x00000007e0800000|100%| O|  |TAMS 0x00000007e0800000, 0x00000007e0700000| Untracked 
|   8|0x00000007e0800000, 0x00000007e0900000, 0x00000007e0900000|100%|HS|  |TAMS 0x00000007e0900000, 0x00000007e0800000| Complete 
|   9|0x00000007e0900000, 0x00000007e0a00000, 0x00000007e0a00000|100%| O|  |TAMS 0x00000007e0a00000, 0x00000007e0900000| Untracked 
|  10|0x00000007e0a00000, 0x00000007e0b00000, 0x00000007e0b00000|100%| O|  |TAMS 0x00000007e0b00000, 0x00000007e0a00000| Untracked 
|  11|0x00000007e0b00000, 0x00000007e0c00000, 0x00000007e0c00000|100%| O|  |TAMS 0x00000007e0c00000, 0x00000007e0b00000| Untracked 
|  12|0x00000007e0c00000, 0x00000007e0d00000, 0x00000007e0d00000|100%| O|  |TAMS 0x00000007e0d00000, 0x00000007e0c00000| Untracked 
|  13|0x00000007e0d00000, 0x00000007e0e00000, 0x00000007e0e00000|100%| O|  |TAMS 0x00000007e0e00000, 0x00000007e0d00000| Untracked 
|  14|0x00000007e0e00000, 0x00000007e0f00000, 0x00000007e0f00000|100%| O|  |TAMS 0x00000007e0f00000, 0x00000007e0e00000| Untracked 
|  15|0x00000007e0f00000, 0x00000007e1000000, 0x00000007e1000000|100%| O|  |TAMS 0x00000007e1000000, 0x00000007e0f00000| Untracked 
|  16|0x00000007e1000000, 0x00000007e1100000, 0x00000007e1100000|100%| O|  |TAMS 0x00000007e1100000, 0x00000007e1000000| Untracked 
|  17|0x00000007e1100000, 0x00000007e1200000, 0x00000007e1200000|100%| O|  |TAMS 0x00000007e1200000, 0x00000007e1100000| Untracked 
|  18|0x00000007e1200000, 0x00000007e1300000, 0x00000007e1300000|100%| O|  |TAMS 0x00000007e1300000, 0x00000007e1200000| Untracked 
|  19|0x00000007e1300000, 0x00000007e1400000, 0x00000007e1400000|100%| O|  |TAMS 0x00000007e1400000, 0x00000007e1300000| Untracked 
|  20|0x00000007e1400000, 0x00000007e1500000, 0x00000007e1500000|100%| O|  |TAMS 0x00000007e1500000, 0x00000007e1400000| Untracked 
|  21|0x00000007e1500000, 0x00000007e1600000, 0x00000007e1600000|100%| O|  |TAMS 0x00000007e1600000, 0x00000007e1500000| Untracked 
|  22|0x00000007e1600000, 0x00000007e1700000, 0x00000007e1700000|100%| O|  |TAMS 0x00000007e1700000, 0x00000007e1600000| Untracked 
|  23|0x00000007e1700000, 0x00000007e1800000, 0x00000007e1800000|100%| O|  |TAMS 0x00000007e1800000, 0x00000007e1700000| Untracked 
|  24|0x00000007e1800000, 0x00000007e1900000, 0x00000007e1900000|100%| O|  |TAMS 0x00000007e1900000, 0x00000007e1800000| Untracked 
|  25|0x00000007e1900000, 0x00000007e1a00000, 0x00000007e1a00000|100%| O|  |TAMS 0x00000007e1a00000, 0x00000007e1900000| Untracked 
|  26|0x00000007e1a00000, 0x00000007e1b00000, 0x00000007e1b00000|100%| O|  |TAMS 0x00000007e1b00000, 0x00000007e1a00000| Untracked 
|  27|0x00000007e1b00000, 0x00000007e1c00000, 0x00000007e1c00000|100%| O|  |TAMS 0x00000007e1c00000, 0x00000007e1b00000| Untracked 
|  28|0x00000007e1c00000, 0x00000007e1d00000, 0x00000007e1d00000|100%| O|  |TAMS 0x00000007e1d00000, 0x00000007e1c00000| Untracked 
|  29|0x00000007e1d00000, 0x00000007e1e00000, 0x00000007e1e00000|100%| O|  |TAMS 0x00000007e1e00000, 0x00000007e1d00000| Untracked 
|  30|0x00000007e1e00000, 0x00000007e1f00000, 0x00000007e1f00000|100%| O|  |TAMS 0x00000007e1f00000, 0x00000007e1e00000| Untracked 
|  31|0x00000007e1f00000, 0x00000007e1fd9200, 0x00000007e2000000| 84%| O|  |TAMS 0x00000007e1fd9200, 0x00000007e1f00000| Untracked 
|  32|0x00000007e2000000, 0x00000007e2000000, 0x00000007e2100000|  0%| F|  |TAMS 0x00000007e2000000, 0x00000007e2000000| Untracked 
|  33|0x00000007e2100000, 0x00000007e2100000, 0x00000007e2200000|  0%| F|  |TAMS 0x00000007e2100000, 0x00000007e2100000| Untracked 
|  34|0x00000007e2200000, 0x00000007e2200000, 0x00000007e2300000|  0%| F|  |TAMS 0x00000007e2200000, 0x00000007e2200000| Untracked 
|  35|0x00000007e2300000, 0x00000007e2300000, 0x00000007e2400000|  0%| F|  |TAMS 0x00000007e2300000, 0x00000007e2300000| Untracked 
|  36|0x00000007e2400000, 0x00000007e2400000, 0x00000007e2500000|  0%| F|  |TAMS 0x00000007e2400000, 0x00000007e2400000| Untracked 
|  37|0x00000007e2500000, 0x00000007e2500000, 0x00000007e2600000|  0%| F|  |TAMS 0x00000007e2500000, 0x00000007e2500000| Untracked 
|  38|0x00000007e2600000, 0x00000007e2600000, 0x00000007e2700000|  0%| F|  |TAMS 0x00000007e2600000, 0x00000007e2600000| Untracked 
|  39|0x00000007e2700000, 0x00000007e2700000, 0x00000007e2800000|  0%| F|  |TAMS 0x00000007e2700000, 0x00000007e2700000| Untracked 
|  40|0x00000007e2800000, 0x00000007e2800000, 0x00000007e2900000|  0%| F|  |TAMS 0x00000007e2800000, 0x00000007e2800000| Untracked 
|  41|0x00000007e2900000, 0x00000007e2900000, 0x00000007e2a00000|  0%| F|  |TAMS 0x00000007e2900000, 0x00000007e2900000| Untracked 
|  42|0x00000007e2a00000, 0x00000007e2a00000, 0x00000007e2b00000|  0%| F|  |TAMS 0x00000007e2a00000, 0x00000007e2a00000| Untracked 
|  43|0x00000007e2b00000, 0x00000007e2b00000, 0x00000007e2c00000|  0%| F|  |TAMS 0x00000007e2b00000, 0x00000007e2b00000| Untracked 
|  44|0x00000007e2c00000, 0x00000007e2c00000, 0x00000007e2d00000|  0%| F|  |TAMS 0x00000007e2c00000, 0x00000007e2c00000| Untracked 
|  45|0x00000007e2d00000, 0x00000007e2d00000, 0x00000007e2e00000|  0%| F|  |TAMS 0x00000007e2d00000, 0x00000007e2d00000| Untracked 
|  46|0x00000007e2e00000, 0x00000007e2e00000, 0x00000007e2f00000|  0%| F|  |TAMS 0x00000007e2e00000, 0x00000007e2e00000| Untracked 
|  47|0x00000007e2f00000, 0x00000007e2f00000, 0x00000007e3000000|  0%| F|  |TAMS 0x00000007e2f00000, 0x00000007e2f00000| Untracked 
|  48|0x00000007e3000000, 0x00000007e3000000, 0x00000007e3100000|  0%| F|  |TAMS 0x00000007e3000000, 0x00000007e3000000| Untracked 
|  49|0x00000007e3100000, 0x00000007e3100000, 0x00000007e3200000|  0%| F|  |TAMS 0x00000007e3100000, 0x00000007e3100000| Untracked 
|  50|0x00000007e3200000, 0x00000007e3200000, 0x00000007e3300000|  0%| F|  |TAMS 0x00000007e3200000, 0x00000007e3200000| Untracked 
|  51|0x00000007e3300000, 0x00000007e3300000, 0x00000007e3400000|  0%| F|  |TAMS 0x00000007e3300000, 0x00000007e3300000| Untracked 
|  52|0x00000007e3400000, 0x00000007e3400000, 0x00000007e3500000|  0%| F|  |TAMS 0x00000007e3400000, 0x00000007e3400000| Untracked 
|  53|0x00000007e3500000, 0x00000007e3500000, 0x00000007e3600000|  0%| F|  |TAMS 0x00000007e3500000, 0x00000007e3500000| Untracked 
|  54|0x00000007e3600000, 0x00000007e3600000, 0x00000007e3700000|  0%| F|  |TAMS 0x00000007e3600000, 0x00000007e3600000| Untracked 
|  55|0x00000007e3700000, 0x00000007e3700000, 0x00000007e3800000|  0%| F|  |TAMS 0x00000007e3700000, 0x00000007e3700000| Untracked 
|  56|0x00000007e3800000, 0x00000007e3800000, 0x00000007e3900000|  0%| F|  |TAMS 0x00000007e3800000, 0x00000007e3800000| Untracked 
|  57|0x00000007e3900000, 0x00000007e3900000, 0x00000007e3a00000|  0%| F|  |TAMS 0x00000007e3900000, 0x00000007e3900000| Untracked 
|  58|0x00000007e3a00000, 0x00000007e3a00000, 0x00000007e3b00000|  0%| F|  |TAMS 0x00000007e3a00000, 0x00000007e3a00000| Untracked 
|  59|0x00000007e3b00000, 0x00000007e3b00000, 0x00000007e3c00000|  0%| F|  |TAMS 0x00000007e3b00000, 0x00000007e3b00000| Untracked 
|  60|0x00000007e3c00000, 0x00000007e3c00000, 0x00000007e3d00000|  0%| F|  |TAMS 0x00000007e3c00000, 0x00000007e3c00000| Untracked 
|  61|0x00000007e3d00000, 0x00000007e3d00000, 0x00000007e3e00000|  0%| F|  |TAMS 0x00000007e3d00000, 0x00000007e3d00000| Untracked 
|  62|0x00000007e3e00000, 0x00000007e3e00000, 0x00000007e3f00000|  0%| F|  |TAMS 0x00000007e3e00000, 0x00000007e3e00000| Untracked 
|  63|0x00000007e3f00000, 0x00000007e3f00000, 0x00000007e4000000|  0%| F|  |TAMS 0x00000007e3f00000, 0x00000007e3f00000| Untracked 
|  64|0x00000007e4000000, 0x00000007e4000000, 0x00000007e4100000|  0%| F|  |TAMS 0x00000007e4000000, 0x00000007e4000000| Untracked 
|  65|0x00000007e4100000, 0x00000007e4100000, 0x00000007e4200000|  0%| F|  |TAMS 0x00000007e4100000, 0x00000007e4100000| Untracked 
|  66|0x00000007e4200000, 0x00000007e4200000, 0x00000007e4300000|  0%| F|  |TAMS 0x00000007e4200000, 0x00000007e4200000| Untracked 
|  67|0x00000007e4300000, 0x00000007e4300000, 0x00000007e4400000|  0%| F|  |TAMS 0x00000007e4300000, 0x00000007e4300000| Untracked 
|  68|0x00000007e4400000, 0x00000007e4400000, 0x00000007e4500000|  0%| F|  |TAMS 0x00000007e4400000, 0x00000007e4400000| Untracked 
|  69|0x00000007e4500000, 0x00000007e4500000, 0x00000007e4600000|  0%| F|  |TAMS 0x00000007e4500000, 0x00000007e4500000| Untracked 
|  70|0x00000007e4600000, 0x00000007e4600000, 0x00000007e4700000|  0%| F|  |TAMS 0x00000007e4600000, 0x00000007e4600000| Untracked 
|  71|0x00000007e4700000, 0x00000007e4700000, 0x00000007e4800000|  0%| F|  |TAMS 0x00000007e4700000, 0x00000007e4700000| Untracked 
|  72|0x00000007e4800000, 0x00000007e4800000, 0x00000007e4900000|  0%| F|  |TAMS 0x00000007e4800000, 0x00000007e4800000| Untracked 
|  73|0x00000007e4900000, 0x00000007e4900000, 0x00000007e4a00000|  0%| F|  |TAMS 0x00000007e4900000, 0x00000007e4900000| Untracked 
|  74|0x00000007e4a00000, 0x00000007e4a00000, 0x00000007e4b00000|  0%| F|  |TAMS 0x00000007e4a00000, 0x00000007e4a00000| Untracked 
|  75|0x00000007e4b00000, 0x00000007e4b00000, 0x00000007e4c00000|  0%| F|  |TAMS 0x00000007e4b00000, 0x00000007e4b00000| Untracked 
|  76|0x00000007e4c00000, 0x00000007e4c00000, 0x00000007e4d00000|  0%| F|  |TAMS 0x00000007e4c00000, 0x00000007e4c00000| Untracked 
|  77|0x00000007e4d00000, 0x00000007e4d00000, 0x00000007e4e00000|  0%| F|  |TAMS 0x00000007e4d00000, 0x00000007e4d00000| Untracked 
|  78|0x00000007e4e00000, 0x00000007e4e00000, 0x00000007e4f00000|  0%| F|  |TAMS 0x00000007e4e00000, 0x00000007e4e00000| Untracked 
|  79|0x00000007e4f00000, 0x00000007e4f00000, 0x00000007e5000000|  0%| F|  |TAMS 0x00000007e4f00000, 0x00000007e4f00000| Untracked 
|  80|0x00000007e5000000, 0x00000007e5000000, 0x00000007e5100000|  0%| F|  |TAMS 0x00000007e5000000, 0x00000007e5000000| Untracked 
|  81|0x00000007e5100000, 0x00000007e5100000, 0x00000007e5200000|  0%| F|  |TAMS 0x00000007e5100000, 0x00000007e5100000| Untracked 
|  82|0x00000007e5200000, 0x00000007e5200000, 0x00000007e5300000|  0%| F|  |TAMS 0x00000007e5200000, 0x00000007e5200000| Untracked 
|  83|0x00000007e5300000, 0x00000007e5300000, 0x00000007e5400000|  0%| F|  |TAMS 0x00000007e5300000, 0x00000007e5300000| Untracked 
|  84|0x00000007e5400000, 0x00000007e5400000, 0x00000007e5500000|  0%| F|  |TAMS 0x00000007e5400000, 0x00000007e5400000| Untracked 
|  85|0x00000007e5500000, 0x00000007e5500000, 0x00000007e5600000|  0%| F|  |TAMS 0x00000007e5500000, 0x00000007e5500000| Untracked 
|  86|0x00000007e5600000, 0x00000007e5600000, 0x00000007e5700000|  0%| F|  |TAMS 0x00000007e5600000, 0x00000007e5600000| Untracked 
|  87|0x00000007e5700000, 0x00000007e5700000, 0x00000007e5800000|  0%| F|  |TAMS 0x00000007e5700000, 0x00000007e5700000| Untracked 
|  88|0x00000007e5800000, 0x00000007e5800000, 0x00000007e5900000|  0%| F|  |TAMS 0x00000007e5800000, 0x00000007e5800000| Untracked 
|  89|0x00000007e5900000, 0x00000007e5900000, 0x00000007e5a00000|  0%| F|  |TAMS 0x00000007e5900000, 0x00000007e5900000| Untracked 
|  90|0x00000007e5a00000, 0x00000007e5a00000, 0x00000007e5b00000|  0%| F|  |TAMS 0x00000007e5a00000, 0x00000007e5a00000| Untracked 
|  91|0x00000007e5b00000, 0x00000007e5b00000, 0x00000007e5c00000|  0%| F|  |TAMS 0x00000007e5b00000, 0x00000007e5b00000| Untracked 
|  92|0x00000007e5c00000, 0x00000007e5c00000, 0x00000007e5d00000|  0%| F|  |TAMS 0x00000007e5c00000, 0x00000007e5c00000| Untracked 
|  93|0x00000007e5d00000, 0x00000007e5d00000, 0x00000007e5e00000|  0%| F|  |TAMS 0x00000007e5d00000, 0x00000007e5d00000| Untracked 
|  94|0x00000007e5e00000, 0x00000007e5e00000, 0x00000007e5f00000|  0%| F|  |TAMS 0x00000007e5e00000, 0x00000007e5e00000| Untracked 
|  95|0x00000007e5f00000, 0x00000007e5f00000, 0x00000007e6000000|  0%| F|  |TAMS 0x00000007e5f00000, 0x00000007e5f00000| Untracked 
|  96|0x00000007e6000000, 0x00000007e6000000, 0x00000007e6100000|  0%| F|  |TAMS 0x00000007e6000000, 0x00000007e6000000| Untracked 
|  97|0x00000007e6100000, 0x00000007e6100000, 0x00000007e6200000|  0%| F|  |TAMS 0x00000007e6100000, 0x00000007e6100000| Untracked 
|  98|0x00000007e6200000, 0x00000007e6200000, 0x00000007e6300000|  0%| F|  |TAMS 0x00000007e6200000, 0x00000007e6200000| Untracked 
|  99|0x00000007e6300000, 0x00000007e6300000, 0x00000007e6400000|  0%| F|  |TAMS 0x00000007e6300000, 0x00000007e6300000| Untracked 
| 100|0x00000007e6400000, 0x00000007e6400000, 0x00000007e6500000|  0%| F|  |TAMS 0x00000007e6400000, 0x00000007e6400000| Untracked 
| 101|0x00000007e6500000, 0x00000007e6500000, 0x00000007e6600000|  0%| F|  |TAMS 0x00000007e6500000, 0x00000007e6500000| Untracked 
| 102|0x00000007e6600000, 0x00000007e6600000, 0x00000007e6700000|  0%| F|  |TAMS 0x00000007e6600000, 0x00000007e6600000| Untracked 
| 103|0x00000007e6700000, 0x00000007e6700000, 0x00000007e6800000|  0%| F|  |TAMS 0x00000007e6700000, 0x00000007e6700000| Untracked 
| 104|0x00000007e6800000, 0x00000007e6800000, 0x00000007e6900000|  0%| F|  |TAMS 0x00000007e6800000, 0x00000007e6800000| Untracked 
| 105|0x00000007e6900000, 0x00000007e6900000, 0x00000007e6a00000|  0%| F|  |TAMS 0x00000007e6900000, 0x00000007e6900000| Untracked 
| 106|0x00000007e6a00000, 0x00000007e6a00000, 0x00000007e6b00000|  0%| F|  |TAMS 0x00000007e6a00000, 0x00000007e6a00000| Untracked 
| 107|0x00000007e6b00000, 0x00000007e6b00000, 0x00000007e6c00000|  0%| F|  |TAMS 0x00000007e6b00000, 0x00000007e6b00000| Untracked 
| 108|0x00000007e6c00000, 0x00000007e6c00000, 0x00000007e6d00000|  0%| F|  |TAMS 0x00000007e6c00000, 0x00000007e6c00000| Untracked 
| 109|0x00000007e6d00000, 0x00000007e6d00000, 0x00000007e6e00000|  0%| F|  |TAMS 0x00000007e6d00000, 0x00000007e6d00000| Untracked 
| 110|0x00000007e6e00000, 0x00000007e6e00000, 0x00000007e6f00000|  0%| F|  |TAMS 0x00000007e6e00000, 0x00000007e6e00000| Untracked 
| 111|0x00000007e6f00000, 0x00000007e6f00000, 0x00000007e7000000|  0%| F|  |TAMS 0x00000007e6f00000, 0x00000007e6f00000| Untracked 
| 112|0x00000007e7000000, 0x00000007e7000000, 0x00000007e7100000|  0%| F|  |TAMS 0x00000007e7000000, 0x00000007e7000000| Untracked 
| 113|0x00000007e7100000, 0x00000007e7100000, 0x00000007e7200000|  0%| F|  |TAMS 0x00000007e7100000, 0x00000007e7100000| Untracked 
| 114|0x00000007e7200000, 0x00000007e7200000, 0x00000007e7300000|  0%| F|  |TAMS 0x00000007e7200000, 0x00000007e7200000| Untracked 
| 115|0x00000007e7300000, 0x00000007e73a6e58, 0x00000007e7400000| 65%| E|  |TAMS 0x00000007e7300000, 0x00000007e7300000| Complete 
| 116|0x00000007e7400000, 0x00000007e7500000, 0x00000007e7500000|100%| E|CS|TAMS 0x00000007e7400000, 0x00000007e7400000| Complete 
| 117|0x00000007e7500000, 0x00000007e7600000, 0x00000007e7600000|100%| E|CS|TAMS 0x00000007e7500000, 0x00000007e7500000| Complete 
| 118|0x00000007e7600000, 0x00000007e7700000, 0x00000007e7700000|100%| E|CS|TAMS 0x00000007e7600000, 0x00000007e7600000| Complete 
| 119|0x00000007e7700000, 0x00000007e7800000, 0x00000007e7800000|100%| E|  |TAMS 0x00000007e7700000, 0x00000007e7700000| Complete 
| 120|0x00000007e7800000, 0x00000007e7900000, 0x00000007e7900000|100%| E|CS|TAMS 0x00000007e7800000, 0x00000007e7800000| Complete 
| 121|0x00000007e7900000, 0x00000007e7a00000, 0x00000007e7a00000|100%| E|CS|TAMS 0x00000007e7900000, 0x00000007e7900000| Complete 
| 122|0x00000007e7a00000, 0x00000007e7b00000, 0x00000007e7b00000|100%| E|CS|TAMS 0x00000007e7a00000, 0x00000007e7a00000| Complete 
| 123|0x00000007e7b00000, 0x00000007e7c00000, 0x00000007e7c00000|100%| E|CS|TAMS 0x00000007e7b00000, 0x00000007e7b00000| Complete 
| 124|0x00000007e7c00000, 0x00000007e7d00000, 0x00000007e7d00000|100%| E|CS|TAMS 0x00000007e7c00000, 0x00000007e7c00000| Complete 
| 125|0x00000007e7d00000, 0x00000007e7e00000, 0x00000007e7e00000|100%| E|CS|TAMS 0x00000007e7d00000, 0x00000007e7d00000| Complete 
| 126|0x00000007e7e00000, 0x00000007e7f00000, 0x00000007e7f00000|100%| E|CS|TAMS 0x00000007e7e00000, 0x00000007e7e00000| Complete 
| 127|0x00000007e7f00000, 0x00000007e8000000, 0x00000007e8000000|100%| E|CS|TAMS 0x00000007e7f00000, 0x00000007e7f00000| Complete 
| 128|0x00000007e8000000, 0x00000007e8100000, 0x00000007e8100000|100%| E|CS|TAMS 0x00000007e8000000, 0x00000007e8000000| Complete 
| 129|0x00000007e8100000, 0x00000007e8200000, 0x00000007e8200000|100%| E|CS|TAMS 0x00000007e8100000, 0x00000007e8100000| Complete 
| 130|0x00000007e8200000, 0x00000007e8300000, 0x00000007e8300000|100%| E|CS|TAMS 0x00000007e8200000, 0x00000007e8200000| Complete 
| 131|0x00000007e8300000, 0x00000007e8400000, 0x00000007e8400000|100%| E|CS|TAMS 0x00000007e8300000, 0x00000007e8300000| Complete 
| 132|0x00000007e8400000, 0x00000007e8500000, 0x00000007e8500000|100%| E|CS|TAMS 0x00000007e8400000, 0x00000007e8400000| Complete 
| 133|0x00000007e8500000, 0x00000007e8600000, 0x00000007e8600000|100%| E|CS|TAMS 0x00000007e8500000, 0x00000007e8500000| Complete 
| 134|0x00000007e8600000, 0x00000007e8700000, 0x00000007e8700000|100%| E|CS|TAMS 0x00000007e8600000, 0x00000007e8600000| Complete 
| 135|0x00000007e8700000, 0x00000007e8800000, 0x00000007e8800000|100%| E|CS|TAMS 0x00000007e8700000, 0x00000007e8700000| Complete 
| 136|0x00000007e8800000, 0x00000007e8900000, 0x00000007e8900000|100%| E|CS|TAMS 0x00000007e8800000, 0x00000007e8800000| Complete 
| 137|0x00000007e8900000, 0x00000007e8a00000, 0x00000007e8a00000|100%| E|CS|TAMS 0x00000007e8900000, 0x00000007e8900000| Complete 
| 138|0x00000007e8a00000, 0x00000007e8b00000, 0x00000007e8b00000|100%| E|CS|TAMS 0x00000007e8a00000, 0x00000007e8a00000| Complete 
| 139|0x00000007e8b00000, 0x00000007e8c00000, 0x00000007e8c00000|100%| E|CS|TAMS 0x00000007e8b00000, 0x00000007e8b00000| Complete 
| 140|0x00000007e8c00000, 0x00000007e8d00000, 0x00000007e8d00000|100%| E|CS|TAMS 0x00000007e8c00000, 0x00000007e8c00000| Complete 
| 141|0x00000007e8d00000, 0x00000007e8e00000, 0x00000007e8e00000|100%| E|CS|TAMS 0x00000007e8d00000, 0x00000007e8d00000| Complete 
| 142|0x00000007e8e00000, 0x00000007e8f00000, 0x00000007e8f00000|100%| E|CS|TAMS 0x00000007e8e00000, 0x00000007e8e00000| Complete 
| 143|0x00000007e8f00000, 0x00000007e9000000, 0x00000007e9000000|100%| E|CS|TAMS 0x00000007e8f00000, 0x00000007e8f00000| Complete 
| 144|0x00000007e9000000, 0x00000007e9100000, 0x00000007e9100000|100%| E|CS|TAMS 0x00000007e9000000, 0x00000007e9000000| Complete 
| 145|0x00000007e9100000, 0x00000007e9200000, 0x00000007e9200000|100%| E|CS|TAMS 0x00000007e9100000, 0x00000007e9100000| Complete 
| 146|0x00000007e9200000, 0x00000007e9300000, 0x00000007e9300000|100%| E|CS|TAMS 0x00000007e9200000, 0x00000007e9200000| Complete 
| 147|0x00000007e9300000, 0x00000007e9400000, 0x00000007e9400000|100%| E|CS|TAMS 0x00000007e9300000, 0x00000007e9300000| Complete 
| 148|0x00000007e9400000, 0x00000007e9500000, 0x00000007e9500000|100%| E|CS|TAMS 0x00000007e9400000, 0x00000007e9400000| Complete 
| 149|0x00000007e9500000, 0x00000007e9600000, 0x00000007e9600000|100%| E|CS|TAMS 0x00000007e9500000, 0x00000007e9500000| Complete 
| 150|0x00000007e9600000, 0x00000007e9700000, 0x00000007e9700000|100%| E|CS|TAMS 0x00000007e9600000, 0x00000007e9600000| Complete 
| 151|0x00000007e9700000, 0x00000007e9800000, 0x00000007e9800000|100%| E|CS|TAMS 0x00000007e9700000, 0x00000007e9700000| Complete 
| 152|0x00000007e9800000, 0x00000007e9900000, 0x00000007e9900000|100%| E|CS|TAMS 0x00000007e9800000, 0x00000007e9800000| Complete 
| 153|0x00000007e9900000, 0x00000007e9a00000, 0x00000007e9a00000|100%| E|CS|TAMS 0x00000007e9900000, 0x00000007e9900000| Complete 
| 154|0x00000007e9a00000, 0x00000007e9b00000, 0x00000007e9b00000|100%| E|CS|TAMS 0x00000007e9a00000, 0x00000007e9a00000| Complete 
| 155|0x00000007e9b00000, 0x00000007e9c00000, 0x00000007e9c00000|100%| E|CS|TAMS 0x00000007e9b00000, 0x00000007e9b00000| Complete 
| 156|0x00000007e9c00000, 0x00000007e9d00000, 0x00000007e9d00000|100%| E|CS|TAMS 0x00000007e9c00000, 0x00000007e9c00000| Complete 
| 157|0x00000007e9d00000, 0x00000007e9e00000, 0x00000007e9e00000|100%| E|CS|TAMS 0x00000007e9d00000, 0x00000007e9d00000| Complete 
| 158|0x00000007e9e00000, 0x00000007e9f00000, 0x00000007e9f00000|100%| E|CS|TAMS 0x00000007e9e00000, 0x00000007e9e00000| Complete 
| 159|0x00000007e9f00000, 0x00000007ea000000, 0x00000007ea000000|100%| E|CS|TAMS 0x00000007e9f00000, 0x00000007e9f00000| Complete 
| 160|0x00000007ea000000, 0x00000007ea100000, 0x00000007ea100000|100%| E|CS|TAMS 0x00000007ea000000, 0x00000007ea000000| Complete 
| 161|0x00000007ea100000, 0x00000007ea200000, 0x00000007ea200000|100%| E|CS|TAMS 0x00000007ea100000, 0x00000007ea100000| Complete 
| 162|0x00000007ea200000, 0x00000007ea300000, 0x00000007ea300000|100%| E|CS|TAMS 0x00000007ea200000, 0x00000007ea200000| Complete 
| 163|0x00000007ea300000, 0x00000007ea400000, 0x00000007ea400000|100%| E|CS|TAMS 0x00000007ea300000, 0x00000007ea300000| Complete 
| 164|0x00000007ea400000, 0x00000007ea500000, 0x00000007ea500000|100%| E|CS|TAMS 0x00000007ea400000, 0x00000007ea400000| Complete 
| 165|0x00000007ea500000, 0x00000007ea600000, 0x00000007ea600000|100%| E|CS|TAMS 0x00000007ea500000, 0x00000007ea500000| Complete 
| 166|0x00000007ea600000, 0x00000007ea700000, 0x00000007ea700000|100%| E|CS|TAMS 0x00000007ea600000, 0x00000007ea600000| Complete 
| 167|0x00000007ea700000, 0x00000007ea800000, 0x00000007ea800000|100%| E|CS|TAMS 0x00000007ea700000, 0x00000007ea700000| Complete 
| 168|0x00000007ea800000, 0x00000007ea900000, 0x00000007ea900000|100%| E|CS|TAMS 0x00000007ea800000, 0x00000007ea800000| Complete 
| 169|0x00000007ea900000, 0x00000007eaa00000, 0x00000007eaa00000|100%| E|CS|TAMS 0x00000007ea900000, 0x00000007ea900000| Complete 
| 170|0x00000007eaa00000, 0x00000007eab00000, 0x00000007eab00000|100%| E|CS|TAMS 0x00000007eaa00000, 0x00000007eaa00000| Complete 
| 171|0x00000007eab00000, 0x00000007eac00000, 0x00000007eac00000|100%| E|CS|TAMS 0x00000007eab00000, 0x00000007eab00000| Complete 
| 172|0x00000007eac00000, 0x00000007ead00000, 0x00000007ead00000|100%| E|CS|TAMS 0x00000007eac00000, 0x00000007eac00000| Complete 
| 173|0x00000007ead00000, 0x00000007eae00000, 0x00000007eae00000|100%| E|CS|TAMS 0x00000007ead00000, 0x00000007ead00000| Complete 
| 174|0x00000007eae00000, 0x00000007eaf00000, 0x00000007eaf00000|100%| E|CS|TAMS 0x00000007eae00000, 0x00000007eae00000| Complete 
| 175|0x00000007eaf00000, 0x00000007eb000000, 0x00000007eb000000|100%| E|CS|TAMS 0x00000007eaf00000, 0x00000007eaf00000| Complete 
| 176|0x00000007eb000000, 0x00000007eb100000, 0x00000007eb100000|100%| E|CS|TAMS 0x00000007eb000000, 0x00000007eb000000| Complete 
| 177|0x00000007eb100000, 0x00000007eb200000, 0x00000007eb200000|100%| E|CS|TAMS 0x00000007eb100000, 0x00000007eb100000| Complete 
| 178|0x00000007eb200000, 0x00000007eb300000, 0x00000007eb300000|100%| E|CS|TAMS 0x00000007eb200000, 0x00000007eb200000| Complete 
| 179|0x00000007eb300000, 0x00000007eb400000, 0x00000007eb400000|100%| E|CS|TAMS 0x00000007eb300000, 0x00000007eb300000| Complete 
| 180|0x00000007eb400000, 0x00000007eb500000, 0x00000007eb500000|100%| E|CS|TAMS 0x00000007eb400000, 0x00000007eb400000| Complete 
| 181|0x00000007eb500000, 0x00000007eb600000, 0x00000007eb600000|100%| E|CS|TAMS 0x00000007eb500000, 0x00000007eb500000| Complete 
| 182|0x00000007eb600000, 0x00000007eb700000, 0x00000007eb700000|100%| E|CS|TAMS 0x00000007eb600000, 0x00000007eb600000| Complete 
| 183|0x00000007eb700000, 0x00000007eb800000, 0x00000007eb800000|100%| E|CS|TAMS 0x00000007eb700000, 0x00000007eb700000| Complete 
| 184|0x00000007eb800000, 0x00000007eb900000, 0x00000007eb900000|100%| E|CS|TAMS 0x00000007eb800000, 0x00000007eb800000| Complete 
| 185|0x00000007eb900000, 0x00000007eba00000, 0x00000007eba00000|100%| E|CS|TAMS 0x00000007eb900000, 0x00000007eb900000| Complete 
| 186|0x00000007eba00000, 0x00000007ebb00000, 0x00000007ebb00000|100%| E|CS|TAMS 0x00000007eba00000, 0x00000007eba00000| Complete 
| 187|0x00000007ebb00000, 0x00000007ebc00000, 0x00000007ebc00000|100%| E|CS|TAMS 0x00000007ebb00000, 0x00000007ebb00000| Complete 
| 188|0x00000007ebc00000, 0x00000007ebd00000, 0x00000007ebd00000|100%| E|CS|TAMS 0x00000007ebc00000, 0x00000007ebc00000| Complete 
| 189|0x00000007ebd00000, 0x00000007ebe00000, 0x00000007ebe00000|100%| E|CS|TAMS 0x00000007ebd00000, 0x00000007ebd00000| Complete 
| 190|0x00000007ebe00000, 0x00000007ebf00000, 0x00000007ebf00000|100%| E|CS|TAMS 0x00000007ebe00000, 0x00000007ebe00000| Complete 
| 191|0x00000007ebf00000, 0x00000007ec000000, 0x00000007ec000000|100%| E|CS|TAMS 0x00000007ebf00000, 0x00000007ebf00000| Complete 
| 192|0x00000007ec000000, 0x00000007ec100000, 0x00000007ec100000|100%| E|CS|TAMS 0x00000007ec000000, 0x00000007ec000000| Complete 
| 193|0x00000007ec100000, 0x00000007ec200000, 0x00000007ec200000|100%| E|CS|TAMS 0x00000007ec100000, 0x00000007ec100000| Complete 
| 194|0x00000007ec200000, 0x00000007ec300000, 0x00000007ec300000|100%| E|CS|TAMS 0x00000007ec200000, 0x00000007ec200000| Complete 
| 195|0x00000007ec300000, 0x00000007ec400000, 0x00000007ec400000|100%| E|CS|TAMS 0x00000007ec300000, 0x00000007ec300000| Complete 
| 196|0x00000007ec400000, 0x00000007ec500000, 0x00000007ec500000|100%| E|CS|TAMS 0x00000007ec400000, 0x00000007ec400000| Complete 
| 197|0x00000007ec500000, 0x00000007ec600000, 0x00000007ec600000|100%| E|CS|TAMS 0x00000007ec500000, 0x00000007ec500000| Complete 
| 198|0x00000007ec600000, 0x00000007ec700000, 0x00000007ec700000|100%| E|CS|TAMS 0x00000007ec600000, 0x00000007ec600000| Complete 
| 199|0x00000007ec700000, 0x00000007ec800000, 0x00000007ec800000|100%| E|CS|TAMS 0x00000007ec700000, 0x00000007ec700000| Complete 
| 200|0x00000007ec800000, 0x00000007ec900000, 0x00000007ec900000|100%| E|CS|TAMS 0x00000007ec800000, 0x00000007ec800000| Complete 
| 201|0x00000007ec900000, 0x00000007eca00000, 0x00000007eca00000|100%| E|CS|TAMS 0x00000007ec900000, 0x00000007ec900000| Complete 
| 202|0x00000007eca00000, 0x00000007ecb00000, 0x00000007ecb00000|100%| E|CS|TAMS 0x00000007eca00000, 0x00000007eca00000| Complete 
| 203|0x00000007ecb00000, 0x00000007ecc00000, 0x00000007ecc00000|100%| E|CS|TAMS 0x00000007ecb00000, 0x00000007ecb00000| Complete 
| 204|0x00000007ecc00000, 0x00000007ecd00000, 0x00000007ecd00000|100%| E|CS|TAMS 0x00000007ecc00000, 0x00000007ecc00000| Complete 
| 205|0x00000007ecd00000, 0x00000007ece00000, 0x00000007ece00000|100%| E|CS|TAMS 0x00000007ecd00000, 0x00000007ecd00000| Complete 
| 206|0x00000007ece00000, 0x00000007ecf00000, 0x00000007ecf00000|100%| E|CS|TAMS 0x00000007ece00000, 0x00000007ece00000| Complete 
| 207|0x00000007ecf00000, 0x00000007ed000000, 0x00000007ed000000|100%| E|CS|TAMS 0x00000007ecf00000, 0x00000007ecf00000| Complete 
| 208|0x00000007ed000000, 0x00000007ed100000, 0x00000007ed100000|100%| E|CS|TAMS 0x00000007ed000000, 0x00000007ed000000| Complete 
| 209|0x00000007ed100000, 0x00000007ed200000, 0x00000007ed200000|100%| E|CS|TAMS 0x00000007ed100000, 0x00000007ed100000| Complete 
| 210|0x00000007ed200000, 0x00000007ed24d4d0, 0x00000007ed300000| 30%| S|CS|TAMS 0x00000007ed200000, 0x00000007ed200000| Complete 
| 211|0x00000007ed300000, 0x00000007ed400000, 0x00000007ed400000|100%| S|CS|TAMS 0x00000007ed300000, 0x00000007ed300000| Complete 
| 212|0x00000007ed400000, 0x00000007ed500000, 0x00000007ed500000|100%| S|CS|TAMS 0x00000007ed400000, 0x00000007ed400000| Complete 
| 213|0x00000007ed500000, 0x00000007ed600000, 0x00000007ed600000|100%| S|CS|TAMS 0x00000007ed500000, 0x00000007ed500000| Complete 
| 214|0x00000007ed600000, 0x00000007ed700000, 0x00000007ed700000|100%| S|CS|TAMS 0x00000007ed600000, 0x00000007ed600000| Complete 
| 215|0x00000007ed700000, 0x00000007ed800000, 0x00000007ed800000|100%| S|CS|TAMS 0x00000007ed700000, 0x00000007ed700000| Complete 
| 216|0x00000007ed800000, 0x00000007ed900000, 0x00000007ed900000|100%| S|CS|TAMS 0x00000007ed800000, 0x00000007ed800000| Complete 
| 217|0x00000007ed900000, 0x00000007eda00000, 0x00000007eda00000|100%| E|CS|TAMS 0x00000007ed900000, 0x00000007ed900000| Complete 
| 218|0x00000007eda00000, 0x00000007edb00000, 0x00000007edb00000|100%| E|CS|TAMS 0x00000007eda00000, 0x00000007eda00000| Complete 
| 219|0x00000007edb00000, 0x00000007edc00000, 0x00000007edc00000|100%| E|CS|TAMS 0x00000007edb00000, 0x00000007edb00000| Complete 
| 220|0x00000007edc00000, 0x00000007edd00000, 0x00000007edd00000|100%| E|CS|TAMS 0x00000007edc00000, 0x00000007edc00000| Complete 
| 221|0x00000007edd00000, 0x00000007ede00000, 0x00000007ede00000|100%| E|CS|TAMS 0x00000007edd00000, 0x00000007edd00000| Complete 
| 222|0x00000007ede00000, 0x00000007edf00000, 0x00000007edf00000|100%| E|CS|TAMS 0x00000007ede00000, 0x00000007ede00000| Complete 
| 223|0x00000007edf00000, 0x00000007ee000000, 0x00000007ee000000|100%| E|CS|TAMS 0x00000007edf00000, 0x00000007edf00000| Complete 
| 224|0x00000007ee000000, 0x00000007ee100000, 0x00000007ee100000|100%| E|CS|TAMS 0x00000007ee000000, 0x00000007ee000000| Complete 
| 225|0x00000007ee100000, 0x00000007ee200000, 0x00000007ee200000|100%| E|CS|TAMS 0x00000007ee100000, 0x00000007ee100000| Complete 
| 226|0x00000007ee200000, 0x00000007ee300000, 0x00000007ee300000|100%| E|CS|TAMS 0x00000007ee200000, 0x00000007ee200000| Complete 
| 227|0x00000007ee300000, 0x00000007ee400000, 0x00000007ee400000|100%| E|CS|TAMS 0x00000007ee300000, 0x00000007ee300000| Complete 
| 228|0x00000007ee400000, 0x00000007ee500000, 0x00000007ee500000|100%| E|CS|TAMS 0x00000007ee400000, 0x00000007ee400000| Complete 
| 229|0x00000007ee500000, 0x00000007ee600000, 0x00000007ee600000|100%| E|CS|TAMS 0x00000007ee500000, 0x00000007ee500000| Complete 
| 230|0x00000007ee600000, 0x00000007ee700000, 0x00000007ee700000|100%| E|CS|TAMS 0x00000007ee600000, 0x00000007ee600000| Complete 
| 231|0x00000007ee700000, 0x00000007ee800000, 0x00000007ee800000|100%| E|CS|TAMS 0x00000007ee700000, 0x00000007ee700000| Complete 
| 232|0x00000007ee800000, 0x00000007ee900000, 0x00000007ee900000|100%| E|CS|TAMS 0x00000007ee800000, 0x00000007ee800000| Complete 
| 233|0x00000007ee900000, 0x00000007eea00000, 0x00000007eea00000|100%| E|CS|TAMS 0x00000007ee900000, 0x00000007ee900000| Complete 
| 234|0x00000007eea00000, 0x00000007eeb00000, 0x00000007eeb00000|100%| E|CS|TAMS 0x00000007eea00000, 0x00000007eea00000| Complete 
| 235|0x00000007eeb00000, 0x00000007eec00000, 0x00000007eec00000|100%| E|CS|TAMS 0x00000007eeb00000, 0x00000007eeb00000| Complete 
| 236|0x00000007eec00000, 0x00000007eed00000, 0x00000007eed00000|100%| E|CS|TAMS 0x00000007eec00000, 0x00000007eec00000| Complete 
| 237|0x00000007eed00000, 0x00000007eee00000, 0x00000007eee00000|100%| E|CS|TAMS 0x00000007eed00000, 0x00000007eed00000| Complete 
| 238|0x00000007eee00000, 0x00000007eef00000, 0x00000007eef00000|100%| E|CS|TAMS 0x00000007eee00000, 0x00000007eee00000| Complete 
| 239|0x00000007eef00000, 0x00000007ef000000, 0x00000007ef000000|100%| E|CS|TAMS 0x00000007eef00000, 0x00000007eef00000| Complete 
| 240|0x00000007ef000000, 0x00000007ef100000, 0x00000007ef100000|100%| E|CS|TAMS 0x00000007ef000000, 0x00000007ef000000| Complete 
| 241|0x00000007ef100000, 0x00000007ef200000, 0x00000007ef200000|100%| E|CS|TAMS 0x00000007ef100000, 0x00000007ef100000| Complete 
| 242|0x00000007ef200000, 0x00000007ef300000, 0x00000007ef300000|100%| E|CS|TAMS 0x00000007ef200000, 0x00000007ef200000| Complete 
| 243|0x00000007ef300000, 0x00000007ef400000, 0x00000007ef400000|100%| E|CS|TAMS 0x00000007ef300000, 0x00000007ef300000| Complete 
| 244|0x00000007ef400000, 0x00000007ef500000, 0x00000007ef500000|100%| E|CS|TAMS 0x00000007ef400000, 0x00000007ef400000| Complete 
| 245|0x00000007ef500000, 0x00000007ef600000, 0x00000007ef600000|100%| E|CS|TAMS 0x00000007ef500000, 0x00000007ef500000| Complete 
| 246|0x00000007ef600000, 0x00000007ef700000, 0x00000007ef700000|100%| E|CS|TAMS 0x00000007ef600000, 0x00000007ef600000| Complete 
| 247|0x00000007ef700000, 0x00000007ef800000, 0x00000007ef800000|100%| E|CS|TAMS 0x00000007ef700000, 0x00000007ef700000| Complete 
| 248|0x00000007ef800000, 0x00000007ef900000, 0x00000007ef900000|100%| E|CS|TAMS 0x00000007ef800000, 0x00000007ef800000| Complete 
| 249|0x00000007ef900000, 0x00000007efa00000, 0x00000007efa00000|100%| E|CS|TAMS 0x00000007ef900000, 0x00000007ef900000| Complete 
| 250|0x00000007efa00000, 0x00000007efb00000, 0x00000007efb00000|100%| E|CS|TAMS 0x00000007efa00000, 0x00000007efa00000| Complete 
| 251|0x00000007efb00000, 0x00000007efc00000, 0x00000007efc00000|100%| E|CS|TAMS 0x00000007efb00000, 0x00000007efb00000| Complete 
| 252|0x00000007efc00000, 0x00000007efd00000, 0x00000007efd00000|100%| E|CS|TAMS 0x00000007efc00000, 0x00000007efc00000| Complete 
| 253|0x00000007efd00000, 0x00000007efe00000, 0x00000007efe00000|100%| E|CS|TAMS 0x00000007efd00000, 0x00000007efd00000| Complete 
| 254|0x00000007efe00000, 0x00000007eff00000, 0x00000007eff00000|100%| E|CS|TAMS 0x00000007efe00000, 0x00000007efe00000| Complete 
| 255|0x00000007eff00000, 0x00000007f0000000, 0x00000007f0000000|100%| E|CS|TAMS 0x00000007eff00000, 0x00000007eff00000| Complete 

Card table byte_map: [0x0000000104f01000,0x0000000105001000] _byte_map_base: 0x0000000101001000

Marking Bits (Prev, Next): (CMBitMap*) 0x00007f992f81cc50, (CMBitMap*) 0x00007f992f81cc18
 Prev Bits: [0x000000011d7cb000, 0x000000011dfcb000)
 Next Bits: [0x0000000105101000, 0x0000000105901000)

Polling page: 0x0000000102dcc000

Metaspace:

Usage:
  Non-class:     56.51 MB capacity,    55.08 MB ( 97%) used,     1.19 MB (  2%) free+waste,   250.44 KB ( <1%) overhead. 
      Class:      9.35 MB capacity,     8.47 MB ( 91%) used,   784.75 KB (  8%) free+waste,   123.12 KB (  1%) overhead. 
       Both:     65.86 MB capacity,    63.54 MB ( 96%) used,     1.95 MB (  3%) free+waste,   373.56 KB ( <1%) overhead. 

Virtual space:
  Non-class space:       58.00 MB reserved,      56.70 MB ( 98%) committed 
      Class space:      376.00 MB reserved,       9.38 MB (  2%) committed 
             Both:      434.00 MB reserved,      66.08 MB ( 15%) committed 

Chunk freelists:
   Non-Class:  13.00 KB
       Class:  0 bytes
        Both:  13.00 KB

MaxMetaspaceSize: 384.00 MB
CompressedClassSpaceSize: 376.00 MB
Initial GC threshold: 20.80 MB
Current GC threshold: 99.30 MB
CDS: off

CodeHeap 'non-profiled nmethods': size=120032Kb used=3401Kb max_used=3401Kb free=116630Kb
 bounds [0x0000000116293000, 0x00000001165f3000, 0x000000011d7cb000]
CodeHeap 'profiled nmethods': size=120028Kb used=12388Kb max_used=12388Kb free=107639Kb
 bounds [0x000000010ed5c000, 0x000000010f97c000, 0x0000000116293000]
CodeHeap 'non-nmethods': size=5700Kb used=2315Kb max_used=2368Kb free=3384Kb
 bounds [0x000000010e7cb000, 0x000000010ea3b000, 0x000000010ed5c000]
 total_blobs=6467 nmethods=5646 adapters=734
 compilation: enabled
              stopped_count=0, restarted_count=0
 full_count=0

Compilation events (20 events):
Event: 6.433 Thread 0x00007f992f825000 5662   !   3       org.gradle.internal.event.AbstractBroadcastDispatch::dispatch (74 bytes)
Event: 6.434 Thread 0x00007f992f825000 nmethod 5662 0x000000010f965d10 code [0x000000010f966000, 0x000000010f967210]
Event: 6.435 Thread 0x00007f992f825000 5663       3       org.gradle.internal.snapshot.ChildMapFactory::childMapFromSorted (84 bytes)
Event: 6.435 Thread 0x00007f992f825000 nmethod 5663 0x000000010f967890 code [0x000000010f967ae0, 0x000000010f9684f0]
Event: 6.435 Thread 0x00007f992f825000 5664       3       org.gradle.internal.logging.sink.OutputEventListenerManager$1::onOutput (33 bytes)
Event: 6.436 Thread 0x00007f992f825000 nmethod 5664 0x000000010f968790 code [0x000000010f968960, 0x000000010f968c90]
Event: 6.440 Thread 0x00007f992f825000 5665       1       org.gradle.internal.logging.events.ProgressCompleteEvent::getProgressOperationId (5 bytes)
Event: 6.440 Thread 0x00007f992f825000 nmethod 5665 0x00000001165de110 code [0x00000001165de2c0, 0x00000001165de370]
Event: 6.445 Thread 0x00007f992f825000 5666       1       org.gradle.api.internal.file.FileCollectionStructureVisitor::startVisit (2 bytes)
Event: 6.445 Thread 0x00007f992f825000 nmethod 5666 0x00000001165de410 code [0x00000001165de5c0, 0x00000001165de670]
Event: 6.446 Thread 0x00007f992f825000 5667       3       com.google.common.cache.LocalCache::customWeigher (16 bytes)
Event: 6.446 Thread 0x00007f992f825000 nmethod 5667 0x000000010f968e10 code [0x000000010f968fc0, 0x000000010f969130]
Event: 6.454 Thread 0x00007f992f825000 5669       3       org.gradle.internal.file.FileHierarchySet$Node::isChildOfOrThis (110 bytes)
Event: 6.456 Thread 0x00007f992f825000 nmethod 5669 0x000000010f969210 code [0x000000010f969540, 0x000000010f96aaf0]
Event: 6.461 Thread 0x00007f992f825000 5670       3       com.google.common.collect.ImmutableSortedMap::get (27 bytes)
Event: 6.461 Thread 0x00007f992f825000 nmethod 5670 0x000000010f96b410 code [0x000000010f96b600, 0x000000010f96b9d0]
Event: 6.461 Thread 0x00007f992f825000 5671   !   3       com.google.common.collect.RegularImmutableSortedSet::indexOf (35 bytes)
Event: 6.461 Thread 0x00007f992f825000 nmethod 5671 0x000000010f96bb10 code [0x000000010f96bce0, 0x000000010f96bf20]
Event: 6.461 Thread 0x00007f992f825000 5672       3       java.util.Collections::binarySearch (43 bytes)
Event: 6.462 Thread 0x00007f992f825000 nmethod 5672 0x000000010f96c010 code [0x000000010f96c240, 0x000000010f96c990]

GC Heap History (16 events):
Event: 0.508 GC heap before
{Heap before GC invocations=0 (full 0):
 garbage-first heap   total 262144K, used 27648K [0x00000007e0000000, 0x0000000800000000)
  region size 1024K, 24 young (24576K), 0 survivors (0K)
 Metaspace       used 8123K, capacity 8256K, committed 8576K, reserved 393216K
  class space    used 740K, capacity 793K, committed 896K, reserved 385024K
}
Event: 0.512 GC heap after
{Heap after GC invocations=1 (full 0):
 garbage-first heap   total 262144K, used 10719K [0x00000007e0000000, 0x0000000800000000)
  region size 1024K, 3 young (3072K), 3 survivors (3072K)
 Metaspace       used 8123K, capacity 8256K, committed 8576K, reserved 393216K
  class space    used 740K, capacity 793K, committed 896K, reserved 385024K
}
Event: 1.827 GC heap before
{Heap before GC invocations=1 (full 0):
 garbage-first heap   total 262144K, used 121311K [0x00000007e0000000, 0x0000000800000000)
  region size 1024K, 110 young (112640K), 3 survivors (3072K)
 Metaspace       used 20717K, capacity 21130K, committed 21248K, reserved 405504K
  class space    used 2422K, capacity 2560K, committed 2560K, reserved 385024K
}
Event: 1.837 GC heap after
{Heap after GC invocations=2 (full 0):
 garbage-first heap   total 262144K, used 19789K [0x00000007e0000000, 0x0000000800000000)
  region size 1024K, 11 young (11264K), 11 survivors (11264K)
 Metaspace       used 20717K, capacity 21130K, committed 21248K, reserved 405504K
  class space    used 2422K, capacity 2560K, committed 2560K, reserved 385024K
}
Event: 2.087 GC heap before
{Heap before GC invocations=3 (full 0):
 garbage-first heap   total 262144K, used 60749K [0x00000007e0000000, 0x0000000800000000)
  region size 1024K, 51 young (52224K), 11 survivors (11264K)
 Metaspace       used 23998K, capacity 24614K, committed 24956K, reserved 407552K
  class space    used 2943K, capacity 3175K, committed 3200K, reserved 385024K
}
Event: 2.096 GC heap after
{Heap after GC invocations=4 (full 0):
 garbage-first heap   total 262144K, used 20825K [0x00000007e0000000, 0x0000000800000000)
  region size 1024K, 2 young (2048K), 2 survivors (2048K)
 Metaspace       used 23998K, capacity 24614K, committed 24956K, reserved 407552K
  class space    used 2943K, capacity 3175K, committed 3200K, reserved 385024K
}
Event: 2.668 GC heap before
{Heap before GC invocations=4 (full 0):
 garbage-first heap   total 262144K, used 116057K [0x00000007e0000000, 0x0000000800000000)
  region size 1024K, 95 young (97280K), 2 survivors (2048K)
 Metaspace       used 30181K, capacity 30917K, committed 31100K, reserved 413696K
  class space    used 3928K, capacity 4209K, committed 4224K, reserved 385024K
}
Event: 2.672 GC heap after
{Heap after GC invocations=5 (full 0):
 garbage-first heap   total 262144K, used 23154K [0x00000007e0000000, 0x0000000800000000)
  region size 1024K, 4 young (4096K), 4 survivors (4096K)
 Metaspace       used 30181K, capacity 30917K, committed 31100K, reserved 413696K
  class space    used 3928K, capacity 4209K, committed 4224K, reserved 385024K
}
Event: 3.086 GC heap before
{Heap before GC invocations=5 (full 0):
 garbage-first heap   total 262144K, used 82546K [0x00000007e0000000, 0x0000000800000000)
  region size 1024K, 63 young (64512K), 4 survivors (4096K)
 Metaspace       used 35027K, capacity 35919K, committed 36048K, reserved 417792K
  class space    used 4664K, capacity 5056K, committed 5120K, reserved 385024K
}
Event: 3.094 GC heap after
{Heap after GC invocations=6 (full 0):
 garbage-first heap   total 262144K, used 24606K [0x00000007e0000000, 0x0000000800000000)
  region size 1024K, 6 young (6144K), 6 survivors (6144K)
 Metaspace       used 35027K, capacity 35919K, committed 36048K, reserved 417792K
  class space    used 4664K, capacity 5056K, committed 5120K, reserved 385024K
}
Event: 4.164 GC heap before
{Heap before GC invocations=7 (full 0):
 garbage-first heap   total 262144K, used 149534K [0x00000007e0000000, 0x0000000800000000)
  region size 1024K, 124 young (126976K), 6 survivors (6144K)
 Metaspace       used 46321K, capacity 47639K, committed 47952K, reserved 428032K
  class space    used 5951K, capacity 6465K, committed 6528K, reserved 385024K
}
Event: 4.178 GC heap after
{Heap after GC invocations=8 (full 0):
 garbage-first heap   total 262144K, used 33321K [0x00000007e0000000, 0x0000000800000000)
  region size 1024K, 14 young (14336K), 14 survivors (14336K)
 Metaspace       used 46321K, capacity 47639K, committed 47952K, reserved 428032K
  class space    used 5951K, capacity 6465K, committed 6528K, reserved 385024K
}
Event: 5.347 GC heap before
{Heap before GC invocations=8 (full 0):
 garbage-first heap   total 262144K, used 173609K [0x00000007e0000000, 0x0000000800000000)
  region size 1024K, 150 young (153600K), 14 survivors (14336K)
 Metaspace       used 55519K, capacity 57306K, committed 57680K, reserved 436224K
  class space    used 7306K, capacity 8029K, committed 8064K, reserved 385024K
}
Event: 5.364 GC heap after
{Heap after GC invocations=9 (full 0):
 garbage-first heap   total 262144K, used 37707K [0x00000007e0000000, 0x0000000800000000)
  region size 1024K, 14 young (14336K), 14 survivors (14336K)
 Metaspace       used 55519K, capacity 57306K, committed 57680K, reserved 436224K
  class space    used 7306K, capacity 8029K, committed 8064K, reserved 385024K
}
Event: 5.656 GC heap before
{Heap before GC invocations=9 (full 0):
 garbage-first heap   total 262144K, used 76619K [0x00000007e0000000, 0x0000000800000000)
  region size 1024K, 53 young (54272K), 14 survivors (14336K)
 Metaspace       used 58302K, capacity 60194K, committed 60496K, reserved 438272K
  class space    used 7703K, capacity 8458K, committed 8576K, reserved 385024K
}
Event: 5.672 GC heap after
{Heap after GC invocations=10 (full 0):
 garbage-first heap   total 262144K, used 39065K [0x00000007e0000000, 0x0000000800000000)
  region size 1024K, 7 young (7168K), 7 survivors (7168K)
 Metaspace       used 58302K, capacity 60194K, committed 60496K, reserved 438272K
  class space    used 7703K, capacity 8458K, committed 8576K, reserved 385024K
}

Deoptimization events (20 events):
Event: 6.267 Thread 0x00007f99300b2000 Uncommon trap: trap_request=0xffffff4d fr.pc=0x000000011645e318 relative=0x0000000000000358
Event: 6.267 Thread 0x00007f99300b2000 Uncommon trap: reason=unstable_if action=reinterpret pc=0x000000011645e318 method=java.util.StringJoiner.add(Ljava/lang/CharSequence;)Ljava/util/StringJoiner; @ 33 c2
Event: 6.267 Thread 0x00007f99300b2000 DEOPT PACKING pc=0x000000011645e318 sp=0x000070000239fa20
Event: 6.267 Thread 0x00007f99300b2000 DEOPT UNPACKING pc=0x000000010e814ea5 sp=0x000070000239f9d0 mode 2
Event: 6.419 Thread 0x00007f9932655000 Uncommon trap: trap_request=0xffffffde fr.pc=0x000000011657358c relative=0x000000000000024c
Event: 6.419 Thread 0x00007f9932655000 Uncommon trap: reason=class_check action=maybe_recompile pc=0x000000011657358c method=java.util.stream.StreamOpFlag.fromCharacteristics(Ljava/util/Spliterator;)I @ 14 c2
Event: 6.419 Thread 0x00007f9932655000 DEOPT PACKING pc=0x000000011657358c sp=0x0000700004200a80
Event: 6.419 Thread 0x00007f9932655000 DEOPT UNPACKING pc=0x000000010e814ea5 sp=0x0000700004200968 mode 2
Event: 6.429 Thread 0x00007f9932655000 Uncommon trap: trap_request=0xffffff4d fr.pc=0x00000001164d621c relative=0x000000000000007c
Event: 6.429 Thread 0x00007f9932655000 Uncommon trap: reason=unstable_if action=reinterpret pc=0x00000001164d621c method=java.util.Spliterator.getExactSizeIfKnown()J @ 9 c2
Event: 6.429 Thread 0x00007f9932655000 DEOPT PACKING pc=0x00000001164d621c sp=0x00007000041ffcc0
Event: 6.429 Thread 0x00007f9932655000 DEOPT UNPACKING pc=0x000000010e814ea5 sp=0x00007000041ffc78 mode 2
Event: 6.448 Thread 0x00007f9932655000 Uncommon trap: trap_request=0xffffff4d fr.pc=0x0000000116535dec relative=0x000000000000052c
Event: 6.448 Thread 0x00007f9932655000 Uncommon trap: reason=unstable_if action=reinterpret pc=0x0000000116535dec method=java.lang.String.regionMatches(ZILjava/lang/String;II)Z @ 1 c2
Event: 6.448 Thread 0x00007f9932655000 DEOPT PACKING pc=0x0000000116535dec sp=0x00007000041fcbb0
Event: 6.448 Thread 0x00007f9932655000 DEOPT UNPACKING pc=0x000000010e814ea5 sp=0x00007000041fcb80 mode 2
Event: 6.451 Thread 0x00007f9932655000 Uncommon trap: trap_request=0xffffff4d fr.pc=0x00000001165afc7c relative=0x000000000000029c
Event: 6.451 Thread 0x00007f9932655000 Uncommon trap: reason=unstable_if action=reinterpret pc=0x00000001165afc7c method=org.gradle.internal.file.FileHierarchySet$Node.isChildOfOrThis(Ljava/lang/String;I)Z @ 89 c2
Event: 6.451 Thread 0x00007f9932655000 DEOPT PACKING pc=0x00000001165afc7c sp=0x00007000041fcda0
Event: 6.451 Thread 0x00007f9932655000 DEOPT UNPACKING pc=0x000000010e814ea5 sp=0x00007000041fcd48 mode 2

Classes redefined (0 events):
No events

Internal exceptions (20 events):
Event: 6.326 Thread 0x00007f99300b2000 Exception <a 'java/lang/ClassNotFoundException'{0x00000007e8c8de58}: java/util/AbstractMapCustomizer> (0x00000007e8c8de58) thrown at [./src/hotspot/share/classfile/systemDictionary.cpp, line 230]
Event: 6.326 Thread 0x00007f99300b2000 Exception <a 'java/lang/ClassNotFoundException'{0x00000007e8ca5758}: java/util/HashMapCustomizer> (0x00000007e8ca5758) thrown at [./src/hotspot/share/classfile/systemDictionary.cpp, line 230]
Event: 6.327 Thread 0x00007f99300b2000 Exception <a 'java/lang/ClassNotFoundException'{0x00000007e8cca0b0}: java/util/LinkedHashMapCustomizer> (0x00000007e8cca0b0) thrown at [./src/hotspot/share/classfile/systemDictionary.cpp, line 230]
Event: 6.337 Thread 0x00007f99300b2000 Exception <a 'java/lang/ClassNotFoundException'{0x00000007e887da28}: org/codehaus/groovy/transform/ImmutableASTTransformationBeanInfo> (0x00000007e887da28) thrown at [./src/hotspot/share/classfile/systemDictionary.cpp, line 230]
Event: 6.338 Thread 0x00007f99300b2000 Exception <a 'java/lang/ClassNotFoundException'{0x00000007e86ff2c8}: org/codehaus/groovy/transform/AbstractASTTransformationBeanInfo> (0x00000007e86ff2c8) thrown at [./src/hotspot/share/classfile/systemDictionary.cpp, line 230]
Event: 6.340 Thread 0x00007f99300b2000 Exception <a 'java/lang/ClassNotFoundException'{0x00000007e8381068}: org/codehaus/groovy/transform/AbstractASTTransformationCustomizer> (0x00000007e8381068) thrown at [./src/hotspot/share/classfile/systemDictionary.cpp, line 230]
Event: 6.342 Thread 0x00007f99300b2000 Exception <a 'java/lang/ClassNotFoundException'{0x00000007e801fdc0}: org/codehaus/groovy/transform/ImmutableASTTransformationCustomizer> (0x00000007e801fdc0) thrown at [./src/hotspot/share/classfile/systemDictionary.cpp, line 230]
Event: 6.354 Thread 0x00007f99300b2000 Exception <a 'java/lang/ClassNotFoundException'{0x00000007e7fd0fa0}: java/util/regex/PatternBeanInfo> (0x00000007e7fd0fa0) thrown at [./src/hotspot/share/classfile/systemDictionary.cpp, line 230]
Event: 6.355 Thread 0x00007f99300b2000 Exception <a 'java/lang/ClassNotFoundException'{0x00000007e7fddab0}: java/util/regex/PatternCustomizer> (0x00000007e7fddab0) thrown at [./src/hotspot/share/classfile/systemDictionary.cpp, line 230]
Event: 6.358 Thread 0x00007f99300b2000 Exception <a 'java/lang/ClassNotFoundException'{0x00000007e7e24f30}: ijresolvers1_bpejkd67fcch8y31fmwbivas8$1BeanInfo> (0x00000007e7e24f30) thrown at [./src/hotspot/share/classfile/systemDictionary.cpp, line 230]
Event: 6.358 Thread 0x00007f99300b2000 Exception <a 'java/lang/ClassNotFoundException'{0x00000007e7e34bd0}: ijresolvers1_bpejkd67fcch8y31fmwbivas8$1Customizer> (0x00000007e7e34bd0) thrown at [./src/hotspot/share/classfile/systemDictionary.cpp, line 230]
Event: 6.386 Thread 0x00007f9932655000 Exception <a 'java/lang/NoSuchMethodError'{0x00000007e7a5a0e0}: 'void java.lang.invoke.DirectMethodHandle$Holder.invokeSpecial(java.lang.Object, java.lang.Object, java.lang.Object, java.lang.Object, int, java.lang.Object, java.lang.Object)'> (0x00000007e7a5a0e0) thrown at [./src/hotspot/share/interpreter/linkResolver.cpp, line 773]
Event: 6.397 Thread 0x00007f9932655000 Exception <a 'java/lang/NoSuchMethodError'{0x00000007e791ab40}: 'void java.lang.invoke.DirectMethodHandle$Holder.invokeInterface(java.lang.Object, java.lang.Object, java.lang.Object, java.lang.Object)'> (0x00000007e791ab40) thrown at [./src/hotspot/share/interpreter/linkResolver.cpp, line 773]
Event: 6.425 Thread 0x00007f992e341800 Exception <a 'java/lang/NoSuchMethodError'{0x00000007e7612620}: <clinit>> (0x00000007e7612620) thrown at [./src/hotspot/share/prims/jni.cpp, line 1367]
Event: 6.426 Thread 0x00007f992e341800 Exception <a 'java/lang/NoSuchMethodError'{0x00000007e76146f0}: <clinit>> (0x00000007e76146f0) thrown at [./src/hotspot/share/prims/jni.cpp, line 1367]
Event: 6.427 Thread 0x00007f992e341800 Exception <a 'java/lang/NoSuchMethodError'{0x00000007e761f680}: <clinit>> (0x00000007e761f680) thrown at [./src/hotspot/share/prims/jni.cpp, line 1367]
Event: 6.429 Thread 0x00007f992e341800 Exception <a 'java/lang/NoSuchMethodError'{0x00000007e76c0fd8}: <clinit>> (0x00000007e76c0fd8) thrown at [./src/hotspot/share/prims/jni.cpp, line 1367]
Event: 6.430 Thread 0x00007f992e341800 Exception <a 'java/lang/NoSuchMethodError'{0x00000007e76cb180}: <clinit>> (0x00000007e76cb180) thrown at [./src/hotspot/share/prims/jni.cpp, line 1367]
Event: 6.431 Thread 0x00007f9932655000 Exception <a 'sun/nio/fs/UnixException'{0x00000007e7665da0}> (0x00000007e7665da0) thrown at [./src/hotspot/share/prims/jni.cpp, line 617]
Event: 6.463 Thread 0x00007f9932655000 Exception <a 'java/lang/IncompatibleClassChangeError'{0x00000007e73054b0}: Found class java.lang.Object, but interface was expected> (0x00000007e73054b0) thrown at [./src/hotspot/share/interpreter/linkResolver.cpp, line 839]

Events (20 events):
Event: 6.461 loading class org/gradle/internal/snapshot/impl/UnknownImplementationSnapshot
Event: 6.461 loading class org/gradle/internal/snapshot/impl/UnknownImplementationSnapshot done
Event: 6.461 loading class org/gradle/internal/snapshot/impl/ClassImplementationSnapshot
Event: 6.461 loading class org/gradle/internal/snapshot/impl/ClassImplementationSnapshot done
Event: 6.462 loading class org/gradle/internal/snapshot/impl/LambdaImplementationSnapshot
Event: 6.462 loading class org/gradle/internal/snapshot/impl/LambdaImplementationSnapshot done
Event: 6.462 loading class org/gradle/internal/snapshot/impl/SerializedLambdaQueries
Event: 6.462 loading class org/gradle/internal/snapshot/impl/SerializedLambdaQueries done
Event: 6.462 loading class com/google/common/collect/ImmutableSortedMap
Event: 6.462 loading class com/google/common/collect/ImmutableSortedMap done
Event: 6.462 loading class org/gradle/internal/execution/history/PreviousExecutionState
Event: 6.462 loading class org/gradle/internal/execution/history/PreviousExecutionState done
Event: 6.463 loading class com/google/common/collect/ImmutableSortedMap
Event: 6.463 loading class com/google/common/collect/ImmutableSortedMap done
Event: 6.463 loading class org/gradle/internal/execution/UnitOfWork$InputVisitor
Event: 6.463 loading class org/gradle/internal/execution/UnitOfWork$InputVisitor done
Event: 6.463 loading class org/gradle/internal/execution/UnitOfWork$InputVisitor
Event: 6.463 loading class org/gradle/internal/execution/UnitOfWork$InputVisitor done
Event: 6.463 loading class org/gradle/internal/execution/UnitOfWork
Event: 6.463 loading class org/gradle/internal/execution/UnitOfWork done


Dynamic libraries:
0x00007fff2e350000 	/System/Library/Frameworks/Cocoa.framework/Versions/A/Cocoa
0x00007fff3b97f000 	/System/Library/Frameworks/Security.framework/Versions/A/Security
0x00007fff2d2b6000 	/System/Library/Frameworks/ApplicationServices.framework/Versions/A/ApplicationServices
0x00007fff68282000 	/usr/lib/libz.1.dylib
0x0000000102d5e000 	/Users/caesar/.sdkman/candidates/java/11.0.19-tem/lib/jli/libjli.dylib
0x00007fff65d44000 	/usr/lib/libSystem.B.dylib
0x00007fff2c4a8000 	/System/Library/Frameworks/AppKit.framework/Versions/C/AppKit
0x00007fff2ecd4000 	/System/Library/Frameworks/CoreData.framework/Versions/A/CoreData
0x00007fff318b4000 	/System/Library/Frameworks/Foundation.framework/Versions/C/Foundation
0x00007fff5ff9f000 	/System/Library/PrivateFrameworks/UIFoundation.framework/Versions/A/UIFoundation
0x00007fff5b033000 	/System/Library/PrivateFrameworks/RemoteViewServices.framework/Versions/A/RemoteViewServices
0x00007fff628b4000 	/System/Library/PrivateFrameworks/XCTTargetBootstrap.framework/Versions/A/XCTTargetBootstrap
0x00007fff2f0bf000 	/System/Library/Frameworks/CoreDisplay.framework/Versions/A/CoreDisplay
0x00007fff3476f000 	/System/Library/Frameworks/Metal.framework/Versions/A/Metal
0x00007fff49030000 	/System/Library/PrivateFrameworks/DesktopServicesPriv.framework/Versions/A/DesktopServicesPriv
0x00007fff66e81000 	/usr/lib/liblangid.dylib
0x00007fff482c5000 	/System/Library/PrivateFrameworks/CoreSVG.framework/Versions/A/CoreSVG
0x00007fff5e18f000 	/System/Library/PrivateFrameworks/SkyLight.framework/Versions/A/SkyLight
0x00007fff2f674000 	/System/Library/Frameworks/CoreGraphics.framework/Versions/A/CoreGraphics
0x00007fff2ae7c000 	/System/Library/Frameworks/Accelerate.framework/Versions/A/Accelerate
0x00007fff68173000 	/usr/lib/libxml2.2.dylib
0x00007fff53fbc000 	/System/Library/PrivateFrameworks/IconServices.framework/Versions/A/IconServices
0x00007fff32093000 	/System/Library/Frameworks/IOSurface.framework/Versions/A/IOSurface
0x00007fff6586e000 	/usr/lib/libDiagnosticMessagesClient.dylib
0x00007fff48e8a000 	/System/Library/PrivateFrameworks/DFRFoundation.framework/Versions/A/DFRFoundation
0x00007fff66c10000 	/usr/lib/libicucore.A.dylib
0x00007fff2d5e8000 	/System/Library/Frameworks/AudioToolbox.framework/Versions/A/AudioToolbox
0x00007fff2d6cb000 	/System/Library/Frameworks/AudioUnit.framework/Versions/A/AudioUnit
0x00007fff65f46000 	/usr/lib/libauto.dylib
0x00007fff48f2c000 	/System/Library/PrivateFrameworks/DataDetectorsCore.framework/Versions/A/DataDetectorsCore
0x00007fff2de71000 	/System/Library/Frameworks/Carbon.framework/Versions/A/Frameworks/HIToolbox.framework/Versions/A/HIToolbox
0x00007fff3ab78000 	/System/Library/Frameworks/QuartzCore.framework/Versions/A/QuartzCore
0x00007fff2e1b0000 	/System/Library/Frameworks/Carbon.framework/Versions/A/Frameworks/SpeechRecognition.framework/Versions/A/SpeechRecognition
0x00007fff4899e000 	/System/Library/PrivateFrameworks/CoreUI.framework/Versions/A/CoreUI
0x00007fff2e73f000 	/System/Library/Frameworks/CoreAudio.framework/Versions/A/CoreAudio
0x00007fff31572000 	/System/Library/Frameworks/DiskArbitration.framework/Versions/A/DiskArbitration
0x00007fff5600c000 	/System/Library/PrivateFrameworks/MultitouchSupport.framework/Versions/A/MultitouchSupport
0x00007fff66ad5000 	/usr/lib/libenergytrace.dylib
0x00007fff31fed000 	/System/Library/Frameworks/IOKit.framework/Versions/A/IOKit
0x00007fff305dc000 	/System/Library/Frameworks/CoreServices.framework/Versions/A/CoreServices
0x00007fff581c6000 	/System/Library/PrivateFrameworks/PerformanceAnalysis.framework/Versions/A/PerformanceAnalysis
0x00007fff39bab000 	/System/Library/Frameworks/OpenGL.framework/Versions/A/OpenGL
0x00007fff67ba6000 	/usr/lib/libobjc.A.dylib
0x00007fff2e35e000 	/System/Library/Frameworks/ColorSync.framework/Versions/A/ColorSync
0x00007fff2f1f2000 	/System/Library/Frameworks/CoreFoundation.framework/Versions/A/CoreFoundation
0x00007fff2fcf7000 	/System/Library/Frameworks/CoreImage.framework/Versions/A/CoreImage
0x00007fff31050000 	/System/Library/Frameworks/CoreText.framework/Versions/A/CoreText
0x00007fff32123000 	/System/Library/Frameworks/ImageIO.framework/Versions/A/ImageIO
0x00007fff6602a000 	/usr/lib/libc++.1.dylib
0x00007fff660a6000 	/usr/lib/libcompression.dylib
0x00007fff65bb2000 	/usr/lib/libMobileGestalt.dylib
0x00007fff5fd09000 	/System/Library/PrivateFrameworks/TextureIO.framework/Versions/A/TextureIO
0x00007fff65ea9000 	/usr/lib/libate.dylib
0x00007fff541c5000 	/System/Library/PrivateFrameworks/InternationalSupport.framework/Versions/A/InternationalSupport
0x00007fff68b43000 	/usr/lib/system/libcache.dylib
0x00007fff68b49000 	/usr/lib/system/libcommonCrypto.dylib
0x00007fff68b55000 	/usr/lib/system/libcompiler_rt.dylib
0x00007fff68b5d000 	/usr/lib/system/libcopyfile.dylib
0x00007fff68b67000 	/usr/lib/system/libcorecrypto.dylib
0x00007fff68d06000 	/usr/lib/system/libdispatch.dylib
0x00007fff68d47000 	/usr/lib/system/libdyld.dylib
0x00007fff68d7e000 	/usr/lib/system/libkeymgr.dylib
0x00007fff68d8c000 	/usr/lib/system/liblaunch.dylib
0x00007fff68d8d000 	/usr/lib/system/libmacho.dylib
0x00007fff68d93000 	/usr/lib/system/libquarantine.dylib
0x00007fff68d96000 	/usr/lib/system/libremovefile.dylib
0x00007fff68d98000 	/usr/lib/system/libsystem_asl.dylib
0x00007fff68db0000 	/usr/lib/system/libsystem_blocks.dylib
0x00007fff68db1000 	/usr/lib/system/libsystem_c.dylib
0x00007fff68e39000 	/usr/lib/system/libsystem_configuration.dylib
0x00007fff68e3d000 	/usr/lib/system/libsystem_coreservices.dylib
0x00007fff68e41000 	/usr/lib/system/libsystem_darwin.dylib
0x00007fff68e4a000 	/usr/lib/system/libsystem_dnssd.dylib
0x00007fff68e52000 	/usr/lib/system/libsystem_featureflags.dylib
0x00007fff68e54000 	/usr/lib/system/libsystem_info.dylib
0x00007fff68ecf000 	/usr/lib/system/libsystem_m.dylib
0x00007fff68f17000 	/usr/lib/system/libsystem_malloc.dylib
0x00007fff68f3f000 	/usr/lib/system/libsystem_networkextension.dylib
0x00007fff68f4d000 	/usr/lib/system/libsystem_notify.dylib
0x00007fff68f6b000 	/usr/lib/system/libsystem_sandbox.dylib
0x00007fff68f70000 	/usr/lib/system/libsystem_secinit.dylib
0x00007fff68ea2000 	/usr/lib/system/libsystem_kernel.dylib
0x00007fff68f57000 	/usr/lib/system/libsystem_platform.dylib
0x00007fff68f60000 	/usr/lib/system/libsystem_pthread.dylib
0x00007fff68f73000 	/usr/lib/system/libsystem_symptoms.dylib
0x00007fff68f7b000 	/usr/lib/system/libsystem_trace.dylib
0x00007fff68f93000 	/usr/lib/system/libunwind.dylib
0x00007fff68f99000 	/usr/lib/system/libxpc.dylib
0x00007fff6607d000 	/usr/lib/libc++abi.dylib
0x00007fff66e83000 	/usr/lib/liblzma.5.dylib
0x00007fff66afe000 	/usr/lib/libfakelink.dylib
0x00007fff65e36000 	/usr/lib/libarchive.2.dylib
0x00007fff3ca32000 	/System/Library/Frameworks/SystemConfiguration.framework/Versions/A/SystemConfiguration
0x00007fff657a1000 	/usr/lib/libCRFSuite.dylib
0x00007fff2da62000 	/System/Library/Frameworks/CFNetwork.framework/Versions/A/CFNetwork
0x00007fff6600c000 	/usr/lib/libbsm.0.dylib
0x00007fff68d7f000 	/usr/lib/system/libkxld.dylib
0x00007fff427ec000 	/System/Library/PrivateFrameworks/AppleFSCompression.framework/Versions/A/AppleFSCompression
0x00007fff66397000 	/usr/lib/libcoretls.dylib
0x00007fff663ae000 	/usr/lib/libcoretls_cfhelpers.dylib
0x00007fff67bec000 	/usr/lib/libpam.2.dylib
0x00007fff67d21000 	/usr/lib/libsqlite3.dylib
0x00007fff68160000 	/usr/lib/libxar.1.dylib
0x00007fff6601d000 	/usr/lib/libbz2.1.0.dylib
0x00007fff66b1f000 	/usr/lib/libiconv.2.dylib
0x00007fff66093000 	/usr/lib/libcharset.1.dylib
0x00007fff67689000 	/usr/lib/libnetwork.dylib
0x00007fff67bf3000 	/usr/lib/libpcap.A.dylib
0x00007fff65deb000 	/usr/lib/libapple_nghttp2.dylib
0x00007fff30993000 	/System/Library/Frameworks/CoreServices.framework/Versions/A/Frameworks/FSEvents.framework/Versions/A/FSEvents
0x00007fff30663000 	/System/Library/Frameworks/CoreServices.framework/Versions/A/Frameworks/CarbonCore.framework/Versions/A/CarbonCore
0x00007fff30bd8000 	/System/Library/Frameworks/CoreServices.framework/Versions/A/Frameworks/Metadata.framework/Versions/A/Metadata
0x00007fff30c71000 	/System/Library/Frameworks/CoreServices.framework/Versions/A/Frameworks/OSServices.framework/Versions/A/OSServices
0x00007fff30c9f000 	/System/Library/Frameworks/CoreServices.framework/Versions/A/Frameworks/SearchKit.framework/Versions/A/SearchKit
0x00007fff305dd000 	/System/Library/Frameworks/CoreServices.framework/Versions/A/Frameworks/AE.framework/Versions/A/AE
0x00007fff3099c000 	/System/Library/Frameworks/CoreServices.framework/Versions/A/Frameworks/LaunchServices.framework/Versions/A/LaunchServices
0x00007fff30945000 	/System/Library/Frameworks/CoreServices.framework/Versions/A/Frameworks/DictionaryServices.framework/Versions/A/DictionaryServices
0x00007fff30d07000 	/System/Library/Frameworks/CoreServices.framework/Versions/A/Frameworks/SharedFileList.framework/Versions/A/SharedFileList
0x00007fff359ca000 	/System/Library/Frameworks/NetFS.framework/Versions/A/NetFS
0x00007fff5653c000 	/System/Library/PrivateFrameworks/NetAuth.framework/Versions/A/NetAuth
0x00007fff62c81000 	/System/Library/PrivateFrameworks/login.framework/Versions/A/Frameworks/loginsupport.framework/Versions/A/loginsupport
0x00007fff5f7d4000 	/System/Library/PrivateFrameworks/TCC.framework/Versions/A/TCC
0x00007fff47422000 	/System/Library/PrivateFrameworks/CoreNLP.framework/Versions/A/CoreNLP
0x00007fff55a39000 	/System/Library/PrivateFrameworks/MetadataUtilities.framework/Versions/A/MetadataUtilities
0x00007fff66f5b000 	/usr/lib/libmecabra.dylib
0x00007fff66eb3000 	/usr/lib/libmecab.dylib
0x00007fff66b0f000 	/usr/lib/libgermantok.dylib
0x00007fff65dd2000 	/usr/lib/libThaiTokenizer.dylib
0x00007fff657d8000 	/usr/lib/libChineseTokenizer.dylib
0x00007fff2ae94000 	/System/Library/Frameworks/Accelerate.framework/Versions/A/Frameworks/vImage.framework/Versions/A/vImage
0x00007fff2c2fe000 	/System/Library/Frameworks/Accelerate.framework/Versions/A/Frameworks/vecLib.framework/Versions/A/vecLib
0x00007fff2c23b000 	/System/Library/Frameworks/Accelerate.framework/Versions/A/Frameworks/vecLib.framework/Versions/A/libvMisc.dylib
0x00007fff2c063000 	/System/Library/Frameworks/Accelerate.framework/Versions/A/Frameworks/vecLib.framework/Versions/A/libvDSP.dylib
0x00007fff2b4eb000 	/System/Library/Frameworks/Accelerate.framework/Versions/A/Frameworks/vecLib.framework/Versions/A/libBLAS.dylib
0x00007fff2bc27000 	/System/Library/Frameworks/Accelerate.framework/Versions/A/Frameworks/vecLib.framework/Versions/A/libLAPACK.dylib
0x00007fff2bfc3000 	/System/Library/Frameworks/Accelerate.framework/Versions/A/Frameworks/vecLib.framework/Versions/A/libLinearAlgebra.dylib
0x00007fff2c050000 	/System/Library/Frameworks/Accelerate.framework/Versions/A/Frameworks/vecLib.framework/Versions/A/libSparseBLAS.dylib
0x00007fff2bfd9000 	/System/Library/Frameworks/Accelerate.framework/Versions/A/Frameworks/vecLib.framework/Versions/A/libQuadrature.dylib
0x00007fff2b753000 	/System/Library/Frameworks/Accelerate.framework/Versions/A/Frameworks/vecLib.framework/Versions/A/libBNNS.dylib
0x00007fff2bfdf000 	/System/Library/Frameworks/Accelerate.framework/Versions/A/Frameworks/vecLib.framework/Versions/A/libSparse.dylib
0x00007fff545ad000 	/System/Library/PrivateFrameworks/LanguageModeling.framework/Versions/A/LanguageModeling
0x00007fff46dd1000 	/System/Library/PrivateFrameworks/CoreEmoji.framework/Versions/A/CoreEmoji
0x00007fff546cb000 	/System/Library/PrivateFrameworks/LinguisticData.framework/Versions/A/LinguisticData
0x00007fff5467c000 	/System/Library/PrivateFrameworks/Lexicon.framework/Versions/A/Lexicon
0x00007fff66094000 	/usr/lib/libcmph.dylib
0x00007fff385b9000 	/System/Library/Frameworks/OpenDirectory.framework/Versions/A/Frameworks/CFOpenDirectory.framework/Versions/A/CFOpenDirectory
0x00007fff385d6000 	/System/Library/Frameworks/OpenDirectory.framework/Versions/A/OpenDirectory
0x00007fff40a1c000 	/System/Library/PrivateFrameworks/APFS.framework/Versions/A/APFS
0x00007fff3bccb000 	/System/Library/Frameworks/SecurityFoundation.framework/Versions/A/SecurityFoundation
0x00007fff6815c000 	/usr/lib/libutil.dylib
0x00007fff4831d000 	/System/Library/PrivateFrameworks/CoreServicesStore.framework/Versions/A/CoreServicesStore
0x00007fff3bd82000 	/System/Library/Frameworks/ServiceManagement.framework/Versions/A/ServiceManagement
0x00007fff43fbe000 	/System/Library/PrivateFrameworks/BackgroundTaskManagement.framework/Versions/A/BackgroundTaskManagement
0x00007fff68259000 	/usr/lib/libxslt.1.dylib
0x00007fff42e60000 	/System/Library/PrivateFrameworks/AppleSystemInfo.framework/Versions/A/AppleSystemInfo
0x00007fff32340000 	/System/Library/Frameworks/ImageIO.framework/Versions/A/Resources/libJPEG.dylib
0x00007fff325fd000 	/System/Library/Frameworks/ImageIO.framework/Versions/A/Resources/libTIFF.dylib
0x00007fff325e0000 	/System/Library/Frameworks/ImageIO.framework/Versions/A/Resources/libPng.dylib
0x00007fff32282000 	/System/Library/Frameworks/ImageIO.framework/Versions/A/Resources/libGIF.dylib
0x00007fff32286000 	/System/Library/Frameworks/ImageIO.framework/Versions/A/Resources/libJP2.dylib
0x00007fff325fb000 	/System/Library/Frameworks/ImageIO.framework/Versions/A/Resources/libRadiance.dylib
0x00007fff66ad6000 	/usr/lib/libexpat.1.dylib
0x00007fff42947000 	/System/Library/PrivateFrameworks/AppleJPEG.framework/Versions/A/AppleJPEG
0x00007fff4b61c000 	/System/Library/PrivateFrameworks/FontServices.framework/libFontParser.dylib
0x00007fff61c83000 	/System/Library/PrivateFrameworks/WatchdogClient.framework/Versions/A/WatchdogClient
0x00007fff53c08000 	/System/Library/PrivateFrameworks/IOAccelerator.framework/Versions/A/IOAccelerator
0x00007fff34b0a000 	/System/Library/Frameworks/MetalPerformanceShaders.framework/Versions/A/MetalPerformanceShaders
0x00007fff50398000 	/System/Library/PrivateFrameworks/GPUWrangler.framework/Versions/A/GPUWrangler
0x00007fff53c1d000 	/System/Library/PrivateFrameworks/IOPresentment.framework/Versions/A/IOPresentment
0x00007fff48e9d000 	/System/Library/PrivateFrameworks/DSExternalDisplay.framework/Versions/A/DSExternalDisplay
0x00007fff38f4a000 	/System/Library/Frameworks/OpenGL.framework/Versions/A/Libraries/libCoreFSCache.dylib
0x00007fff34856000 	/System/Library/Frameworks/MetalPerformanceShaders.framework/Frameworks/MPSCore.framework/Versions/A/MPSCore
0x00007fff34894000 	/System/Library/Frameworks/MetalPerformanceShaders.framework/Frameworks/MPSImage.framework/Versions/A/MPSImage
0x00007fff3495b000 	/System/Library/Frameworks/MetalPerformanceShaders.framework/Frameworks/MPSNeuralNetwork.framework/Versions/A/MPSNeuralNetwork
0x00007fff3491f000 	/System/Library/Frameworks/MetalPerformanceShaders.framework/Frameworks/MPSMatrix.framework/Versions/A/MPSMatrix
0x00007fff34aba000 	/System/Library/Frameworks/MetalPerformanceShaders.framework/Frameworks/MPSRayIntersector.framework/Versions/A/MPSRayIntersector
0x00007fff34945000 	/System/Library/Frameworks/MetalPerformanceShaders.framework/Frameworks/MPSNDArray.framework/Versions/A/MPSNDArray
0x00007fff55a86000 	/System/Library/PrivateFrameworks/MetalTools.framework/Versions/A/MetalTools
0x00007fff41bf6000 	/System/Library/PrivateFrameworks/AggregateDictionary.framework/Versions/A/AggregateDictionary
0x00007fff46818000 	/System/Library/PrivateFrameworks/CoreAnalytics.framework/Versions/A/CoreAnalytics
0x00007fff42d7e000 	/System/Library/PrivateFrameworks/AppleSauce.framework/Versions/A/AppleSauce
0x00007fff65a94000 	/usr/lib/libIOReport.dylib
0x00007fff31209000 	/System/Library/Frameworks/CoreVideo.framework/Versions/A/CoreVideo
0x00007fff51811000 	/System/Library/PrivateFrameworks/GraphVisualizer.framework/Versions/A/GraphVisualizer
0x00007fff4ab62000 	/System/Library/PrivateFrameworks/FaceCore.framework/Versions/A/FaceCore
0x00007fff38560000 	/System/Library/Frameworks/OpenCL.framework/Versions/A/OpenCL
0x00007fff658b6000 	/usr/lib/libFosl_dynamic.dylib
0x00007fff56f5e000 	/System/Library/PrivateFrameworks/OTSVG.framework/Versions/A/OTSVG
0x00007fff2d3bb000 	/System/Library/Frameworks/ApplicationServices.framework/Versions/A/Frameworks/ATS.framework/Versions/A/Resources/libFontRegistry.dylib
0x00007fff4b7ec000 	/System/Library/PrivateFrameworks/FontServices.framework/libhvf.dylib
0x00007fff38f55000 	/System/Library/Frameworks/OpenGL.framework/Versions/A/Libraries/libGFXShared.dylib
0x00007fff39133000 	/System/Library/Frameworks/OpenGL.framework/Versions/A/Libraries/libGLU.dylib
0x00007fff38f5e000 	/System/Library/Frameworks/OpenGL.framework/Versions/A/Libraries/libGL.dylib
0x00007fff38f69000 	/System/Library/Frameworks/OpenGL.framework/Versions/A/Libraries/libGLImage.dylib
0x00007fff38f47000 	/System/Library/Frameworks/OpenGL.framework/Versions/A/Libraries/libCVMSPluginSupport.dylib
0x00007fff38f50000 	/System/Library/Frameworks/OpenGL.framework/Versions/A/Libraries/libCoreVMClient.dylib
0x00007fff6752a000 	/usr/lib/libncurses.5.4.dylib
0x00007fff2d2b7000 	/System/Library/Frameworks/ApplicationServices.framework/Versions/A/Frameworks/ATS.framework/Versions/A/ATS
0x00007fff2d484000 	/System/Library/Frameworks/ApplicationServices.framework/Versions/A/Frameworks/ColorSyncLegacy.framework/Versions/A/ColorSyncLegacy
0x00007fff2d522000 	/System/Library/Frameworks/ApplicationServices.framework/Versions/A/Frameworks/HIServices.framework/Versions/A/HIServices
0x00007fff2d57a000 	/System/Library/Frameworks/ApplicationServices.framework/Versions/A/Frameworks/LangAnalysis.framework/Versions/A/LangAnalysis
0x00007fff2d589000 	/System/Library/Frameworks/ApplicationServices.framework/Versions/A/Frameworks/PrintCore.framework/Versions/A/PrintCore
0x00007fff2d5cf000 	/System/Library/Frameworks/ApplicationServices.framework/Versions/A/Frameworks/QD.framework/Versions/A/QD
0x00007fff2d5da000 	/System/Library/Frameworks/ApplicationServices.framework/Versions/A/Frameworks/SpeechSynthesis.framework/Versions/A/SpeechSynthesis
0x00007fff2d454000 	/System/Library/Frameworks/ApplicationServices.framework/Versions/A/Frameworks/ATSUI.framework/Versions/A/ATSUI
0x00007fff6696c000 	/usr/lib/libcups.2.dylib
0x00007fff33ba5000 	/System/Library/Frameworks/Kerberos.framework/Versions/A/Kerberos
0x00007fff31ce6000 	/System/Library/Frameworks/GSS.framework/Versions/A/GSS
0x00007fff67cad000 	/usr/lib/libresolv.9.dylib
0x00007fff519be000 	/System/Library/PrivateFrameworks/Heimdal.framework/Versions/A/Heimdal
0x00007fff33bb8000 	/System/Library/Frameworks/Kerberos.framework/Versions/A/Libraries/libHeimdalProxy.dylib
0x00007fff66b15000 	/usr/lib/libheimdal-asn1.dylib
0x00007fff45cb0000 	/System/Library/PrivateFrameworks/CommonAuth.framework/Versions/A/CommonAuth
0x00007fff42efd000 	/System/Library/PrivateFrameworks/AssertionServices.framework/Versions/A/AssertionServices
0x00007fff43aa0000 	/System/Library/PrivateFrameworks/AudioToolboxCore.framework/Versions/A/AudioToolboxCore
0x00007fff62931000 	/System/Library/PrivateFrameworks/caulk.framework/Versions/A/caulk
0x00007fff4406a000 	/System/Library/PrivateFrameworks/BaseBoard.framework/Versions/A/BaseBoard
0x00007fff5b1c1000 	/System/Library/PrivateFrameworks/RunningBoardServices.framework/Versions/A/RunningBoardServices
0x00007fff581d2000 	/System/Library/PrivateFrameworks/PersistentConnection.framework/Versions/A/PersistentConnection
0x00007fff5abba000 	/System/Library/PrivateFrameworks/ProtocolBuffer.framework/Versions/A/ProtocolBuffer
0x00007fff45cd4000 	/System/Library/PrivateFrameworks/CommonUtilities.framework/Versions/A/CommonUtilities
0x00007fff441f8000 	/System/Library/PrivateFrameworks/Bom.framework/Versions/A/Bom
0x00007fff65767000 	/usr/lib/libAudioToolboxUtility.dylib
0x00007fff43fc8000 	/System/Library/PrivateFrameworks/Backup.framework/Versions/A/Backup
0x00007fff48dbe000 	/System/Library/PrivateFrameworks/CrashReporterSupport.framework/Versions/A/CrashReporterSupport
0x00007fff5cc53000 	/System/Library/PrivateFrameworks/Sharing.framework/Versions/A/Sharing
0x00007fff4250a000 	/System/Library/PrivateFrameworks/Apple80211.framework/Versions/A/Apple80211
0x00007fff43ce5000 	/System/Library/PrivateFrameworks/AuthKit.framework/Versions/A/AuthKit
0x00007fff48acb000 	/System/Library/PrivateFrameworks/CoreUtils.framework/Versions/A/CoreUtils
0x00007fff3124e000 	/System/Library/Frameworks/CoreWLAN.framework/Versions/A/CoreWLAN
0x00007fff31e73000 	/System/Library/Frameworks/IOBluetooth.framework/Versions/A/IOBluetooth
0x00007fff55d8b000 	/System/Library/PrivateFrameworks/MobileKeyBag.framework/Versions/A/MobileKeyBag
0x00007fff478ba000 	/System/Library/PrivateFrameworks/CorePhoneNumbers.framework/Versions/A/CorePhoneNumbers
0x00007fff428fa000 	/System/Library/PrivateFrameworks/AppleIDAuthSupport.framework/Versions/A/AppleIDAuthSupport
0x00007fff359d7000 	/System/Library/Frameworks/Network.framework/Versions/A/Network
0x00007fff54459000 	/System/Library/PrivateFrameworks/KeychainCircle.framework/Versions/A/KeychainCircle
0x00007fff2ec9b000 	/System/Library/Frameworks/CoreBluetooth.framework/Versions/A/CoreBluetooth
0x00007fff5ecd2000 	/System/Library/PrivateFrameworks/SpeechRecognitionCore.framework/Versions/A/SpeechRecognitionCore
0x0000000103e00000 	/Users/caesar/.sdkman/candidates/java/11.0.19-tem/lib/server/libjvm.dylib
0x0000000102d83000 	/Users/caesar/.sdkman/candidates/java/11.0.19-tem/lib/libverify.dylib
0x0000000102d94000 	/Users/caesar/.sdkman/candidates/java/11.0.19-tem/lib/libjava.dylib
0x0000000102dc0000 	/Users/caesar/.sdkman/candidates/java/11.0.19-tem/lib/libjimage.dylib
0x0000000102dce000 	/Users/caesar/.sdkman/candidates/java/11.0.19-tem/lib/libinstrument.dylib
0x0000000102de5000 	/Users/caesar/.sdkman/candidates/java/11.0.19-tem/lib/libzip.dylib
0x0000000105932000 	/Users/caesar/.sdkman/candidates/java/11.0.19-tem/lib/libnio.dylib
0x0000000105945000 	/Users/caesar/.sdkman/candidates/java/11.0.19-tem/lib/libnet.dylib
0x0000000105b5e000 	/Users/caesar/.gradle/native/c067742578af261105cb4f569cf0c3c89f3d7b1fecec35dd04571415982c5e48/osx-amd64/libnative-platform.dylib
0x0000000105b6a000 	/Users/caesar/.gradle/native/100fb08df4bc3b14c8652ba06237920a3bd2aa13389f12d3474272988ae205f9/osx-amd64/libnative-platform-file-events.dylib
0x0000000105dd6000 	/Users/caesar/.sdkman/candidates/java/11.0.19-tem/lib/libmanagement.dylib
0x0000000105de0000 	/Users/caesar/.sdkman/candidates/java/11.0.19-tem/lib/libmanagement_ext.dylib
0x0000000105deb000 	/Users/caesar/.sdkman/candidates/java/11.0.19-tem/lib/libextnet.dylib


VM Arguments:
jvm_args: --add-opens=java.base/java.util=ALL-UNNAMED --add-opens=java.base/java.lang=ALL-UNNAMED --add-opens=java.base/java.lang.invoke=ALL-UNNAMED --add-opens=java.prefs/java.util.prefs=ALL-UNNAMED --add-opens=java.base/java.nio.charset=ALL-UNNAMED --add-opens=java.base/java.net=ALL-UNNAMED --add-opens=java.base/java.util.concurrent.atomic=ALL-UNNAMED -XX:MaxMetaspaceSize=384m -XX:+HeapDumpOnOutOfMemoryError -Xms256m -Xmx512m -Dfile.encoding=UTF-8 -Duser.country=VN -Duser.language=en -Duser.variant -javaagent:/Users/caesar/.gradle/wrapper/dists/gradle-8.8-bin/dl7vupf4psengwqhwktix4v1/gradle-8.8/lib/agents/gradle-instrumentation-agent-8.8.jar 
java_command: org.gradle.launcher.daemon.bootstrap.GradleDaemon 8.8
java_class_path (initial): /Users/caesar/.gradle/wrapper/dists/gradle-8.8-bin/dl7vupf4psengwqhwktix4v1/gradle-8.8/lib/gradle-launcher-8.8.jar
Launcher Type: SUN_STANDARD

[Global flags]
     intx CICompilerCount                          = 4                                         {product} {ergonomic}
   size_t CompressedClassSpaceSize                 = 394264576                                 {product} {ergonomic}
     uint ConcGCThreads                            = 2                                         {product} {ergonomic}
     uint G1ConcRefinementThreads                  = 8                                         {product} {ergonomic}
   size_t G1HeapRegionSize                         = 1048576                                   {product} {ergonomic}
    uintx GCDrainStackTargetSize                   = 64                                        {product} {ergonomic}
     bool HeapDumpOnOutOfMemoryError               = true                                   {manageable} {command line}
   size_t InitialHeapSize                          = 268435456                                 {product} {command line}
   size_t MarkStackSize                            = 4194304                                   {product} {ergonomic}
   size_t MaxHeapSize                              = 536870912                                 {product} {command line}
   size_t MaxMetaspaceSize                         = 402653184                                 {product} {command line}
   size_t MaxNewSize                               = 321912832                                 {product} {ergonomic}
   size_t MinHeapDeltaBytes                        = 1048576                                   {product} {ergonomic}
    uintx NonNMethodCodeHeapSize                   = 5836300                                {pd product} {ergonomic}
    uintx NonProfiledCodeHeapSize                  = 122910970                              {pd product} {ergonomic}
    uintx ProfiledCodeHeapSize                     = 122910970                              {pd product} {ergonomic}
    uintx ReservedCodeCacheSize                    = 251658240                              {pd product} {ergonomic}
     bool SegmentedCodeCache                       = true                                      {product} {ergonomic}
     bool UseCompressedClassPointers               = true                                 {lp64_product} {ergonomic}
     bool UseCompressedOops                        = true                                 {lp64_product} {ergonomic}
     bool UseG1GC                                  = true                                      {product} {ergonomic}

Logging:
Log output configuration:
 #0: stdout all=warning uptime,level,tags
 #1: stderr all=off uptime,level,tags

Environment Variables:
JAVA_HOME=/Users/caesar/.sdkman/candidates/java/current
PATH=/opt/anaconda3/bin:/opt/anaconda3/condabin:/Users/caesar/.nvm/versions/node/v18.17.1/bin:/Users/caesar/.sdkman/candidates/java/current/bin:/Users/caesar/.rbenv/shims:/Users/caesar/.pyenv/shims:/usr/local/bin:/usr/bin:/bin:/usr/sbin:/sbin:~/kafka_2.13-3.1.0/bin
SHELL=/bin/zsh
LC_CTYPE=en_US.UTF-8
TMPDIR=/var/folders/5n/fk6vlwt16d10hw1ydjzw3f6m0000gn/T/

Signal Handlers:
SIGSEGV: [libjvm.dylib+0x7cbada], sa_mask[0]=11111111011111110111111111111111, sa_flags=SA_ONSTACK|SA_RESTART|SA_SIGINFO
SIGBUS: [libjvm.dylib+0x7cbada], sa_mask[0]=11111111011111110111111111111111, sa_flags=SA_RESTART|SA_SIGINFO
SIGFPE: [libjvm.dylib+0x7cbada], sa_mask[0]=11111111011111110111111111111111, sa_flags=SA_RESTART|SA_SIGINFO
SIGPIPE: [libjvm.dylib+0x62fac2], sa_mask[0]=11111111011111110111111111111111, sa_flags=SA_RESTART|SA_SIGINFO
SIGXFSZ: [libjvm.dylib+0x62fac2], sa_mask[0]=11111111011111110111111111111111, sa_flags=SA_RESTART|SA_SIGINFO
SIGILL: [libjvm.dylib+0x7cbada], sa_mask[0]=11111111011111110111111111111111, sa_flags=SA_RESTART|SA_SIGINFO
SIGUSR2: [libjvm.dylib+0x6300a9], sa_mask[0]=00000000000000000000000000000000, sa_flags=SA_RESTART|SA_SIGINFO
SIGHUP: [libjvm.dylib+0x62ec05], sa_mask[0]=11111111011111110111111111111111, sa_flags=SA_RESTART|SA_SIGINFO
SIGINT: [libjvm.dylib+0x62ec05], sa_mask[0]=11111111011111110111111111111111, sa_flags=SA_RESTART|SA_SIGINFO
SIGTERM: [libjvm.dylib+0x62ec05], sa_mask[0]=11111111011111110111111111111111, sa_flags=SA_RESTART|SA_SIGINFO
SIGQUIT: [libjvm.dylib+0x62ec05], sa_mask[0]=11111111011111110111111111111111, sa_flags=SA_RESTART|SA_SIGINFO


---------------  S Y S T E M  ---------------

OS:uname:Darwin 19.6.0 Darwin Kernel Version 19.6.0: Tue Jun 21 21:18:39 PDT 2022; root:xnu-6153.141.66~1/RELEASE_X86_64 x86_64
OS uptime: 0 days 7:15 hours
rlimit (soft/hard): STACK 8192k/65532k , CORE 0k/infinity , NPROC 2784/4176 , NOFILE 10240/infinity , AS infinity/infinity , CPU infinity/infinity , DATA infinity/infinity , FSIZE infinity/infinity , MEMLOCK infinity/infinity , RSS infinity/infinity
load average:4.48 4.21 4.14

CPU:total 8 (initial active 8) (4 cores per cpu, 2 threads per core) family 6 model 70 stepping 1 microcode 0x1c, cmov, cx8, fxsr, mmx, sse, sse2, sse3, ssse3, sse4.1, sse4.2, popcnt, avx, avx2, aes, clmul, erms, lzcnt, ht, tsc, tscinvbit, bmi1, bmi2, fma

Memory: 4k page, physical 16777216k(366740k free), swap 0k(0k free)

vm_info: OpenJDK 64-Bit Server VM (11.0.19+7) for bsd-amd64 JRE (11.0.19+7), built on Apr 18 2023 23:31:11 by "jenkins" with clang 4.2.1 Compatible Apple LLVM 10.0.1 (clang-1001.0.46.4)

END.
