#
# A fatal error has been detected by the Java Runtime Environment:
#
#  SIGSEGV (0xb) at pc=0x0000000107164000, pid=30698, tid=17411
#
# JRE version: OpenJDK Runtime Environment Temurin-11.0.19+7 (11.0.19+7) (build 11.0.19+7)
# Java VM: OpenJDK 64-Bit Server VM Temurin-11.0.19+7 (11.0.19+7, mixed mode, tiered, compressed oops, g1 gc, bsd-amd64)
# Problematic frame:
# C  [libnative-platform-file-events.dylib+0x0]  __dso_handle+0x0
#
# No core dump will be written. Core dumps have been disabled. To enable core dumping, try "ulimit -c unlimited" before starting Java again
#
# If you would like to submit a bug report, please visit:
#   https://github.com/adoptium/adoptium-support/issues
#

---------------  S U M M A R Y ------------

Command Line: --add-opens=java.base/java.util=ALL-UNNAMED --add-opens=java.base/java.lang=ALL-UNNAMED --add-opens=java.base/java.lang.invoke=ALL-UNNAMED --add-opens=java.prefs/java.util.prefs=ALL-UNNAMED --add-opens=java.base/java.nio.charset=ALL-UNNAMED --add-opens=java.base/java.net=ALL-UNNAMED --add-opens=java.base/java.util.concurrent.atomic=ALL-UNNAMED -XX:MaxMetaspaceSize=384m -XX:+HeapDumpOnOutOfMemoryError -Xms256m -Xmx512m -Dfile.encoding=UTF-8 -Duser.country=VN -Duser.language=en -Duser.variant -javaagent:/Users/caesar/.gradle/wrapper/dists/gradle-8.8-bin/dl7vupf4psengwqhwktix4v1/gradle-8.8/lib/agents/gradle-instrumentation-agent-8.8.jar org.gradle.launcher.daemon.bootstrap.GradleDaemon 8.8

Host: MacBookPro11,5 x86_64 2500 MHz, 8 cores, 16G, Darwin 19.6.0
Time: Tue Oct  8 16:13:20 2024 +07 elapsed time: 7.170141 seconds (0d 0h 0m 7s)

---------------  T H R E A D  ---------------

Current thread is native thread

Stack: [0x000070000a6bc000,0x000070000a73c000],  sp=0x000070000a739298,  free space=500k
Native frames: (J=compiled Java code, A=aot compiled Java code, j=interpreted, Vv=VM code, C=native code)
C  [libnative-platform-file-events.dylib+0x0]  __dso_handle+0x0
C  [libnative-platform-file-events.dylib+0x15c27]  void std::__1::__variant_detail::__ctor<std::__1::__variant_detail::__traits<FileEvent, ErrorEvent, PoisonPill> >::__generic_construct[abi:v160006]<std::__1::__variant_detail::__copy_constructor<std::__1::__variant_detail::__traits<FileEvent, ErrorEvent, PoisonPill>, (std::__1::__variant_detail::_Trait)1> const&>(std::__1::__variant_detail::__ctor<std::__1::__variant_detail::__traits<FileEvent, ErrorEvent, PoisonPill> >&, std::__1::__variant_detail::__copy_constructor<std::__1::__variant_detail::__traits<FileEvent, ErrorEvent, PoisonPill>, (std::__1::__variant_detail::_Trait)1> const&)+0x47
C  [libnative-platform-file-events.dylib+0x15b8a]  std::__1::__variant_detail::__copy_constructor<std::__1::__variant_detail::__traits<FileEvent, ErrorEvent, PoisonPill>, (std::__1::__variant_detail::_Trait)1>::__copy_constructor(std::__1::__variant_detail::__copy_constructor<std::__1::__variant_detail::__traits<FileEvent, ErrorEvent, PoisonPill>, (std::__1::__variant_detail::_Trait)1> const&)+0x2a
C  [libnative-platform-file-events.dylib+0x15b4d]  std::__1::__variant_detail::__assignment<std::__1::__variant_detail::__traits<FileEvent, ErrorEvent, PoisonPill> >::__assignment(std::__1::__variant_detail::__assignment<std::__1::__variant_detail::__traits<FileEvent, ErrorEvent, PoisonPill> > const&)+0x1d
C  [libnative-platform-file-events.dylib+0x15b1d]  std::__1::__variant_detail::__move_assignment<std::__1::__variant_detail::__traits<FileEvent, ErrorEvent, PoisonPill>, (std::__1::__variant_detail::_Trait)1>::__move_assignment(std::__1::__variant_detail::__move_assignment<std::__1::__variant_detail::__traits<FileEvent, ErrorEvent, PoisonPill>, (std::__1::__variant_detail::_Trait)1> const&)+0x1d
C  [libnative-platform-file-events.dylib+0x15aed]  std::__1::__variant_detail::__copy_assignment<std::__1::__variant_detail::__traits<FileEvent, ErrorEvent, PoisonPill>, (std::__1::__variant_detail::_Trait)1>::__copy_assignment(std::__1::__variant_detail::__copy_assignment<std::__1::__variant_detail::__traits<FileEvent, ErrorEvent, PoisonPill>, (std::__1::__variant_detail::_Trait)1> const&)+0x1d
C  [libnative-platform-file-events.dylib+0x15abd]  std::__1::__variant_detail::__impl<FileEvent, ErrorEvent, PoisonPill>::__impl(std::__1::__variant_detail::__impl<FileEvent, ErrorEvent, PoisonPill> const&)+0x1d
C  [libnative-platform-file-events.dylib+0x15a8d]  std::__1::__variant_detail::__impl<FileEvent, ErrorEvent, PoisonPill>::__impl(std::__1::__variant_detail::__impl<FileEvent, ErrorEvent, PoisonPill> const&)+0x1d
C  [libnative-platform-file-events.dylib+0x15a5d]  std::__1::variant<FileEvent, ErrorEvent, PoisonPill>::variant(std::__1::variant<FileEvent, ErrorEvent, PoisonPill> const&)+0x1d
C  [libnative-platform-file-events.dylib+0x15a2d]  std::__1::variant<FileEvent, ErrorEvent, PoisonPill>::variant(std::__1::variant<FileEvent, ErrorEvent, PoisonPill> const&)+0x1d
C  [libnative-platform-file-events.dylib+0x15a01]  void std::__1::allocator<std::__1::variant<FileEvent, ErrorEvent, PoisonPill> >::construct[abi:v160006]<std::__1::variant<FileEvent, ErrorEvent, PoisonPill>, std::__1::variant<FileEvent, ErrorEvent, PoisonPill> const&>(std::__1::variant<FileEvent, ErrorEvent, PoisonPill>*, std::__1::variant<FileEvent, ErrorEvent, PoisonPill> const&)+0x21
C  [libnative-platform-file-events.dylib+0x13805]  void std::__1::allocator_traits<std::__1::allocator<std::__1::variant<FileEvent, ErrorEvent, PoisonPill> > >::construct[abi:v160006]<std::__1::variant<FileEvent, ErrorEvent, PoisonPill>, std::__1::variant<FileEvent, ErrorEvent, PoisonPill> const&, void>(std::__1::allocator<std::__1::variant<FileEvent, ErrorEvent, PoisonPill> >&, std::__1::variant<FileEvent, ErrorEvent, PoisonPill>*, std::__1::variant<FileEvent, ErrorEvent, PoisonPill> const&)+0x25
C  [libnative-platform-file-events.dylib+0x133ef]  std::__1::deque<std::__1::variant<FileEvent, ErrorEvent, PoisonPill>, std::__1::allocator<std::__1::variant<FileEvent, ErrorEvent, PoisonPill> > >::push_back(std::__1::variant<FileEvent, ErrorEvent, PoisonPill> const&)+0x6f
C  [libnative-platform-file-events.dylib+0x1336d]  std::__1::queue<std::__1::variant<FileEvent, ErrorEvent, PoisonPill>, std::__1::deque<std::__1::variant<FileEvent, ErrorEvent, PoisonPill>, std::__1::allocator<std::__1::variant<FileEvent, ErrorEvent, PoisonPill> > > >::push[abi:v160006](std::__1::variant<FileEvent, ErrorEvent, PoisonPill> const&)+0x1d
C  [libnative-platform-file-events.dylib+0xd9d2]  BlockingQueue<std::__1::variant<FileEvent, ErrorEvent, PoisonPill> >::enqueue(std::__1::variant<FileEvent, ErrorEvent, PoisonPill> const&)+0x32
C  [libnative-platform-file-events.dylib+0xd809]  Server::handleEvents(unsigned long, char**, unsigned int const*, unsigned long long const*)+0xb9
C  [libnative-platform-file-events.dylib+0xd441]  handleEventsCallback(__FSEventStream const*, void*, unsigned long, void*, unsigned int const*, unsigned long long const*)+0x41
C  [FSEvents+0x2993]  implementation_callback_rpc+0xb19
C  [FSEvents+0x1dfe]  _Xcallback_rpc+0xe9
C  [FSEvents+0x1cf7]  FSEventsD2F_server+0x37
C  [FSEvents+0x1c61]  __create_d2f_port_source_block_invoke+0xe8
C  [libdispatch.dylib+0x2658]  _dispatch_client_callout+0x8
C  [libdispatch.dylib+0x4818]  _dispatch_continuation_pop+0x19e
C  [libdispatch.dylib+0x144be]  _dispatch_source_invoke+0x824
C  [libdispatch.dylib+0x7af6]  _dispatch_lane_serial_drain+0x107
C  [libdispatch.dylib+0x85d6]  _dispatch_lane_invoke+0x16b
C  [libdispatch.dylib+0x11c09]  _dispatch_workloop_worker_thread+0x254
C  [libsystem_pthread.dylib+0x2a3d]  _pthread_wqthread+0x122
C  [libsystem_pthread.dylib+0x1b77]  start_wqthread+0xf


siginfo: si_signo: 11 (SIGSEGV), si_code: 0 (unknown), si_addr: 0x0000000000000000

Register to memory mapping:

RAX=
[error occurred during error reporting (printing register info), id 0xb, SIGSEGV (0xb) at pc=0x000000010898b23c]

Registers:
RAX=0x0000000107164000, RBX=0x0000000107028000, RCX=0x0000000000000000, RDX=0x000070000a739620
RSP=0x000070000a739298, RBP=0x000070000a7392f0, RSI=0x00007f9b4a90ac00, RDI=0x000070000a739308
R8 =0x00000000000056f9, R9 =0x00007f9b4a922000, R10=0x00007f9b4a922000, R11=0x00007f9b4a800000
R12=0x0000000000000000, R13=0x0000000000000001, R14=0x0000000000000000, R15=0x00007f9b43bf3030
RIP=0x0000000107164000, EFLAGS=0x0000000000010206, ERR=0x0000000000000000
  TRAPNO=0x000000000000000d

Top of Stack: (sp=0x000070000a739298)
0x000070000a739298:   0000000107179d8c 000070000a739308
0x000070000a7392a8:   00007f9b4a90ac00 0000000107164000
0x000070000a7392b8:   0000000107164000 0000000107164000
0x000070000a7392c8:   0000000107164000 000070000a739620
0x000070000a7392d8:   00007f9b4a90ac00 000070000a739308
0x000070000a7392e8:   0000000000000000 000070000a739320
0x000070000a7392f8:   0000000107179c27 000070000a739320
0x000070000a739308:   0000000107179bd5 000070000a739620
0x000070000a739318:   00007f9b4a90ac00 000070000a739360
0x000070000a739328:   0000000107179b8a 00007f9b4a90ac00
0x000070000a739338:   0000000107179849 0000000000000000
0x000070000a739348:   000070000a739420 000070000a739620
0x000070000a739358:   00007f9b4a90ac00 000070000a739380
0x000070000a739368:   0000000107179b4d 000070000a739620
0x000070000a739378:   00007f9b4a90ac00 000070000a7393a0
0x000070000a739388:   0000000107179b1d 000070000a739620
0x000070000a739398:   00007f9b4a90ac00 000070000a7393c0
0x000070000a7393a8:   0000000107179aed 000070000a739620
0x000070000a7393b8:   00007f9b4a90ac00 000070000a7393e0
0x000070000a7393c8:   0000000107179abd 000070000a739620
0x000070000a7393d8:   00007f9b4a90ac00 000070000a739400
0x000070000a7393e8:   0000000107179a8d 000070000a739620
0x000070000a7393f8:   00007f9b4a90ac00 000070000a739420
0x000070000a739408:   0000000107179a5d 000070000a739620
0x000070000a739418:   00007f9b4a90ac00 000070000a739440
0x000070000a739428:   0000000107179a2d 000070000a739620
0x000070000a739438:   00007f9b4a90ac00 000070000a739470
0x000070000a739448:   0000000107179a01 00007f9b4a90ac00
0x000070000a739458:   000070000a739620 00007f9b4a90ac00
0x000070000a739468:   00007f9b43a50488 000070000a7394a0
0x000070000a739478:   0000000107177805 0000000000000000
0x000070000a739488:   000070000a739620 00007f9b4a90ac00 

Instructions: (pc=0x0000000107164000)
0x0000000107163f00:   00 00 00 00 00 00 00 00 00 00 00 00 00 00 00 00
0x0000000107163f10:   00 00 00 00 00 00 00 00 00 00 00 00 00 00 00 00
0x0000000107163f20:   00 00 00 00 00 00 00 00 00 00 00 00 00 00 00 00
0x0000000107163f30:   00 00 00 00 00 00 00 00 00 00 00 00 00 00 00 00
0x0000000107163f40:   00 00 00 00 00 00 00 00 00 00 00 00 00 00 00 00
0x0000000107163f50:   00 00 00 00 00 00 00 00 00 00 00 00 00 00 00 00
0x0000000107163f60:   00 00 00 00 00 00 00 00 00 00 00 00 00 00 00 00
0x0000000107163f70:   00 00 00 00 00 00 00 00 00 00 00 00 00 00 00 00
0x0000000107163f80:   00 00 00 00 00 00 00 00 00 00 00 00 00 00 00 00
0x0000000107163f90:   00 00 00 00 00 00 00 00 00 00 00 00 00 00 00 00
0x0000000107163fa0:   00 00 00 00 00 00 00 00 00 00 00 00 00 00 00 00
0x0000000107163fb0:   00 00 00 00 00 00 00 00 00 00 00 00 00 00 00 00
0x0000000107163fc0:   00 00 00 00 00 00 00 00 00 00 00 00 00 00 00 00
0x0000000107163fd0:   00 00 00 00 00 00 00 00 00 00 00 00 00 00 00 00
0x0000000107163fe0:   00 00 00 00 00 00 00 00 00 00 00 00 00 00 00 00
0x0000000107163ff0:   00 00 00 00 00 00 00 00 00 00 00 00 00 00 00 00
0x0000000107164000:   cf fa ed fe 07 00 00 01 03 00 00 00 06 00 00 00
0x0000000107164010:   10 00 00 00 00 07 00 00 85 80 11 00 00 00 00 00
0x0000000107164020:   19 00 00 00 78 02 00 00 5f 5f 54 45 58 54 00 00
0x0000000107164030:   00 00 00 00 00 00 00 00 00 00 00 00 00 00 00 00
0x0000000107164040:   00 c0 01 00 00 00 00 00 00 00 00 00 00 00 00 00
0x0000000107164050:   00 c0 01 00 00 00 00 00 05 00 00 00 05 00 00 00
0x0000000107164060:   07 00 00 00 00 00 00 00 5f 5f 74 65 78 74 00 00
0x0000000107164070:   00 00 00 00 00 00 00 00 5f 5f 54 45 58 54 00 00
0x0000000107164080:   00 00 00 00 00 00 00 00 80 19 00 00 00 00 00 00
0x0000000107164090:   dc 7d 01 00 00 00 00 00 80 19 00 00 04 00 00 00
0x00000001071640a0:   00 00 00 00 00 00 00 00 00 04 00 80 00 00 00 00
0x00000001071640b0:   00 00 00 00 00 00 00 00 5f 5f 73 74 75 62 73 00
0x00000001071640c0:   00 00 00 00 00 00 00 00 5f 5f 54 45 58 54 00 00
0x00000001071640d0:   00 00 00 00 00 00 00 00 5c 97 01 00 00 00 00 00
0x00000001071640e0:   ec 04 00 00 00 00 00 00 5c 97 01 00 00 00 00 00
0x00000001071640f0:   00 00 00 00 00 00 00 00 08 04 00 80 00 00 00 00 


Stack slot to memory mapping:
stack at sp + 0 slots: 
[error occurred during error reporting (inspecting top of stack), id 0xb, SIGSEGV (0xb) at pc=0x000000010898b23c]


---------------  P R O C E S S  ---------------

VM state:not at safepoint (normal execution)

VM Mutex/Monitor currently owned by a thread: None

Heap address: 0x00000007e0000000, size: 512 MB, Compressed Oops mode: Zero based, Oop shift amount: 3
Narrow klass base: 0x0000000800000000, Narrow klass shift: 0
Compressed class space size: 394264576 Address: 0x0000000800000000

Heap:
 garbage-first heap   total 262144K, used 181899K [0x00000007e0000000, 0x0000000800000000)
  region size 1024K, 147 young (150528K), 7 survivors (7168K)
 Metaspace       used 65046K, capacity 67372K, committed 67564K, reserved 444416K
  class space    used 8664K, capacity 9577K, committed 9676K, reserved 385024K
Heap Regions: E=young(eden), S=young(survivor), O=old, HS=humongous(starts), HC=humongous(continues), CS=collection set, F=free, A=archive, TAMS=top-at-mark-start (previous, next)
|   0|0x00000007e0000000, 0x00000007e0100000, 0x00000007e0100000|100%|HS|  |TAMS 0x00000007e0100000, 0x00000007e0000000| Complete 
|   1|0x00000007e0100000, 0x00000007e0200000, 0x00000007e0200000|100%|HC|  |TAMS 0x00000007e0200000, 0x00000007e0100000| Complete 
|   2|0x00000007e0200000, 0x00000007e0300000, 0x00000007e0300000|100%|HC|  |TAMS 0x00000007e0300000, 0x00000007e0200000| Complete 
|   3|0x00000007e0300000, 0x00000007e0400000, 0x00000007e0400000|100%|HC|  |TAMS 0x00000007e0400000, 0x00000007e0300000| Complete 
|   4|0x00000007e0400000, 0x00000007e0500000, 0x00000007e0500000|100%| O|  |TAMS 0x00000007e0500000, 0x00000007e0400000| Untracked 
|   5|0x00000007e0500000, 0x00000007e0600000, 0x00000007e0600000|100%| O|  |TAMS 0x00000007e0600000, 0x00000007e0500000| Untracked 
|   6|0x00000007e0600000, 0x00000007e0700000, 0x00000007e0700000|100%| O|  |TAMS 0x00000007e0700000, 0x00000007e0600000| Untracked 
|   7|0x00000007e0700000, 0x00000007e0800000, 0x00000007e0800000|100%| O|  |TAMS 0x00000007e0800000, 0x00000007e0700000| Untracked 
|   8|0x00000007e0800000, 0x00000007e0900000, 0x00000007e0900000|100%|HS|  |TAMS 0x00000007e0900000, 0x00000007e0800000| Complete 
|   9|0x00000007e0900000, 0x00000007e0a00000, 0x00000007e0a00000|100%| O|  |TAMS 0x00000007e0a00000, 0x00000007e0900000| Untracked 
|  10|0x00000007e0a00000, 0x00000007e0b00000, 0x00000007e0b00000|100%| O|  |TAMS 0x00000007e0b00000, 0x00000007e0a00000| Untracked 
|  11|0x00000007e0b00000, 0x00000007e0c00000, 0x00000007e0c00000|100%| O|  |TAMS 0x00000007e0c00000, 0x00000007e0b00000| Untracked 
|  12|0x00000007e0c00000, 0x00000007e0d00000, 0x00000007e0d00000|100%| O|  |TAMS 0x00000007e0d00000, 0x00000007e0c00000| Untracked 
|  13|0x00000007e0d00000, 0x00000007e0e00000, 0x00000007e0e00000|100%| O|  |TAMS 0x00000007e0e00000, 0x00000007e0d00000| Untracked 
|  14|0x00000007e0e00000, 0x00000007e0f00000, 0x00000007e0f00000|100%| O|  |TAMS 0x00000007e0f00000, 0x00000007e0e00000| Untracked 
|  15|0x00000007e0f00000, 0x00000007e1000000, 0x00000007e1000000|100%| O|  |TAMS 0x00000007e1000000, 0x00000007e0f00000| Untracked 
|  16|0x00000007e1000000, 0x00000007e1100000, 0x00000007e1100000|100%| O|  |TAMS 0x00000007e1100000, 0x00000007e1000000| Untracked 
|  17|0x00000007e1100000, 0x00000007e1200000, 0x00000007e1200000|100%| O|  |TAMS 0x00000007e1200000, 0x00000007e1100000| Untracked 
|  18|0x00000007e1200000, 0x00000007e1300000, 0x00000007e1300000|100%| O|  |TAMS 0x00000007e1300000, 0x00000007e1200000| Untracked 
|  19|0x00000007e1300000, 0x00000007e1400000, 0x00000007e1400000|100%| O|  |TAMS 0x00000007e1400000, 0x00000007e1300000| Untracked 
|  20|0x00000007e1400000, 0x00000007e1500000, 0x00000007e1500000|100%| O|  |TAMS 0x00000007e1500000, 0x00000007e1400000| Untracked 
|  21|0x00000007e1500000, 0x00000007e1600000, 0x00000007e1600000|100%| O|  |TAMS 0x00000007e1600000, 0x00000007e1500000| Untracked 
|  22|0x00000007e1600000, 0x00000007e1700000, 0x00000007e1700000|100%| O|  |TAMS 0x00000007e1700000, 0x00000007e1600000| Untracked 
|  23|0x00000007e1700000, 0x00000007e1800000, 0x00000007e1800000|100%| O|  |TAMS 0x00000007e1800000, 0x00000007e1700000| Untracked 
|  24|0x00000007e1800000, 0x00000007e1900000, 0x00000007e1900000|100%| O|  |TAMS 0x00000007e1900000, 0x00000007e1800000| Untracked 
|  25|0x00000007e1900000, 0x00000007e1a00000, 0x00000007e1a00000|100%| O|  |TAMS 0x00000007e1a00000, 0x00000007e1900000| Untracked 
|  26|0x00000007e1a00000, 0x00000007e1b00000, 0x00000007e1b00000|100%| O|  |TAMS 0x00000007e1b00000, 0x00000007e1a00000| Untracked 
|  27|0x00000007e1b00000, 0x00000007e1c00000, 0x00000007e1c00000|100%| O|  |TAMS 0x00000007e1c00000, 0x00000007e1b00000| Untracked 
|  28|0x00000007e1c00000, 0x00000007e1d00000, 0x00000007e1d00000|100%| O|  |TAMS 0x00000007e1d00000, 0x00000007e1c00000| Untracked 
|  29|0x00000007e1d00000, 0x00000007e1e00000, 0x00000007e1e00000|100%| O|  |TAMS 0x00000007e1e00000, 0x00000007e1d00000| Untracked 
|  30|0x00000007e1e00000, 0x00000007e1f00000, 0x00000007e1f00000|100%| O|  |TAMS 0x00000007e1f00000, 0x00000007e1e00000| Untracked 
|  31|0x00000007e1f00000, 0x00000007e2000000, 0x00000007e2000000|100%| O|  |TAMS 0x00000007e2000000, 0x00000007e1f00000| Untracked 
|  32|0x00000007e2000000, 0x00000007e2000000, 0x00000007e2100000|  0%| F|  |TAMS 0x00000007e2000000, 0x00000007e2000000| Untracked 
|  33|0x00000007e2100000, 0x00000007e2100000, 0x00000007e2200000|  0%| F|  |TAMS 0x00000007e2100000, 0x00000007e2100000| Untracked 
|  34|0x00000007e2200000, 0x00000007e2200000, 0x00000007e2300000|  0%| F|  |TAMS 0x00000007e2200000, 0x00000007e2200000| Untracked 
|  35|0x00000007e2300000, 0x00000007e2300000, 0x00000007e2400000|  0%| F|  |TAMS 0x00000007e2300000, 0x00000007e2300000| Untracked 
|  36|0x00000007e2400000, 0x00000007e2400000, 0x00000007e2500000|  0%| F|  |TAMS 0x00000007e2400000, 0x00000007e2400000| Untracked 
|  37|0x00000007e2500000, 0x00000007e2500000, 0x00000007e2600000|  0%| F|  |TAMS 0x00000007e2500000, 0x00000007e2500000| Untracked 
|  38|0x00000007e2600000, 0x00000007e2600000, 0x00000007e2700000|  0%| F|  |TAMS 0x00000007e2600000, 0x00000007e2600000| Untracked 
|  39|0x00000007e2700000, 0x00000007e2700000, 0x00000007e2800000|  0%| F|  |TAMS 0x00000007e2700000, 0x00000007e2700000| Untracked 
|  40|0x00000007e2800000, 0x00000007e2800000, 0x00000007e2900000|  0%| F|  |TAMS 0x00000007e2800000, 0x00000007e2800000| Untracked 
|  41|0x00000007e2900000, 0x00000007e2900000, 0x00000007e2a00000|  0%| F|  |TAMS 0x00000007e2900000, 0x00000007e2900000| Untracked 
|  42|0x00000007e2a00000, 0x00000007e2a00000, 0x00000007e2b00000|  0%| F|  |TAMS 0x00000007e2a00000, 0x00000007e2a00000| Untracked 
|  43|0x00000007e2b00000, 0x00000007e2b00000, 0x00000007e2c00000|  0%| F|  |TAMS 0x00000007e2b00000, 0x00000007e2b00000| Untracked 
|  44|0x00000007e2c00000, 0x00000007e2c00000, 0x00000007e2d00000|  0%| F|  |TAMS 0x00000007e2c00000, 0x00000007e2c00000| Untracked 
|  45|0x00000007e2d00000, 0x00000007e2d00000, 0x00000007e2e00000|  0%| F|  |TAMS 0x00000007e2d00000, 0x00000007e2d00000| Untracked 
|  46|0x00000007e2e00000, 0x00000007e2e00000, 0x00000007e2f00000|  0%| F|  |TAMS 0x00000007e2e00000, 0x00000007e2e00000| Untracked 
|  47|0x00000007e2f00000, 0x00000007e2f00000, 0x00000007e3000000|  0%| F|  |TAMS 0x00000007e2f00000, 0x00000007e2f00000| Untracked 
|  48|0x00000007e3000000, 0x00000007e3000000, 0x00000007e3100000|  0%| F|  |TAMS 0x00000007e3000000, 0x00000007e3000000| Untracked 
|  49|0x00000007e3100000, 0x00000007e3100000, 0x00000007e3200000|  0%| F|  |TAMS 0x00000007e3100000, 0x00000007e3100000| Untracked 
|  50|0x00000007e3200000, 0x00000007e3200000, 0x00000007e3300000|  0%| F|  |TAMS 0x00000007e3200000, 0x00000007e3200000| Untracked 
|  51|0x00000007e3300000, 0x00000007e3300000, 0x00000007e3400000|  0%| F|  |TAMS 0x00000007e3300000, 0x00000007e3300000| Untracked 
|  52|0x00000007e3400000, 0x00000007e3400000, 0x00000007e3500000|  0%| F|  |TAMS 0x00000007e3400000, 0x00000007e3400000| Untracked 
|  53|0x00000007e3500000, 0x00000007e3500000, 0x00000007e3600000|  0%| F|  |TAMS 0x00000007e3500000, 0x00000007e3500000| Untracked 
|  54|0x00000007e3600000, 0x00000007e3600000, 0x00000007e3700000|  0%| F|  |TAMS 0x00000007e3600000, 0x00000007e3600000| Untracked 
|  55|0x00000007e3700000, 0x00000007e3700000, 0x00000007e3800000|  0%| F|  |TAMS 0x00000007e3700000, 0x00000007e3700000| Untracked 
|  56|0x00000007e3800000, 0x00000007e3800000, 0x00000007e3900000|  0%| F|  |TAMS 0x00000007e3800000, 0x00000007e3800000| Untracked 
|  57|0x00000007e3900000, 0x00000007e3900000, 0x00000007e3a00000|  0%| F|  |TAMS 0x00000007e3900000, 0x00000007e3900000| Untracked 
|  58|0x00000007e3a00000, 0x00000007e3a00000, 0x00000007e3b00000|  0%| F|  |TAMS 0x00000007e3a00000, 0x00000007e3a00000| Untracked 
|  59|0x00000007e3b00000, 0x00000007e3b00000, 0x00000007e3c00000|  0%| F|  |TAMS 0x00000007e3b00000, 0x00000007e3b00000| Untracked 
|  60|0x00000007e3c00000, 0x00000007e3c00000, 0x00000007e3d00000|  0%| F|  |TAMS 0x00000007e3c00000, 0x00000007e3c00000| Untracked 
|  61|0x00000007e3d00000, 0x00000007e3d00000, 0x00000007e3e00000|  0%| F|  |TAMS 0x00000007e3d00000, 0x00000007e3d00000| Untracked 
|  62|0x00000007e3e00000, 0x00000007e3e00000, 0x00000007e3f00000|  0%| F|  |TAMS 0x00000007e3e00000, 0x00000007e3e00000| Untracked 
|  63|0x00000007e3f00000, 0x00000007e3f00000, 0x00000007e4000000|  0%| F|  |TAMS 0x00000007e3f00000, 0x00000007e3f00000| Untracked 
|  64|0x00000007e4000000, 0x00000007e4000000, 0x00000007e4100000|  0%| F|  |TAMS 0x00000007e4000000, 0x00000007e4000000| Untracked 
|  65|0x00000007e4100000, 0x00000007e4100000, 0x00000007e4200000|  0%| F|  |TAMS 0x00000007e4100000, 0x00000007e4100000| Untracked 
|  66|0x00000007e4200000, 0x00000007e4200000, 0x00000007e4300000|  0%| F|  |TAMS 0x00000007e4200000, 0x00000007e4200000| Untracked 
|  67|0x00000007e4300000, 0x00000007e4300000, 0x00000007e4400000|  0%| F|  |TAMS 0x00000007e4300000, 0x00000007e4300000| Untracked 
|  68|0x00000007e4400000, 0x00000007e4400000, 0x00000007e4500000|  0%| F|  |TAMS 0x00000007e4400000, 0x00000007e4400000| Untracked 
|  69|0x00000007e4500000, 0x00000007e4500000, 0x00000007e4600000|  0%| F|  |TAMS 0x00000007e4500000, 0x00000007e4500000| Untracked 
|  70|0x00000007e4600000, 0x00000007e4600000, 0x00000007e4700000|  0%| F|  |TAMS 0x00000007e4600000, 0x00000007e4600000| Untracked 
|  71|0x00000007e4700000, 0x00000007e4700000, 0x00000007e4800000|  0%| F|  |TAMS 0x00000007e4700000, 0x00000007e4700000| Untracked 
|  72|0x00000007e4800000, 0x00000007e4800000, 0x00000007e4900000|  0%| F|  |TAMS 0x00000007e4800000, 0x00000007e4800000| Untracked 
|  73|0x00000007e4900000, 0x00000007e4900000, 0x00000007e4a00000|  0%| F|  |TAMS 0x00000007e4900000, 0x00000007e4900000| Untracked 
|  74|0x00000007e4a00000, 0x00000007e4a00000, 0x00000007e4b00000|  0%| F|  |TAMS 0x00000007e4a00000, 0x00000007e4a00000| Untracked 
|  75|0x00000007e4b00000, 0x00000007e4b00000, 0x00000007e4c00000|  0%| F|  |TAMS 0x00000007e4b00000, 0x00000007e4b00000| Untracked 
|  76|0x00000007e4c00000, 0x00000007e4c00000, 0x00000007e4d00000|  0%| F|  |TAMS 0x00000007e4c00000, 0x00000007e4c00000| Untracked 
|  77|0x00000007e4d00000, 0x00000007e4d00000, 0x00000007e4e00000|  0%| F|  |TAMS 0x00000007e4d00000, 0x00000007e4d00000| Untracked 
|  78|0x00000007e4e00000, 0x00000007e4e00000, 0x00000007e4f00000|  0%| F|  |TAMS 0x00000007e4e00000, 0x00000007e4e00000| Untracked 
|  79|0x00000007e4f00000, 0x00000007e4f00000, 0x00000007e5000000|  0%| F|  |TAMS 0x00000007e4f00000, 0x00000007e4f00000| Untracked 
|  80|0x00000007e5000000, 0x00000007e5000000, 0x00000007e5100000|  0%| F|  |TAMS 0x00000007e5000000, 0x00000007e5000000| Untracked 
|  81|0x00000007e5100000, 0x00000007e5100000, 0x00000007e5200000|  0%| F|  |TAMS 0x00000007e5100000, 0x00000007e5100000| Untracked 
|  82|0x00000007e5200000, 0x00000007e5200000, 0x00000007e5300000|  0%| F|  |TAMS 0x00000007e5200000, 0x00000007e5200000| Untracked 
|  83|0x00000007e5300000, 0x00000007e5300000, 0x00000007e5400000|  0%| F|  |TAMS 0x00000007e5300000, 0x00000007e5300000| Untracked 
|  84|0x00000007e5400000, 0x00000007e5400000, 0x00000007e5500000|  0%| F|  |TAMS 0x00000007e5400000, 0x00000007e5400000| Untracked 
|  85|0x00000007e5500000, 0x00000007e5500000, 0x00000007e5600000|  0%| F|  |TAMS 0x00000007e5500000, 0x00000007e5500000| Untracked 
|  86|0x00000007e5600000, 0x00000007e5600000, 0x00000007e5700000|  0%| F|  |TAMS 0x00000007e5600000, 0x00000007e5600000| Untracked 
|  87|0x00000007e5700000, 0x00000007e5700000, 0x00000007e5800000|  0%| F|  |TAMS 0x00000007e5700000, 0x00000007e5700000| Untracked 
|  88|0x00000007e5800000, 0x00000007e5800000, 0x00000007e5900000|  0%| F|  |TAMS 0x00000007e5800000, 0x00000007e5800000| Untracked 
|  89|0x00000007e5900000, 0x00000007e5900000, 0x00000007e5a00000|  0%| F|  |TAMS 0x00000007e5900000, 0x00000007e5900000| Untracked 
|  90|0x00000007e5a00000, 0x00000007e5a00000, 0x00000007e5b00000|  0%| F|  |TAMS 0x00000007e5a00000, 0x00000007e5a00000| Untracked 
|  91|0x00000007e5b00000, 0x00000007e5b00000, 0x00000007e5c00000|  0%| F|  |TAMS 0x00000007e5b00000, 0x00000007e5b00000| Untracked 
|  92|0x00000007e5c00000, 0x00000007e5c00000, 0x00000007e5d00000|  0%| F|  |TAMS 0x00000007e5c00000, 0x00000007e5c00000| Untracked 
|  93|0x00000007e5d00000, 0x00000007e5d00000, 0x00000007e5e00000|  0%| F|  |TAMS 0x00000007e5d00000, 0x00000007e5d00000| Untracked 
|  94|0x00000007e5e00000, 0x00000007e5e00000, 0x00000007e5f00000|  0%| F|  |TAMS 0x00000007e5e00000, 0x00000007e5e00000| Untracked 
|  95|0x00000007e5f00000, 0x00000007e5f00000, 0x00000007e6000000|  0%| F|  |TAMS 0x00000007e5f00000, 0x00000007e5f00000| Untracked 
|  96|0x00000007e6000000, 0x00000007e6000000, 0x00000007e6100000|  0%| F|  |TAMS 0x00000007e6000000, 0x00000007e6000000| Untracked 
|  97|0x00000007e6100000, 0x00000007e6100000, 0x00000007e6200000|  0%| F|  |TAMS 0x00000007e6100000, 0x00000007e6100000| Untracked 
|  98|0x00000007e6200000, 0x00000007e6200000, 0x00000007e6300000|  0%| F|  |TAMS 0x00000007e6200000, 0x00000007e6200000| Untracked 
|  99|0x00000007e6300000, 0x00000007e6300000, 0x00000007e6400000|  0%| F|  |TAMS 0x00000007e6300000, 0x00000007e6300000| Untracked 
| 100|0x00000007e6400000, 0x00000007e6400000, 0x00000007e6500000|  0%| F|  |TAMS 0x00000007e6400000, 0x00000007e6400000| Untracked 
| 101|0x00000007e6500000, 0x00000007e6500000, 0x00000007e6600000|  0%| F|  |TAMS 0x00000007e6500000, 0x00000007e6500000| Untracked 
| 102|0x00000007e6600000, 0x00000007e6600000, 0x00000007e6700000|  0%| F|  |TAMS 0x00000007e6600000, 0x00000007e6600000| Untracked 
| 103|0x00000007e6700000, 0x00000007e6700000, 0x00000007e6800000|  0%| F|  |TAMS 0x00000007e6700000, 0x00000007e6700000| Untracked 
| 104|0x00000007e6800000, 0x00000007e6800000, 0x00000007e6900000|  0%| F|  |TAMS 0x00000007e6800000, 0x00000007e6800000| Untracked 
| 105|0x00000007e6900000, 0x00000007e6900000, 0x00000007e6a00000|  0%| F|  |TAMS 0x00000007e6900000, 0x00000007e6900000| Untracked 
| 106|0x00000007e6a00000, 0x00000007e6a00000, 0x00000007e6b00000|  0%| F|  |TAMS 0x00000007e6a00000, 0x00000007e6a00000| Untracked 
| 107|0x00000007e6b00000, 0x00000007e6b00000, 0x00000007e6c00000|  0%| F|  |TAMS 0x00000007e6b00000, 0x00000007e6b00000| Untracked 
| 108|0x00000007e6c00000, 0x00000007e6c53948, 0x00000007e6d00000| 32%| E|  |TAMS 0x00000007e6c00000, 0x00000007e6c00000| Complete 
| 109|0x00000007e6d00000, 0x00000007e6e00000, 0x00000007e6e00000|100%| E|CS|TAMS 0x00000007e6d00000, 0x00000007e6d00000| Complete 
| 110|0x00000007e6e00000, 0x00000007e6f00000, 0x00000007e6f00000|100%| E|CS|TAMS 0x00000007e6e00000, 0x00000007e6e00000| Complete 
| 111|0x00000007e6f00000, 0x00000007e7000000, 0x00000007e7000000|100%| E|CS|TAMS 0x00000007e6f00000, 0x00000007e6f00000| Complete 
| 112|0x00000007e7000000, 0x00000007e7100000, 0x00000007e7100000|100%| E|CS|TAMS 0x00000007e7000000, 0x00000007e7000000| Complete 
| 113|0x00000007e7100000, 0x00000007e7200000, 0x00000007e7200000|100%| E|CS|TAMS 0x00000007e7100000, 0x00000007e7100000| Complete 
| 114|0x00000007e7200000, 0x00000007e7300000, 0x00000007e7300000|100%| E|CS|TAMS 0x00000007e7200000, 0x00000007e7200000| Complete 
| 115|0x00000007e7300000, 0x00000007e7400000, 0x00000007e7400000|100%| E|CS|TAMS 0x00000007e7300000, 0x00000007e7300000| Complete 
| 116|0x00000007e7400000, 0x00000007e7500000, 0x00000007e7500000|100%| E|CS|TAMS 0x00000007e7400000, 0x00000007e7400000| Complete 
| 117|0x00000007e7500000, 0x00000007e7600000, 0x00000007e7600000|100%| E|CS|TAMS 0x00000007e7500000, 0x00000007e7500000| Complete 
| 118|0x00000007e7600000, 0x00000007e7700000, 0x00000007e7700000|100%| E|CS|TAMS 0x00000007e7600000, 0x00000007e7600000| Complete 
| 119|0x00000007e7700000, 0x00000007e7800000, 0x00000007e7800000|100%| E|CS|TAMS 0x00000007e7700000, 0x00000007e7700000| Complete 
| 120|0x00000007e7800000, 0x00000007e7900000, 0x00000007e7900000|100%| E|CS|TAMS 0x00000007e7800000, 0x00000007e7800000| Complete 
| 121|0x00000007e7900000, 0x00000007e7a00000, 0x00000007e7a00000|100%| E|CS|TAMS 0x00000007e7900000, 0x00000007e7900000| Complete 
| 122|0x00000007e7a00000, 0x00000007e7b00000, 0x00000007e7b00000|100%| E|CS|TAMS 0x00000007e7a00000, 0x00000007e7a00000| Complete 
| 123|0x00000007e7b00000, 0x00000007e7c00000, 0x00000007e7c00000|100%| E|CS|TAMS 0x00000007e7b00000, 0x00000007e7b00000| Complete 
| 124|0x00000007e7c00000, 0x00000007e7d00000, 0x00000007e7d00000|100%| E|CS|TAMS 0x00000007e7c00000, 0x00000007e7c00000| Complete 
| 125|0x00000007e7d00000, 0x00000007e7e00000, 0x00000007e7e00000|100%| E|CS|TAMS 0x00000007e7d00000, 0x00000007e7d00000| Complete 
| 126|0x00000007e7e00000, 0x00000007e7f00000, 0x00000007e7f00000|100%| E|CS|TAMS 0x00000007e7e00000, 0x00000007e7e00000| Complete 
| 127|0x00000007e7f00000, 0x00000007e8000000, 0x00000007e8000000|100%| E|CS|TAMS 0x00000007e7f00000, 0x00000007e7f00000| Complete 
| 128|0x00000007e8000000, 0x00000007e8100000, 0x00000007e8100000|100%| E|CS|TAMS 0x00000007e8000000, 0x00000007e8000000| Complete 
| 129|0x00000007e8100000, 0x00000007e8200000, 0x00000007e8200000|100%| E|CS|TAMS 0x00000007e8100000, 0x00000007e8100000| Complete 
| 130|0x00000007e8200000, 0x00000007e8300000, 0x00000007e8300000|100%| E|CS|TAMS 0x00000007e8200000, 0x00000007e8200000| Complete 
| 131|0x00000007e8300000, 0x00000007e8400000, 0x00000007e8400000|100%| E|CS|TAMS 0x00000007e8300000, 0x00000007e8300000| Complete 
| 132|0x00000007e8400000, 0x00000007e8500000, 0x00000007e8500000|100%| E|CS|TAMS 0x00000007e8400000, 0x00000007e8400000| Complete 
| 133|0x00000007e8500000, 0x00000007e8600000, 0x00000007e8600000|100%| E|CS|TAMS 0x00000007e8500000, 0x00000007e8500000| Complete 
| 134|0x00000007e8600000, 0x00000007e8700000, 0x00000007e8700000|100%| E|CS|TAMS 0x00000007e8600000, 0x00000007e8600000| Complete 
| 135|0x00000007e8700000, 0x00000007e8800000, 0x00000007e8800000|100%| E|CS|TAMS 0x00000007e8700000, 0x00000007e8700000| Complete 
| 136|0x00000007e8800000, 0x00000007e8900000, 0x00000007e8900000|100%| E|CS|TAMS 0x00000007e8800000, 0x00000007e8800000| Complete 
| 137|0x00000007e8900000, 0x00000007e8a00000, 0x00000007e8a00000|100%| E|CS|TAMS 0x00000007e8900000, 0x00000007e8900000| Complete 
| 138|0x00000007e8a00000, 0x00000007e8b00000, 0x00000007e8b00000|100%| E|CS|TAMS 0x00000007e8a00000, 0x00000007e8a00000| Complete 
| 139|0x00000007e8b00000, 0x00000007e8c00000, 0x00000007e8c00000|100%| E|CS|TAMS 0x00000007e8b00000, 0x00000007e8b00000| Complete 
| 140|0x00000007e8c00000, 0x00000007e8d00000, 0x00000007e8d00000|100%| E|CS|TAMS 0x00000007e8c00000, 0x00000007e8c00000| Complete 
| 141|0x00000007e8d00000, 0x00000007e8e00000, 0x00000007e8e00000|100%| E|CS|TAMS 0x00000007e8d00000, 0x00000007e8d00000| Complete 
| 142|0x00000007e8e00000, 0x00000007e8f00000, 0x00000007e8f00000|100%| E|CS|TAMS 0x00000007e8e00000, 0x00000007e8e00000| Complete 
| 143|0x00000007e8f00000, 0x00000007e9000000, 0x00000007e9000000|100%| E|CS|TAMS 0x00000007e8f00000, 0x00000007e8f00000| Complete 
| 144|0x00000007e9000000, 0x00000007e9100000, 0x00000007e9100000|100%| E|CS|TAMS 0x00000007e9000000, 0x00000007e9000000| Complete 
| 145|0x00000007e9100000, 0x00000007e9200000, 0x00000007e9200000|100%| E|CS|TAMS 0x00000007e9100000, 0x00000007e9100000| Complete 
| 146|0x00000007e9200000, 0x00000007e9300000, 0x00000007e9300000|100%| E|CS|TAMS 0x00000007e9200000, 0x00000007e9200000| Complete 
| 147|0x00000007e9300000, 0x00000007e9400000, 0x00000007e9400000|100%| E|CS|TAMS 0x00000007e9300000, 0x00000007e9300000| Complete 
| 148|0x00000007e9400000, 0x00000007e9500000, 0x00000007e9500000|100%| E|CS|TAMS 0x00000007e9400000, 0x00000007e9400000| Complete 
| 149|0x00000007e9500000, 0x00000007e9600000, 0x00000007e9600000|100%| E|CS|TAMS 0x00000007e9500000, 0x00000007e9500000| Complete 
| 150|0x00000007e9600000, 0x00000007e9700000, 0x00000007e9700000|100%| E|CS|TAMS 0x00000007e9600000, 0x00000007e9600000| Complete 
| 151|0x00000007e9700000, 0x00000007e9800000, 0x00000007e9800000|100%| E|CS|TAMS 0x00000007e9700000, 0x00000007e9700000| Complete 
| 152|0x00000007e9800000, 0x00000007e9900000, 0x00000007e9900000|100%| E|CS|TAMS 0x00000007e9800000, 0x00000007e9800000| Complete 
| 153|0x00000007e9900000, 0x00000007e9a00000, 0x00000007e9a00000|100%| E|CS|TAMS 0x00000007e9900000, 0x00000007e9900000| Complete 
| 154|0x00000007e9a00000, 0x00000007e9b00000, 0x00000007e9b00000|100%| E|CS|TAMS 0x00000007e9a00000, 0x00000007e9a00000| Complete 
| 155|0x00000007e9b00000, 0x00000007e9c00000, 0x00000007e9c00000|100%| E|CS|TAMS 0x00000007e9b00000, 0x00000007e9b00000| Complete 
| 156|0x00000007e9c00000, 0x00000007e9d00000, 0x00000007e9d00000|100%| E|CS|TAMS 0x00000007e9c00000, 0x00000007e9c00000| Complete 
| 157|0x00000007e9d00000, 0x00000007e9e00000, 0x00000007e9e00000|100%| E|CS|TAMS 0x00000007e9d00000, 0x00000007e9d00000| Complete 
| 158|0x00000007e9e00000, 0x00000007e9f00000, 0x00000007e9f00000|100%| E|CS|TAMS 0x00000007e9e00000, 0x00000007e9e00000| Complete 
| 159|0x00000007e9f00000, 0x00000007ea000000, 0x00000007ea000000|100%| E|CS|TAMS 0x00000007e9f00000, 0x00000007e9f00000| Complete 
| 160|0x00000007ea000000, 0x00000007ea100000, 0x00000007ea100000|100%| E|CS|TAMS 0x00000007ea000000, 0x00000007ea000000| Complete 
| 161|0x00000007ea100000, 0x00000007ea200000, 0x00000007ea200000|100%| E|CS|TAMS 0x00000007ea100000, 0x00000007ea100000| Complete 
| 162|0x00000007ea200000, 0x00000007ea300000, 0x00000007ea300000|100%| E|CS|TAMS 0x00000007ea200000, 0x00000007ea200000| Complete 
| 163|0x00000007ea300000, 0x00000007ea400000, 0x00000007ea400000|100%| E|CS|TAMS 0x00000007ea300000, 0x00000007ea300000| Complete 
| 164|0x00000007ea400000, 0x00000007ea500000, 0x00000007ea500000|100%| E|CS|TAMS 0x00000007ea400000, 0x00000007ea400000| Complete 
| 165|0x00000007ea500000, 0x00000007ea600000, 0x00000007ea600000|100%| E|CS|TAMS 0x00000007ea500000, 0x00000007ea500000| Complete 
| 166|0x00000007ea600000, 0x00000007ea700000, 0x00000007ea700000|100%| E|CS|TAMS 0x00000007ea600000, 0x00000007ea600000| Complete 
| 167|0x00000007ea700000, 0x00000007ea800000, 0x00000007ea800000|100%| E|CS|TAMS 0x00000007ea700000, 0x00000007ea700000| Complete 
| 168|0x00000007ea800000, 0x00000007ea900000, 0x00000007ea900000|100%| E|CS|TAMS 0x00000007ea800000, 0x00000007ea800000| Complete 
| 169|0x00000007ea900000, 0x00000007eaa00000, 0x00000007eaa00000|100%| E|CS|TAMS 0x00000007ea900000, 0x00000007ea900000| Complete 
| 170|0x00000007eaa00000, 0x00000007eab00000, 0x00000007eab00000|100%| E|CS|TAMS 0x00000007eaa00000, 0x00000007eaa00000| Complete 
| 171|0x00000007eab00000, 0x00000007eac00000, 0x00000007eac00000|100%| E|CS|TAMS 0x00000007eab00000, 0x00000007eab00000| Complete 
| 172|0x00000007eac00000, 0x00000007ead00000, 0x00000007ead00000|100%| E|CS|TAMS 0x00000007eac00000, 0x00000007eac00000| Complete 
| 173|0x00000007ead00000, 0x00000007eae00000, 0x00000007eae00000|100%| E|CS|TAMS 0x00000007ead00000, 0x00000007ead00000| Complete 
| 174|0x00000007eae00000, 0x00000007eaf00000, 0x00000007eaf00000|100%| E|CS|TAMS 0x00000007eae00000, 0x00000007eae00000| Complete 
| 175|0x00000007eaf00000, 0x00000007eb000000, 0x00000007eb000000|100%| E|CS|TAMS 0x00000007eaf00000, 0x00000007eaf00000| Complete 
| 176|0x00000007eb000000, 0x00000007eb100000, 0x00000007eb100000|100%| E|CS|TAMS 0x00000007eb000000, 0x00000007eb000000| Complete 
| 177|0x00000007eb100000, 0x00000007eb200000, 0x00000007eb200000|100%| E|CS|TAMS 0x00000007eb100000, 0x00000007eb100000| Complete 
| 178|0x00000007eb200000, 0x00000007eb300000, 0x00000007eb300000|100%| E|CS|TAMS 0x00000007eb200000, 0x00000007eb200000| Complete 
| 179|0x00000007eb300000, 0x00000007eb400000, 0x00000007eb400000|100%| E|CS|TAMS 0x00000007eb300000, 0x00000007eb300000| Complete 
| 180|0x00000007eb400000, 0x00000007eb500000, 0x00000007eb500000|100%| E|CS|TAMS 0x00000007eb400000, 0x00000007eb400000| Complete 
| 181|0x00000007eb500000, 0x00000007eb600000, 0x00000007eb600000|100%| E|CS|TAMS 0x00000007eb500000, 0x00000007eb500000| Complete 
| 182|0x00000007eb600000, 0x00000007eb700000, 0x00000007eb700000|100%| E|CS|TAMS 0x00000007eb600000, 0x00000007eb600000| Complete 
| 183|0x00000007eb700000, 0x00000007eb800000, 0x00000007eb800000|100%| E|CS|TAMS 0x00000007eb700000, 0x00000007eb700000| Complete 
| 184|0x00000007eb800000, 0x00000007eb900000, 0x00000007eb900000|100%| E|CS|TAMS 0x00000007eb800000, 0x00000007eb800000| Complete 
| 185|0x00000007eb900000, 0x00000007eba00000, 0x00000007eba00000|100%| E|CS|TAMS 0x00000007eb900000, 0x00000007eb900000| Complete 
| 186|0x00000007eba00000, 0x00000007ebb00000, 0x00000007ebb00000|100%| E|CS|TAMS 0x00000007eba00000, 0x00000007eba00000| Complete 
| 187|0x00000007ebb00000, 0x00000007ebc00000, 0x00000007ebc00000|100%| E|CS|TAMS 0x00000007ebb00000, 0x00000007ebb00000| Complete 
| 188|0x00000007ebc00000, 0x00000007ebd00000, 0x00000007ebd00000|100%| E|CS|TAMS 0x00000007ebc00000, 0x00000007ebc00000| Complete 
| 189|0x00000007ebd00000, 0x00000007ebe00000, 0x00000007ebe00000|100%| E|CS|TAMS 0x00000007ebd00000, 0x00000007ebd00000| Complete 
| 190|0x00000007ebe00000, 0x00000007ebf00000, 0x00000007ebf00000|100%| E|CS|TAMS 0x00000007ebe00000, 0x00000007ebe00000| Complete 
| 191|0x00000007ebf00000, 0x00000007ec000000, 0x00000007ec000000|100%| E|CS|TAMS 0x00000007ebf00000, 0x00000007ebf00000| Complete 
| 192|0x00000007ec000000, 0x00000007ec100000, 0x00000007ec100000|100%| E|CS|TAMS 0x00000007ec000000, 0x00000007ec000000| Complete 
| 193|0x00000007ec100000, 0x00000007ec200000, 0x00000007ec200000|100%| E|CS|TAMS 0x00000007ec100000, 0x00000007ec100000| Complete 
| 194|0x00000007ec200000, 0x00000007ec300000, 0x00000007ec300000|100%| E|CS|TAMS 0x00000007ec200000, 0x00000007ec200000| Complete 
| 195|0x00000007ec300000, 0x00000007ec400000, 0x00000007ec400000|100%| E|CS|TAMS 0x00000007ec300000, 0x00000007ec300000| Complete 
| 196|0x00000007ec400000, 0x00000007ec500000, 0x00000007ec500000|100%| E|CS|TAMS 0x00000007ec400000, 0x00000007ec400000| Complete 
| 197|0x00000007ec500000, 0x00000007ec600000, 0x00000007ec600000|100%| E|CS|TAMS 0x00000007ec500000, 0x00000007ec500000| Complete 
| 198|0x00000007ec600000, 0x00000007ec700000, 0x00000007ec700000|100%| E|CS|TAMS 0x00000007ec600000, 0x00000007ec600000| Complete 
| 199|0x00000007ec700000, 0x00000007ec800000, 0x00000007ec800000|100%| E|CS|TAMS 0x00000007ec700000, 0x00000007ec700000| Complete 
| 200|0x00000007ec800000, 0x00000007ec900000, 0x00000007ec900000|100%| E|CS|TAMS 0x00000007ec800000, 0x00000007ec800000| Complete 
| 201|0x00000007ec900000, 0x00000007eca00000, 0x00000007eca00000|100%| E|CS|TAMS 0x00000007ec900000, 0x00000007ec900000| Complete 
| 202|0x00000007eca00000, 0x00000007ecb00000, 0x00000007ecb00000|100%| E|CS|TAMS 0x00000007eca00000, 0x00000007eca00000| Complete 
| 203|0x00000007ecb00000, 0x00000007ecc00000, 0x00000007ecc00000|100%| E|CS|TAMS 0x00000007ecb00000, 0x00000007ecb00000| Complete 
| 204|0x00000007ecc00000, 0x00000007ecd00000, 0x00000007ecd00000|100%| E|CS|TAMS 0x00000007ecc00000, 0x00000007ecc00000| Complete 
| 205|0x00000007ecd00000, 0x00000007ece00000, 0x00000007ece00000|100%| E|CS|TAMS 0x00000007ecd00000, 0x00000007ecd00000| Complete 
| 206|0x00000007ece00000, 0x00000007ecf00000, 0x00000007ecf00000|100%| E|CS|TAMS 0x00000007ece00000, 0x00000007ece00000| Complete 
| 207|0x00000007ecf00000, 0x00000007ed000000, 0x00000007ed000000|100%| E|CS|TAMS 0x00000007ecf00000, 0x00000007ecf00000| Complete 
| 208|0x00000007ed000000, 0x00000007ed100000, 0x00000007ed100000|100%| E|CS|TAMS 0x00000007ed000000, 0x00000007ed000000| Complete 
| 209|0x00000007ed100000, 0x00000007ed200000, 0x00000007ed200000|100%| E|CS|TAMS 0x00000007ed100000, 0x00000007ed100000| Complete 
| 210|0x00000007ed200000, 0x00000007ed300000, 0x00000007ed300000|100%| E|CS|TAMS 0x00000007ed200000, 0x00000007ed200000| Complete 
| 211|0x00000007ed300000, 0x00000007ed400000, 0x00000007ed400000|100%| E|CS|TAMS 0x00000007ed300000, 0x00000007ed300000| Complete 
| 212|0x00000007ed400000, 0x00000007ed500000, 0x00000007ed500000|100%| E|CS|TAMS 0x00000007ed400000, 0x00000007ed400000| Complete 
| 213|0x00000007ed500000, 0x00000007ed600000, 0x00000007ed600000|100%| E|CS|TAMS 0x00000007ed500000, 0x00000007ed500000| Complete 
| 214|0x00000007ed600000, 0x00000007ed700000, 0x00000007ed700000|100%| E|CS|TAMS 0x00000007ed600000, 0x00000007ed600000| Complete 
| 215|0x00000007ed700000, 0x00000007ed800000, 0x00000007ed800000|100%| E|CS|TAMS 0x00000007ed700000, 0x00000007ed700000| Complete 
| 216|0x00000007ed800000, 0x00000007ed900000, 0x00000007ed900000|100%| E|CS|TAMS 0x00000007ed800000, 0x00000007ed800000| Complete 
| 217|0x00000007ed900000, 0x00000007eda00000, 0x00000007eda00000|100%| E|CS|TAMS 0x00000007ed900000, 0x00000007ed900000| Complete 
| 218|0x00000007eda00000, 0x00000007edb00000, 0x00000007edb00000|100%| E|CS|TAMS 0x00000007eda00000, 0x00000007eda00000| Complete 
| 219|0x00000007edb00000, 0x00000007edc00000, 0x00000007edc00000|100%| E|CS|TAMS 0x00000007edb00000, 0x00000007edb00000| Complete 
| 220|0x00000007edc00000, 0x00000007edd00000, 0x00000007edd00000|100%| E|CS|TAMS 0x00000007edc00000, 0x00000007edc00000| Complete 
| 221|0x00000007edd00000, 0x00000007ede00000, 0x00000007ede00000|100%| E|CS|TAMS 0x00000007edd00000, 0x00000007edd00000| Complete 
| 222|0x00000007ede00000, 0x00000007edf00000, 0x00000007edf00000|100%| E|CS|TAMS 0x00000007ede00000, 0x00000007ede00000| Complete 
| 223|0x00000007edf00000, 0x00000007ee000000, 0x00000007ee000000|100%| E|CS|TAMS 0x00000007edf00000, 0x00000007edf00000| Complete 
| 224|0x00000007ee000000, 0x00000007ee100000, 0x00000007ee100000|100%| E|CS|TAMS 0x00000007ee000000, 0x00000007ee000000| Complete 
| 225|0x00000007ee100000, 0x00000007ee200000, 0x00000007ee200000|100%| E|CS|TAMS 0x00000007ee100000, 0x00000007ee100000| Complete 
| 226|0x00000007ee200000, 0x00000007ee300000, 0x00000007ee300000|100%| E|CS|TAMS 0x00000007ee200000, 0x00000007ee200000| Complete 
| 227|0x00000007ee300000, 0x00000007ee400000, 0x00000007ee400000|100%| E|CS|TAMS 0x00000007ee300000, 0x00000007ee300000| Complete 
| 228|0x00000007ee400000, 0x00000007ee500000, 0x00000007ee500000|100%| E|CS|TAMS 0x00000007ee400000, 0x00000007ee400000| Complete 
| 229|0x00000007ee500000, 0x00000007ee600000, 0x00000007ee600000|100%| E|CS|TAMS 0x00000007ee500000, 0x00000007ee500000| Complete 
| 230|0x00000007ee600000, 0x00000007ee700000, 0x00000007ee700000|100%| E|CS|TAMS 0x00000007ee600000, 0x00000007ee600000| Complete 
| 231|0x00000007ee700000, 0x00000007ee800000, 0x00000007ee800000|100%| E|CS|TAMS 0x00000007ee700000, 0x00000007ee700000| Complete 
| 232|0x00000007ee800000, 0x00000007ee900000, 0x00000007ee900000|100%| E|CS|TAMS 0x00000007ee800000, 0x00000007ee800000| Complete 
| 233|0x00000007ee900000, 0x00000007eea00000, 0x00000007eea00000|100%| E|CS|TAMS 0x00000007ee900000, 0x00000007ee900000| Complete 
| 234|0x00000007eea00000, 0x00000007eeb00000, 0x00000007eeb00000|100%| E|CS|TAMS 0x00000007eea00000, 0x00000007eea00000| Complete 
| 235|0x00000007eeb00000, 0x00000007eec00000, 0x00000007eec00000|100%| E|CS|TAMS 0x00000007eeb00000, 0x00000007eeb00000| Complete 
| 236|0x00000007eec00000, 0x00000007eed00000, 0x00000007eed00000|100%| E|CS|TAMS 0x00000007eec00000, 0x00000007eec00000| Complete 
| 237|0x00000007eed00000, 0x00000007eee00000, 0x00000007eee00000|100%| E|CS|TAMS 0x00000007eed00000, 0x00000007eed00000| Complete 
| 238|0x00000007eee00000, 0x00000007eef00000, 0x00000007eef00000|100%| E|CS|TAMS 0x00000007eee00000, 0x00000007eee00000| Complete 
| 239|0x00000007eef00000, 0x00000007ef000000, 0x00000007ef000000|100%| E|CS|TAMS 0x00000007eef00000, 0x00000007eef00000| Complete 
| 240|0x00000007ef000000, 0x00000007ef100000, 0x00000007ef100000|100%| E|CS|TAMS 0x00000007ef000000, 0x00000007ef000000| Complete 
| 241|0x00000007ef100000, 0x00000007ef200000, 0x00000007ef200000|100%| E|CS|TAMS 0x00000007ef100000, 0x00000007ef100000| Complete 
| 242|0x00000007ef200000, 0x00000007ef2a2f50, 0x00000007ef300000| 63%| S|CS|TAMS 0x00000007ef200000, 0x00000007ef200000| Complete 
| 243|0x00000007ef300000, 0x00000007ef400000, 0x00000007ef400000|100%| S|CS|TAMS 0x00000007ef300000, 0x00000007ef300000| Complete 
| 244|0x00000007ef400000, 0x00000007ef500000, 0x00000007ef500000|100%| S|CS|TAMS 0x00000007ef400000, 0x00000007ef400000| Complete 
| 245|0x00000007ef500000, 0x00000007ef600000, 0x00000007ef600000|100%| S|CS|TAMS 0x00000007ef500000, 0x00000007ef500000| Complete 
| 246|0x00000007ef600000, 0x00000007ef700000, 0x00000007ef700000|100%| S|CS|TAMS 0x00000007ef600000, 0x00000007ef600000| Complete 
| 247|0x00000007ef700000, 0x00000007ef800000, 0x00000007ef800000|100%| S|CS|TAMS 0x00000007ef700000, 0x00000007ef700000| Complete 
| 248|0x00000007ef800000, 0x00000007ef900000, 0x00000007ef900000|100%| S|CS|TAMS 0x00000007ef800000, 0x00000007ef800000| Complete 
| 249|0x00000007ef900000, 0x00000007efa00000, 0x00000007efa00000|100%| E|CS|TAMS 0x00000007ef900000, 0x00000007ef900000| Complete 
| 250|0x00000007efa00000, 0x00000007efb00000, 0x00000007efb00000|100%| E|CS|TAMS 0x00000007efa00000, 0x00000007efa00000| Complete 
| 251|0x00000007efb00000, 0x00000007efc00000, 0x00000007efc00000|100%| E|CS|TAMS 0x00000007efb00000, 0x00000007efb00000| Complete 
| 252|0x00000007efc00000, 0x00000007efd00000, 0x00000007efd00000|100%| E|CS|TAMS 0x00000007efc00000, 0x00000007efc00000| Complete 
| 253|0x00000007efd00000, 0x00000007efe00000, 0x00000007efe00000|100%| E|CS|TAMS 0x00000007efd00000, 0x00000007efd00000| Complete 
| 254|0x00000007efe00000, 0x00000007eff00000, 0x00000007eff00000|100%| E|CS|TAMS 0x00000007efe00000, 0x00000007efe00000| Complete 
| 255|0x00000007eff00000, 0x00000007f0000000, 0x00000007f0000000|100%| E|CS|TAMS 0x00000007eff00000, 0x00000007eff00000| Complete 

Card table byte_map: [0x0000000120753000,0x0000000120853000] _byte_map_base: 0x000000011c853000

Marking Bits (Prev, Next): (CMBitMap*) 0x00007f9b46022a50, (CMBitMap*) 0x00007f9b46022a18
 Prev Bits: [0x0000000121153000, 0x0000000121953000)
 Next Bits: [0x0000000120953000, 0x0000000121153000)

Polling page: 0x0000000106c58000

Metaspace:

Usage:
  Non-class:     56.47 MB capacity,    55.11 MB ( 98%) used,     1.12 MB (  2%) free+waste,   252.31 KB ( <1%) overhead. 
      Class:      9.37 MB capacity,     8.48 MB ( 90%) used,   791.80 KB (  8%) free+waste,   124.19 KB (  1%) overhead. 
       Both:     65.85 MB capacity,    63.58 MB ( 97%) used,     1.90 MB (  3%) free+waste,   376.50 KB ( <1%) overhead. 

Virtual space:
  Non-class space:       58.00 MB reserved,      56.53 MB ( 97%) committed 
      Class space:      376.00 MB reserved,       9.45 MB (  3%) committed 
             Both:      434.00 MB reserved,      65.98 MB ( 15%) committed 

Chunk freelists:
   Non-Class:  0 bytes
       Class:  0 bytes
        Both:  0 bytes

MaxMetaspaceSize: 384.00 MB
CompressedClassSpaceSize: 376.00 MB
Initial GC threshold: 20.80 MB
Current GC threshold: 98.09 MB
CDS: off

CodeHeap 'non-profiled nmethods': size=120032Kb used=3491Kb max_used=3491Kb free=116540Kb
 bounds [0x000000011921b000, 0x000000011958b000, 0x0000000120753000]
CodeHeap 'profiled nmethods': size=120028Kb used=12351Kb max_used=12351Kb free=107676Kb
 bounds [0x0000000111ce4000, 0x00000001128f4000, 0x000000011921b000]
CodeHeap 'non-nmethods': size=5700Kb used=2318Kb max_used=2365Kb free=3381Kb
 bounds [0x0000000111753000, 0x00000001119c3000, 0x0000000111ce4000]
 total_blobs=6478 nmethods=5656 adapters=734
 compilation: enabled
              stopped_count=0, restarted_count=0
 full_count=0

Compilation events (20 events):
Event: 7.158 Thread 0x00007f9b48026800 5671       4       java.util.concurrent.ConcurrentLinkedQueue::poll (84 bytes)
Event: 7.159 Thread 0x00007f9b45043800 5673       3       org.gradle.internal.hash.Hashing$MessageDigestHashFunction::newHasher (12 bytes)
Event: 7.160 Thread 0x00007f9b45043800 nmethod 5673 0x00000001128dfa10 code [0x00000001128dfc40, 0x00000001128e0500]
Event: 7.160 Thread 0x00007f9b45043800 5674       3       org.gradle.internal.hash.Hashing$DefaultHasher::<init> (10 bytes)
Event: 7.160 Thread 0x00007f9b45043800 nmethod 5674 0x00000001128e0790 code [0x00000001128e0940, 0x00000001128e0af0]
Event: 7.160 Thread 0x00007f9b45043800 5675       3       org.gradle.internal.hash.Hashing$DefaultHasher::hash (10 bytes)
Event: 7.160 Thread 0x00007f9b45043800 nmethod 5675 0x00000001128e0b90 code [0x00000001128e0da0, 0x00000001128e1300]
Event: 7.162 Thread 0x00007f9b45043800 5676       3       org.gradle.internal.logging.sink.OutputEventTransformer::onOutput (369 bytes)
Event: 7.163 Thread 0x00007f9b45043800 nmethod 5676 0x00000001128e1510 code [0x00000001128e1980, 0x00000001128e4cd0]
Event: 7.163 Thread 0x00007f9b45043800 5677       3       org.gradle.internal.snapshot.VfsRelativePath::lengthOfCommonPrefix (173 bytes)
Event: 7.166 Thread 0x00007f9b45043800 nmethod 5677 0x00000001128e5690 code [0x00000001128e5ac0, 0x00000001128e7d20]
Event: 7.166 Thread 0x00007f9b45043800 5679       3       com.google.common.collect.ImmutableSortedMap::get (27 bytes)
Event: 7.167 Thread 0x00007f9b45043800 nmethod 5679 0x00000001128e8990 code [0x00000001128e8b80, 0x00000001128e8f50]
Event: 7.167 Thread 0x00007f9b45043800 5680   !   3       com.google.common.collect.RegularImmutableSortedSet::indexOf (35 bytes)
Event: 7.167 Thread 0x00007f9b45043800 nmethod 5680 0x00000001128e9090 code [0x00000001128e9260, 0x00000001128e94a0]
Event: 7.169 Thread 0x00007f9b48026800 nmethod 5671 0x0000000119582790 code [0x0000000119582940, 0x0000000119582ed8]
Event: 7.169 Thread 0x00007f9b48026800 5678       4       org.gradle.internal.snapshot.PathUtil::isFileSeparator (20 bytes)
Event: 7.169 Thread 0x00007f9b48026800 nmethod 5678 0x0000000119583110 code [0x00000001195832a0, 0x00000001195832f8]
Event: 7.169 Thread 0x00007f9b48026800 5681       4       java.lang.Integer::reverseBytes (26 bytes)
Event: 7.169 Thread 0x00007f9b45043800 5682       3       org.gradle.internal.snapshot.impl.AbstractValueProcessor::processValue (402 bytes)

GC Heap History (14 events):
Event: 0.567 GC heap before
{Heap before GC invocations=0 (full 0):
 garbage-first heap   total 262144K, used 27648K [0x00000007e0000000, 0x0000000800000000)
  region size 1024K, 24 young (24576K), 0 survivors (0K)
 Metaspace       used 8093K, capacity 8256K, committed 8576K, reserved 393216K
  class space    used 736K, capacity 793K, committed 896K, reserved 385024K
}
Event: 0.571 GC heap after
{Heap after GC invocations=1 (full 0):
 garbage-first heap   total 262144K, used 10778K [0x00000007e0000000, 0x0000000800000000)
  region size 1024K, 3 young (3072K), 3 survivors (3072K)
 Metaspace       used 8093K, capacity 8256K, committed 8576K, reserved 393216K
  class space    used 736K, capacity 793K, committed 896K, reserved 385024K
}
Event: 2.048 GC heap before
{Heap before GC invocations=1 (full 0):
 garbage-first heap   total 262144K, used 121370K [0x00000007e0000000, 0x0000000800000000)
  region size 1024K, 110 young (112640K), 3 survivors (3072K)
 Metaspace       used 20700K, capacity 21130K, committed 21248K, reserved 405504K
  class space    used 2422K, capacity 2560K, committed 2560K, reserved 385024K
}
Event: 2.060 GC heap after
{Heap after GC invocations=2 (full 0):
 garbage-first heap   total 262144K, used 19189K [0x00000007e0000000, 0x0000000800000000)
  region size 1024K, 11 young (11264K), 11 survivors (11264K)
 Metaspace       used 20700K, capacity 21130K, committed 21248K, reserved 405504K
  class space    used 2422K, capacity 2560K, committed 2560K, reserved 385024K
}
Event: 2.469 GC heap before
{Heap before GC invocations=3 (full 0):
 garbage-first heap   total 262144K, used 90869K [0x00000007e0000000, 0x0000000800000000)
  region size 1024K, 81 young (82944K), 11 survivors (11264K)
 Metaspace       used 25808K, capacity 26452K, committed 26624K, reserved 409600K
  class space    used 3250K, capacity 3508K, committed 3584K, reserved 385024K
}
Event: 2.478 GC heap after
{Heap after GC invocations=4 (full 0):
 garbage-first heap   total 262144K, used 21644K [0x00000007e0000000, 0x0000000800000000)
  region size 1024K, 3 young (3072K), 3 survivors (3072K)
 Metaspace       used 25808K, capacity 26452K, committed 26624K, reserved 409600K
  class space    used 3250K, capacity 3508K, committed 3584K, reserved 385024K
}
Event: 3.539 GC heap before
{Heap before GC invocations=4 (full 0):
 garbage-first heap   total 262144K, used 144524K [0x00000007e0000000, 0x0000000800000000)
  region size 1024K, 124 young (126976K), 3 survivors (3072K)
 Metaspace       used 34742K, capacity 35599K, committed 35628K, reserved 415744K
  class space    used 4618K, capacity 4990K, committed 4992K, reserved 385024K
}
Event: 3.549 GC heap after
{Heap after GC invocations=5 (full 0):
 garbage-first heap   total 262144K, used 24183K [0x00000007e0000000, 0x0000000800000000)
  region size 1024K, 5 young (5120K), 5 survivors (5120K)
 Metaspace       used 34742K, capacity 35599K, committed 35628K, reserved 415744K
  class space    used 4618K, capacity 4990K, committed 4992K, reserved 385024K
}
Event: 5.085 GC heap before
{Heap before GC invocations=6 (full 0):
 garbage-first heap   total 262144K, used 179831K [0x00000007e0000000, 0x0000000800000000)
  region size 1024K, 153 young (156672K), 5 survivors (5120K)
 Metaspace       used 47800K, capacity 49203K, committed 49400K, reserved 428032K
  class space    used 6179K, capacity 6732K, committed 6784K, reserved 385024K
}
Event: 5.101 GC heap after
{Heap after GC invocations=7 (full 0):
 garbage-first heap   total 262144K, used 33871K [0x00000007e0000000, 0x0000000800000000)
  region size 1024K, 15 young (15360K), 15 survivors (15360K)
 Metaspace       used 47800K, capacity 49203K, committed 49400K, reserved 428032K
  class space    used 6179K, capacity 6732K, committed 6784K, reserved 385024K
}
Event: 6.219 GC heap before
{Heap before GC invocations=7 (full 0):
 garbage-first heap   total 262144K, used 176207K [0x00000007e0000000, 0x0000000800000000)
  region size 1024K, 153 young (156672K), 15 survivors (15360K)
 Metaspace       used 57626K, capacity 59523K, committed 59768K, reserved 438272K
  class space    used 7606K, capacity 8362K, committed 8448K, reserved 385024K
}
Event: 6.234 GC heap after
{Heap after GC invocations=8 (full 0):
 garbage-first heap   total 262144K, used 38646K [0x00000007e0000000, 0x0000000800000000)
  region size 1024K, 15 young (15360K), 15 survivors (15360K)
 Metaspace       used 57626K, capacity 59523K, committed 59768K, reserved 438272K
  class space    used 7606K, capacity 8362K, committed 8448K, reserved 385024K
}
Event: 6.266 GC heap before
{Heap before GC invocations=8 (full 0):
 garbage-first heap   total 262144K, used 44790K [0x00000007e0000000, 0x0000000800000000)
  region size 1024K, 22 young (22528K), 15 survivors (15360K)
 Metaspace       used 57999K, capacity 59843K, committed 59936K, reserved 438272K
  class space    used 7663K, capacity 8426K, committed 8448K, reserved 385024K
}
Event: 6.279 GC heap after
{Heap after GC invocations=9 (full 0):
 garbage-first heap   total 262144K, used 39563K [0x00000007e0000000, 0x0000000800000000)
  region size 1024K, 7 young (7168K), 7 survivors (7168K)
 Metaspace       used 57999K, capacity 59843K, committed 59936K, reserved 438272K
  class space    used 7663K, capacity 8426K, committed 8448K, reserved 385024K
}

Deoptimization events (20 events):
Event: 7.079 Thread 0x00007f9b4b903800 Uncommon trap: trap_request=0xffffff7e fr.pc=0x0000000119550704 relative=0x0000000000000724
Event: 7.079 Thread 0x00007f9b4b903800 Uncommon trap: reason=predicate action=maybe_recompile pc=0x0000000119550704 method=java.util.TreeMap.getEntryUsingComparator(Ljava/lang/Object;)Ljava/util/TreeMap$Entry; @ 19 c2
Event: 7.079 Thread 0x00007f9b4b903800 DEOPT PACKING pc=0x0000000119550704 sp=0x000070000db57280
Event: 7.079 Thread 0x00007f9b4b903800 DEOPT UNPACKING pc=0x000000011179cea5 sp=0x000070000db571c0 mode 2
Event: 7.130 Thread 0x00007f9b4b029000 Uncommon trap: trap_request=0xffffffde fr.pc=0x000000011952fa8c relative=0x000000000000024c
Event: 7.130 Thread 0x00007f9b4b029000 Uncommon trap: reason=class_check action=maybe_recompile pc=0x000000011952fa8c method=java.util.stream.StreamOpFlag.fromCharacteristics(Ljava/util/Spliterator;)I @ 14 c2
Event: 7.130 Thread 0x00007f9b4b029000 DEOPT PACKING pc=0x000000011952fa8c sp=0x000070000da52930
Event: 7.130 Thread 0x00007f9b4b029000 DEOPT UNPACKING pc=0x000000011179cea5 sp=0x000070000da52818 mode 2
Event: 7.142 Thread 0x00007f9b4b029000 Uncommon trap: trap_request=0xffffff4d fr.pc=0x000000011952d29c relative=0x000000000000007c
Event: 7.142 Thread 0x00007f9b4b029000 Uncommon trap: reason=unstable_if action=reinterpret pc=0x000000011952d29c method=java.util.Spliterator.getExactSizeIfKnown()J @ 9 c2
Event: 7.142 Thread 0x00007f9b4b029000 DEOPT PACKING pc=0x000000011952d29c sp=0x000070000da51b70
Event: 7.142 Thread 0x00007f9b4b029000 DEOPT UNPACKING pc=0x000000011179cea5 sp=0x000070000da51b28 mode 2
Event: 7.153 Thread 0x00007f9b4b029000 Uncommon trap: trap_request=0xffffff4d fr.pc=0x000000011949d784 relative=0x0000000000000544
Event: 7.153 Thread 0x00007f9b4b029000 Uncommon trap: reason=unstable_if action=reinterpret pc=0x000000011949d784 method=java.lang.String.regionMatches(ZILjava/lang/String;II)Z @ 1 c2
Event: 7.153 Thread 0x00007f9b4b029000 DEOPT PACKING pc=0x000000011949d784 sp=0x000070000da4e9e0
Event: 7.153 Thread 0x00007f9b4b029000 DEOPT UNPACKING pc=0x000000011179cea5 sp=0x000070000da4e9b0 mode 2
Event: 7.157 Thread 0x00007f9b4b029000 Uncommon trap: trap_request=0xffffff4d fr.pc=0x000000011952b77c relative=0x000000000000029c
Event: 7.157 Thread 0x00007f9b4b029000 Uncommon trap: reason=unstable_if action=reinterpret pc=0x000000011952b77c method=org.gradle.internal.file.FileHierarchySet$Node.isChildOfOrThis(Ljava/lang/String;I)Z @ 89 c2
Event: 7.157 Thread 0x00007f9b4b029000 DEOPT PACKING pc=0x000000011952b77c sp=0x000070000da4ec50
Event: 7.157 Thread 0x00007f9b4b029000 DEOPT UNPACKING pc=0x000000011179cea5 sp=0x000070000da4ebf8 mode 2

Classes redefined (0 events):
No events

Internal exceptions (20 events):
Event: 7.036 Thread 0x00007f9b453ae800 Exception <a 'java/lang/ClassNotFoundException'{0x00000007e826a358}: org/codehaus/groovy/transform/ImmutableASTTransformationBeanInfo> (0x00000007e826a358) thrown at [./src/hotspot/share/classfile/systemDictionary.cpp, line 230]
Event: 7.038 Thread 0x00007f9b453ae800 Exception <a 'java/lang/ClassNotFoundException'{0x00000007e80ebb88}: org/codehaus/groovy/transform/AbstractASTTransformationBeanInfo> (0x00000007e80ebb88) thrown at [./src/hotspot/share/classfile/systemDictionary.cpp, line 230]
Event: 7.042 Thread 0x00007f9b453ae800 Exception <a 'java/lang/ClassNotFoundException'{0x00000007e7d6d6e8}: org/codehaus/groovy/transform/AbstractASTTransformationCustomizer> (0x00000007e7d6d6e8) thrown at [./src/hotspot/share/classfile/systemDictionary.cpp, line 230]
Event: 7.044 Thread 0x00007f9b453ae800 Exception <a 'java/lang/ClassNotFoundException'{0x00000007e7a0c648}: org/codehaus/groovy/transform/ImmutableASTTransformationCustomizer> (0x00000007e7a0c648) thrown at [./src/hotspot/share/classfile/systemDictionary.cpp, line 230]
Event: 7.059 Thread 0x00007f9b453ae800 Exception <a 'java/lang/ClassNotFoundException'{0x00000007e79be078}: java/util/regex/PatternBeanInfo> (0x00000007e79be078) thrown at [./src/hotspot/share/classfile/systemDictionary.cpp, line 230]
Event: 7.059 Thread 0x00007f9b453ae800 Exception <a 'java/lang/ClassNotFoundException'{0x00000007e79cab88}: java/util/regex/PatternCustomizer> (0x00000007e79cab88) thrown at [./src/hotspot/share/classfile/systemDictionary.cpp, line 230]
Event: 7.062 Thread 0x00007f9b453ae800 Exception <a 'java/lang/ClassNotFoundException'{0x00000007e7811fe0}: ijresolvers1_bpejkd67fcch8y31fmwbivas8$1BeanInfo> (0x00000007e7811fe0) thrown at [./src/hotspot/share/classfile/systemDictionary.cpp, line 230]
Event: 7.063 Thread 0x00007f9b453ae800 Exception <a 'java/lang/ClassNotFoundException'{0x00000007e7821c80}: ijresolvers1_bpejkd67fcch8y31fmwbivas8$1Customizer> (0x00000007e7821c80) thrown at [./src/hotspot/share/classfile/systemDictionary.cpp, line 230]
Event: 7.092 Thread 0x00007f9b4b903800 Exception <a 'java/lang/NoSuchMethodError'{0x00000007e745ad68}: 'void java.lang.invoke.DirectMethodHandle$Holder.invokeSpecial(java.lang.Object, java.lang.Object, java.lang.Object, java.lang.Object, int, java.lang.Object, java.lang.Object)'> (0x00000007e745ad68) thrown at [./src/hotspot/share/interpreter/linkResolver.cpp, line 773]
Event: 7.105 Thread 0x00007f9b4b029000 Exception <a 'java/lang/NoSuchMethodError'{0x00000007e77f62a8}: 'void java.lang.invoke.DirectMethodHandle$Holder.invokeInterface(java.lang.Object, java.lang.Object, java.lang.Object, java.lang.Object)'> (0x00000007e77f62a8) thrown at [./src/hotspot/share/interpreter/linkResolver.cpp, line 773]
Event: 7.136 Thread 0x00007f9b451cf000 Exception <a 'java/lang/NoSuchMethodError'{0x00000007e7010550}: <clinit>> (0x00000007e7010550) thrown at [./src/hotspot/share/prims/jni.cpp, line 1367]
Event: 7.137 Thread 0x00007f9b451cf000 Exception <a 'java/lang/NoSuchMethodError'{0x00000007e7012620}: <clinit>> (0x00000007e7012620) thrown at [./src/hotspot/share/prims/jni.cpp, line 1367]
Event: 7.138 Thread 0x00007f9b451cf000 Exception <a 'java/lang/NoSuchMethodError'{0x00000007e701d5a8}: <clinit>> (0x00000007e701d5a8) thrown at [./src/hotspot/share/prims/jni.cpp, line 1367]
Event: 7.141 Thread 0x00007f9b451cf000 Exception <a 'java/lang/NoSuchMethodError'{0x00000007e7095f88}: <clinit>> (0x00000007e7095f88) thrown at [./src/hotspot/share/prims/jni.cpp, line 1367]
Event: 7.142 Thread 0x00007f9b451cf000 Exception <a 'java/lang/NoSuchMethodError'{0x00000007e70a0110}: <clinit>> (0x00000007e70a0110) thrown at [./src/hotspot/share/prims/jni.cpp, line 1367]
Event: 7.144 Thread 0x00007f9b4b029000 Exception <a 'sun/nio/fs/UnixException'{0x00000007e7051fb8}> (0x00000007e7051fb8) thrown at [./src/hotspot/share/prims/jni.cpp, line 617]
Event: 7.144 Thread 0x00007f9b4b029000 Exception <a 'sun/nio/fs/UnixException'{0x00000007e70544d8}> (0x00000007e70544d8) thrown at [./src/hotspot/share/prims/jni.cpp, line 617]
Event: 7.145 Thread 0x00007f9b4b029000 Exception <a 'sun/nio/fs/UnixException'{0x00000007e70567f0}> (0x00000007e70567f0) thrown at [./src/hotspot/share/prims/jni.cpp, line 617]
Event: 7.145 Thread 0x00007f9b4b029000 Exception <a 'sun/nio/fs/UnixException'{0x00000007e70587e8}> (0x00000007e70587e8) thrown at [./src/hotspot/share/prims/jni.cpp, line 617]
Event: 7.167 Thread 0x00007f9b4b029000 Exception <a 'java/lang/IncompatibleClassChangeError'{0x00000007e6e93dc8}: Found class java.lang.Object, but interface was expected> (0x00000007e6e93dc8) thrown at [./src/hotspot/share/interpreter/linkResolver.cpp, line 839]

Events (20 events):
Event: 7.166 loading class org/gradle/internal/snapshot/impl/SerializedLambdaQueries
Event: 7.166 loading class org/gradle/internal/snapshot/impl/SerializedLambdaQueries done
Event: 7.167 loading class com/google/common/collect/ImmutableSortedMap
Event: 7.167 loading class com/google/common/collect/ImmutableSortedMap done
Event: 7.167 loading class org/gradle/internal/execution/history/PreviousExecutionState
Event: 7.167 loading class org/gradle/internal/execution/history/PreviousExecutionState done
Event: 7.167 loading class com/google/common/collect/ImmutableSortedMap
Event: 7.167 loading class com/google/common/collect/ImmutableSortedMap done
Event: 7.167 loading class org/gradle/internal/execution/UnitOfWork$InputVisitor
Event: 7.167 loading class org/gradle/internal/execution/UnitOfWork$InputVisitor done
Event: 7.167 loading class org/gradle/internal/execution/UnitOfWork$InputVisitor
Event: 7.167 loading class org/gradle/internal/execution/UnitOfWork$InputVisitor done
Event: 7.167 loading class org/gradle/internal/execution/UnitOfWork
Event: 7.167 loading class org/gradle/internal/execution/UnitOfWork done
Event: 7.168 loading class java/util/concurrent/ConcurrentSkipListMap$KeySet
Event: 7.168 loading class java/util/concurrent/ConcurrentSkipListMap$KeySet done
Event: 7.168 loading class java/util/concurrent/ConcurrentSkipListMap$KeyIterator
Event: 7.168 loading class java/util/concurrent/ConcurrentSkipListMap$KeyIterator done
Event: 7.169 loading class org/gradle/internal/snapshot/impl/ListValueSnapshot
Event: 7.169 loading class org/gradle/internal/snapshot/impl/ListValueSnapshot done


Dynamic libraries:
0x00007fff2e350000 	/System/Library/Frameworks/Cocoa.framework/Versions/A/Cocoa
0x00007fff3b97f000 	/System/Library/Frameworks/Security.framework/Versions/A/Security
0x00007fff2d2b6000 	/System/Library/Frameworks/ApplicationServices.framework/Versions/A/ApplicationServices
0x00007fff68282000 	/usr/lib/libz.1.dylib
0x0000000106bea000 	/Users/caesar/.sdkman/candidates/java/11.0.19-tem/lib/jli/libjli.dylib
0x00007fff65d44000 	/usr/lib/libSystem.B.dylib
0x00007fff2c4a8000 	/System/Library/Frameworks/AppKit.framework/Versions/C/AppKit
0x00007fff2ecd4000 	/System/Library/Frameworks/CoreData.framework/Versions/A/CoreData
0x00007fff318b4000 	/System/Library/Frameworks/Foundation.framework/Versions/C/Foundation
0x00007fff5ff9f000 	/System/Library/PrivateFrameworks/UIFoundation.framework/Versions/A/UIFoundation
0x00007fff5b033000 	/System/Library/PrivateFrameworks/RemoteViewServices.framework/Versions/A/RemoteViewServices
0x00007fff628b4000 	/System/Library/PrivateFrameworks/XCTTargetBootstrap.framework/Versions/A/XCTTargetBootstrap
0x00007fff2f0bf000 	/System/Library/Frameworks/CoreDisplay.framework/Versions/A/CoreDisplay
0x00007fff3476f000 	/System/Library/Frameworks/Metal.framework/Versions/A/Metal
0x00007fff49030000 	/System/Library/PrivateFrameworks/DesktopServicesPriv.framework/Versions/A/DesktopServicesPriv
0x00007fff66e81000 	/usr/lib/liblangid.dylib
0x00007fff482c5000 	/System/Library/PrivateFrameworks/CoreSVG.framework/Versions/A/CoreSVG
0x00007fff5e18f000 	/System/Library/PrivateFrameworks/SkyLight.framework/Versions/A/SkyLight
0x00007fff2f674000 	/System/Library/Frameworks/CoreGraphics.framework/Versions/A/CoreGraphics
0x00007fff2ae7c000 	/System/Library/Frameworks/Accelerate.framework/Versions/A/Accelerate
0x00007fff68173000 	/usr/lib/libxml2.2.dylib
0x00007fff53fbc000 	/System/Library/PrivateFrameworks/IconServices.framework/Versions/A/IconServices
0x00007fff32093000 	/System/Library/Frameworks/IOSurface.framework/Versions/A/IOSurface
0x00007fff6586e000 	/usr/lib/libDiagnosticMessagesClient.dylib
0x00007fff48e8a000 	/System/Library/PrivateFrameworks/DFRFoundation.framework/Versions/A/DFRFoundation
0x00007fff66c10000 	/usr/lib/libicucore.A.dylib
0x00007fff2d5e8000 	/System/Library/Frameworks/AudioToolbox.framework/Versions/A/AudioToolbox
0x00007fff2d6cb000 	/System/Library/Frameworks/AudioUnit.framework/Versions/A/AudioUnit
0x00007fff65f46000 	/usr/lib/libauto.dylib
0x00007fff48f2c000 	/System/Library/PrivateFrameworks/DataDetectorsCore.framework/Versions/A/DataDetectorsCore
0x00007fff2de71000 	/System/Library/Frameworks/Carbon.framework/Versions/A/Frameworks/HIToolbox.framework/Versions/A/HIToolbox
0x00007fff3ab78000 	/System/Library/Frameworks/QuartzCore.framework/Versions/A/QuartzCore
0x00007fff2e1b0000 	/System/Library/Frameworks/Carbon.framework/Versions/A/Frameworks/SpeechRecognition.framework/Versions/A/SpeechRecognition
0x00007fff4899e000 	/System/Library/PrivateFrameworks/CoreUI.framework/Versions/A/CoreUI
0x00007fff2e73f000 	/System/Library/Frameworks/CoreAudio.framework/Versions/A/CoreAudio
0x00007fff31572000 	/System/Library/Frameworks/DiskArbitration.framework/Versions/A/DiskArbitration
0x00007fff5600c000 	/System/Library/PrivateFrameworks/MultitouchSupport.framework/Versions/A/MultitouchSupport
0x00007fff66ad5000 	/usr/lib/libenergytrace.dylib
0x00007fff31fed000 	/System/Library/Frameworks/IOKit.framework/Versions/A/IOKit
0x00007fff305dc000 	/System/Library/Frameworks/CoreServices.framework/Versions/A/CoreServices
0x00007fff581c6000 	/System/Library/PrivateFrameworks/PerformanceAnalysis.framework/Versions/A/PerformanceAnalysis
0x00007fff39bab000 	/System/Library/Frameworks/OpenGL.framework/Versions/A/OpenGL
0x00007fff67ba6000 	/usr/lib/libobjc.A.dylib
0x00007fff2e35e000 	/System/Library/Frameworks/ColorSync.framework/Versions/A/ColorSync
0x00007fff2f1f2000 	/System/Library/Frameworks/CoreFoundation.framework/Versions/A/CoreFoundation
0x00007fff2fcf7000 	/System/Library/Frameworks/CoreImage.framework/Versions/A/CoreImage
0x00007fff31050000 	/System/Library/Frameworks/CoreText.framework/Versions/A/CoreText
0x00007fff32123000 	/System/Library/Frameworks/ImageIO.framework/Versions/A/ImageIO
0x00007fff6602a000 	/usr/lib/libc++.1.dylib
0x00007fff660a6000 	/usr/lib/libcompression.dylib
0x00007fff65bb2000 	/usr/lib/libMobileGestalt.dylib
0x00007fff5fd09000 	/System/Library/PrivateFrameworks/TextureIO.framework/Versions/A/TextureIO
0x00007fff65ea9000 	/usr/lib/libate.dylib
0x00007fff541c5000 	/System/Library/PrivateFrameworks/InternationalSupport.framework/Versions/A/InternationalSupport
0x00007fff68b43000 	/usr/lib/system/libcache.dylib
0x00007fff68b49000 	/usr/lib/system/libcommonCrypto.dylib
0x00007fff68b55000 	/usr/lib/system/libcompiler_rt.dylib
0x00007fff68b5d000 	/usr/lib/system/libcopyfile.dylib
0x00007fff68b67000 	/usr/lib/system/libcorecrypto.dylib
0x00007fff68d06000 	/usr/lib/system/libdispatch.dylib
0x00007fff68d47000 	/usr/lib/system/libdyld.dylib
0x00007fff68d7e000 	/usr/lib/system/libkeymgr.dylib
0x00007fff68d8c000 	/usr/lib/system/liblaunch.dylib
0x00007fff68d8d000 	/usr/lib/system/libmacho.dylib
0x00007fff68d93000 	/usr/lib/system/libquarantine.dylib
0x00007fff68d96000 	/usr/lib/system/libremovefile.dylib
0x00007fff68d98000 	/usr/lib/system/libsystem_asl.dylib
0x00007fff68db0000 	/usr/lib/system/libsystem_blocks.dylib
0x00007fff68db1000 	/usr/lib/system/libsystem_c.dylib
0x00007fff68e39000 	/usr/lib/system/libsystem_configuration.dylib
0x00007fff68e3d000 	/usr/lib/system/libsystem_coreservices.dylib
0x00007fff68e41000 	/usr/lib/system/libsystem_darwin.dylib
0x00007fff68e4a000 	/usr/lib/system/libsystem_dnssd.dylib
0x00007fff68e52000 	/usr/lib/system/libsystem_featureflags.dylib
0x00007fff68e54000 	/usr/lib/system/libsystem_info.dylib
0x00007fff68ecf000 	/usr/lib/system/libsystem_m.dylib
0x00007fff68f17000 	/usr/lib/system/libsystem_malloc.dylib
0x00007fff68f3f000 	/usr/lib/system/libsystem_networkextension.dylib
0x00007fff68f4d000 	/usr/lib/system/libsystem_notify.dylib
0x00007fff68f6b000 	/usr/lib/system/libsystem_sandbox.dylib
0x00007fff68f70000 	/usr/lib/system/libsystem_secinit.dylib
0x00007fff68ea2000 	/usr/lib/system/libsystem_kernel.dylib
0x00007fff68f57000 	/usr/lib/system/libsystem_platform.dylib
0x00007fff68f60000 	/usr/lib/system/libsystem_pthread.dylib
0x00007fff68f73000 	/usr/lib/system/libsystem_symptoms.dylib
0x00007fff68f7b000 	/usr/lib/system/libsystem_trace.dylib
0x00007fff68f93000 	/usr/lib/system/libunwind.dylib
0x00007fff68f99000 	/usr/lib/system/libxpc.dylib
0x00007fff6607d000 	/usr/lib/libc++abi.dylib
0x00007fff66e83000 	/usr/lib/liblzma.5.dylib
0x00007fff66afe000 	/usr/lib/libfakelink.dylib
0x00007fff65e36000 	/usr/lib/libarchive.2.dylib
0x00007fff3ca32000 	/System/Library/Frameworks/SystemConfiguration.framework/Versions/A/SystemConfiguration
0x00007fff657a1000 	/usr/lib/libCRFSuite.dylib
0x00007fff2da62000 	/System/Library/Frameworks/CFNetwork.framework/Versions/A/CFNetwork
0x00007fff6600c000 	/usr/lib/libbsm.0.dylib
0x00007fff68d7f000 	/usr/lib/system/libkxld.dylib
0x00007fff427ec000 	/System/Library/PrivateFrameworks/AppleFSCompression.framework/Versions/A/AppleFSCompression
0x00007fff66397000 	/usr/lib/libcoretls.dylib
0x00007fff663ae000 	/usr/lib/libcoretls_cfhelpers.dylib
0x00007fff67bec000 	/usr/lib/libpam.2.dylib
0x00007fff67d21000 	/usr/lib/libsqlite3.dylib
0x00007fff68160000 	/usr/lib/libxar.1.dylib
0x00007fff6601d000 	/usr/lib/libbz2.1.0.dylib
0x00007fff66b1f000 	/usr/lib/libiconv.2.dylib
0x00007fff66093000 	/usr/lib/libcharset.1.dylib
0x00007fff67689000 	/usr/lib/libnetwork.dylib
0x00007fff67bf3000 	/usr/lib/libpcap.A.dylib
0x00007fff65deb000 	/usr/lib/libapple_nghttp2.dylib
0x00007fff30993000 	/System/Library/Frameworks/CoreServices.framework/Versions/A/Frameworks/FSEvents.framework/Versions/A/FSEvents
0x00007fff30663000 	/System/Library/Frameworks/CoreServices.framework/Versions/A/Frameworks/CarbonCore.framework/Versions/A/CarbonCore
0x00007fff30bd8000 	/System/Library/Frameworks/CoreServices.framework/Versions/A/Frameworks/Metadata.framework/Versions/A/Metadata
0x00007fff30c71000 	/System/Library/Frameworks/CoreServices.framework/Versions/A/Frameworks/OSServices.framework/Versions/A/OSServices
0x00007fff30c9f000 	/System/Library/Frameworks/CoreServices.framework/Versions/A/Frameworks/SearchKit.framework/Versions/A/SearchKit
0x00007fff305dd000 	/System/Library/Frameworks/CoreServices.framework/Versions/A/Frameworks/AE.framework/Versions/A/AE
0x00007fff3099c000 	/System/Library/Frameworks/CoreServices.framework/Versions/A/Frameworks/LaunchServices.framework/Versions/A/LaunchServices
0x00007fff30945000 	/System/Library/Frameworks/CoreServices.framework/Versions/A/Frameworks/DictionaryServices.framework/Versions/A/DictionaryServices
0x00007fff30d07000 	/System/Library/Frameworks/CoreServices.framework/Versions/A/Frameworks/SharedFileList.framework/Versions/A/SharedFileList
0x00007fff359ca000 	/System/Library/Frameworks/NetFS.framework/Versions/A/NetFS
0x00007fff5653c000 	/System/Library/PrivateFrameworks/NetAuth.framework/Versions/A/NetAuth
0x00007fff62c81000 	/System/Library/PrivateFrameworks/login.framework/Versions/A/Frameworks/loginsupport.framework/Versions/A/loginsupport
0x00007fff5f7d4000 	/System/Library/PrivateFrameworks/TCC.framework/Versions/A/TCC
0x00007fff47422000 	/System/Library/PrivateFrameworks/CoreNLP.framework/Versions/A/CoreNLP
0x00007fff55a39000 	/System/Library/PrivateFrameworks/MetadataUtilities.framework/Versions/A/MetadataUtilities
0x00007fff66f5b000 	/usr/lib/libmecabra.dylib
0x00007fff66eb3000 	/usr/lib/libmecab.dylib
0x00007fff66b0f000 	/usr/lib/libgermantok.dylib
0x00007fff65dd2000 	/usr/lib/libThaiTokenizer.dylib
0x00007fff657d8000 	/usr/lib/libChineseTokenizer.dylib
0x00007fff2ae94000 	/System/Library/Frameworks/Accelerate.framework/Versions/A/Frameworks/vImage.framework/Versions/A/vImage
0x00007fff2c2fe000 	/System/Library/Frameworks/Accelerate.framework/Versions/A/Frameworks/vecLib.framework/Versions/A/vecLib
0x00007fff2c23b000 	/System/Library/Frameworks/Accelerate.framework/Versions/A/Frameworks/vecLib.framework/Versions/A/libvMisc.dylib
0x00007fff2c063000 	/System/Library/Frameworks/Accelerate.framework/Versions/A/Frameworks/vecLib.framework/Versions/A/libvDSP.dylib
0x00007fff2b4eb000 	/System/Library/Frameworks/Accelerate.framework/Versions/A/Frameworks/vecLib.framework/Versions/A/libBLAS.dylib
0x00007fff2bc27000 	/System/Library/Frameworks/Accelerate.framework/Versions/A/Frameworks/vecLib.framework/Versions/A/libLAPACK.dylib
0x00007fff2bfc3000 	/System/Library/Frameworks/Accelerate.framework/Versions/A/Frameworks/vecLib.framework/Versions/A/libLinearAlgebra.dylib
0x00007fff2c050000 	/System/Library/Frameworks/Accelerate.framework/Versions/A/Frameworks/vecLib.framework/Versions/A/libSparseBLAS.dylib
0x00007fff2bfd9000 	/System/Library/Frameworks/Accelerate.framework/Versions/A/Frameworks/vecLib.framework/Versions/A/libQuadrature.dylib
0x00007fff2b753000 	/System/Library/Frameworks/Accelerate.framework/Versions/A/Frameworks/vecLib.framework/Versions/A/libBNNS.dylib
0x00007fff2bfdf000 	/System/Library/Frameworks/Accelerate.framework/Versions/A/Frameworks/vecLib.framework/Versions/A/libSparse.dylib
0x00007fff545ad000 	/System/Library/PrivateFrameworks/LanguageModeling.framework/Versions/A/LanguageModeling
0x00007fff46dd1000 	/System/Library/PrivateFrameworks/CoreEmoji.framework/Versions/A/CoreEmoji
0x00007fff546cb000 	/System/Library/PrivateFrameworks/LinguisticData.framework/Versions/A/LinguisticData
0x00007fff5467c000 	/System/Library/PrivateFrameworks/Lexicon.framework/Versions/A/Lexicon
0x00007fff66094000 	/usr/lib/libcmph.dylib
0x00007fff385b9000 	/System/Library/Frameworks/OpenDirectory.framework/Versions/A/Frameworks/CFOpenDirectory.framework/Versions/A/CFOpenDirectory
0x00007fff385d6000 	/System/Library/Frameworks/OpenDirectory.framework/Versions/A/OpenDirectory
0x00007fff40a1c000 	/System/Library/PrivateFrameworks/APFS.framework/Versions/A/APFS
0x00007fff3bccb000 	/System/Library/Frameworks/SecurityFoundation.framework/Versions/A/SecurityFoundation
0x00007fff6815c000 	/usr/lib/libutil.dylib
0x00007fff4831d000 	/System/Library/PrivateFrameworks/CoreServicesStore.framework/Versions/A/CoreServicesStore
0x00007fff3bd82000 	/System/Library/Frameworks/ServiceManagement.framework/Versions/A/ServiceManagement
0x00007fff43fbe000 	/System/Library/PrivateFrameworks/BackgroundTaskManagement.framework/Versions/A/BackgroundTaskManagement
0x00007fff68259000 	/usr/lib/libxslt.1.dylib
0x00007fff42e60000 	/System/Library/PrivateFrameworks/AppleSystemInfo.framework/Versions/A/AppleSystemInfo
0x00007fff32340000 	/System/Library/Frameworks/ImageIO.framework/Versions/A/Resources/libJPEG.dylib
0x00007fff325fd000 	/System/Library/Frameworks/ImageIO.framework/Versions/A/Resources/libTIFF.dylib
0x00007fff325e0000 	/System/Library/Frameworks/ImageIO.framework/Versions/A/Resources/libPng.dylib
0x00007fff32282000 	/System/Library/Frameworks/ImageIO.framework/Versions/A/Resources/libGIF.dylib
0x00007fff32286000 	/System/Library/Frameworks/ImageIO.framework/Versions/A/Resources/libJP2.dylib
0x00007fff325fb000 	/System/Library/Frameworks/ImageIO.framework/Versions/A/Resources/libRadiance.dylib
0x00007fff66ad6000 	/usr/lib/libexpat.1.dylib
0x00007fff42947000 	/System/Library/PrivateFrameworks/AppleJPEG.framework/Versions/A/AppleJPEG
0x00007fff4b61c000 	/System/Library/PrivateFrameworks/FontServices.framework/libFontParser.dylib
0x00007fff61c83000 	/System/Library/PrivateFrameworks/WatchdogClient.framework/Versions/A/WatchdogClient
0x00007fff53c08000 	/System/Library/PrivateFrameworks/IOAccelerator.framework/Versions/A/IOAccelerator
0x00007fff34b0a000 	/System/Library/Frameworks/MetalPerformanceShaders.framework/Versions/A/MetalPerformanceShaders
0x00007fff50398000 	/System/Library/PrivateFrameworks/GPUWrangler.framework/Versions/A/GPUWrangler
0x00007fff53c1d000 	/System/Library/PrivateFrameworks/IOPresentment.framework/Versions/A/IOPresentment
0x00007fff48e9d000 	/System/Library/PrivateFrameworks/DSExternalDisplay.framework/Versions/A/DSExternalDisplay
0x00007fff38f4a000 	/System/Library/Frameworks/OpenGL.framework/Versions/A/Libraries/libCoreFSCache.dylib
0x00007fff34856000 	/System/Library/Frameworks/MetalPerformanceShaders.framework/Frameworks/MPSCore.framework/Versions/A/MPSCore
0x00007fff34894000 	/System/Library/Frameworks/MetalPerformanceShaders.framework/Frameworks/MPSImage.framework/Versions/A/MPSImage
0x00007fff3495b000 	/System/Library/Frameworks/MetalPerformanceShaders.framework/Frameworks/MPSNeuralNetwork.framework/Versions/A/MPSNeuralNetwork
0x00007fff3491f000 	/System/Library/Frameworks/MetalPerformanceShaders.framework/Frameworks/MPSMatrix.framework/Versions/A/MPSMatrix
0x00007fff34aba000 	/System/Library/Frameworks/MetalPerformanceShaders.framework/Frameworks/MPSRayIntersector.framework/Versions/A/MPSRayIntersector
0x00007fff34945000 	/System/Library/Frameworks/MetalPerformanceShaders.framework/Frameworks/MPSNDArray.framework/Versions/A/MPSNDArray
0x00007fff55a86000 	/System/Library/PrivateFrameworks/MetalTools.framework/Versions/A/MetalTools
0x00007fff41bf6000 	/System/Library/PrivateFrameworks/AggregateDictionary.framework/Versions/A/AggregateDictionary
0x00007fff46818000 	/System/Library/PrivateFrameworks/CoreAnalytics.framework/Versions/A/CoreAnalytics
0x00007fff42d7e000 	/System/Library/PrivateFrameworks/AppleSauce.framework/Versions/A/AppleSauce
0x00007fff65a94000 	/usr/lib/libIOReport.dylib
0x00007fff31209000 	/System/Library/Frameworks/CoreVideo.framework/Versions/A/CoreVideo
0x00007fff51811000 	/System/Library/PrivateFrameworks/GraphVisualizer.framework/Versions/A/GraphVisualizer
0x00007fff4ab62000 	/System/Library/PrivateFrameworks/FaceCore.framework/Versions/A/FaceCore
0x00007fff38560000 	/System/Library/Frameworks/OpenCL.framework/Versions/A/OpenCL
0x00007fff658b6000 	/usr/lib/libFosl_dynamic.dylib
0x00007fff56f5e000 	/System/Library/PrivateFrameworks/OTSVG.framework/Versions/A/OTSVG
0x00007fff2d3bb000 	/System/Library/Frameworks/ApplicationServices.framework/Versions/A/Frameworks/ATS.framework/Versions/A/Resources/libFontRegistry.dylib
0x00007fff4b7ec000 	/System/Library/PrivateFrameworks/FontServices.framework/libhvf.dylib
0x00007fff38f55000 	/System/Library/Frameworks/OpenGL.framework/Versions/A/Libraries/libGFXShared.dylib
0x00007fff39133000 	/System/Library/Frameworks/OpenGL.framework/Versions/A/Libraries/libGLU.dylib
0x00007fff38f5e000 	/System/Library/Frameworks/OpenGL.framework/Versions/A/Libraries/libGL.dylib
0x00007fff38f69000 	/System/Library/Frameworks/OpenGL.framework/Versions/A/Libraries/libGLImage.dylib
0x00007fff38f47000 	/System/Library/Frameworks/OpenGL.framework/Versions/A/Libraries/libCVMSPluginSupport.dylib
0x00007fff38f50000 	/System/Library/Frameworks/OpenGL.framework/Versions/A/Libraries/libCoreVMClient.dylib
0x00007fff6752a000 	/usr/lib/libncurses.5.4.dylib
0x00007fff2d2b7000 	/System/Library/Frameworks/ApplicationServices.framework/Versions/A/Frameworks/ATS.framework/Versions/A/ATS
0x00007fff2d484000 	/System/Library/Frameworks/ApplicationServices.framework/Versions/A/Frameworks/ColorSyncLegacy.framework/Versions/A/ColorSyncLegacy
0x00007fff2d522000 	/System/Library/Frameworks/ApplicationServices.framework/Versions/A/Frameworks/HIServices.framework/Versions/A/HIServices
0x00007fff2d57a000 	/System/Library/Frameworks/ApplicationServices.framework/Versions/A/Frameworks/LangAnalysis.framework/Versions/A/LangAnalysis
0x00007fff2d589000 	/System/Library/Frameworks/ApplicationServices.framework/Versions/A/Frameworks/PrintCore.framework/Versions/A/PrintCore
0x00007fff2d5cf000 	/System/Library/Frameworks/ApplicationServices.framework/Versions/A/Frameworks/QD.framework/Versions/A/QD
0x00007fff2d5da000 	/System/Library/Frameworks/ApplicationServices.framework/Versions/A/Frameworks/SpeechSynthesis.framework/Versions/A/SpeechSynthesis
0x00007fff2d454000 	/System/Library/Frameworks/ApplicationServices.framework/Versions/A/Frameworks/ATSUI.framework/Versions/A/ATSUI
0x00007fff6696c000 	/usr/lib/libcups.2.dylib
0x00007fff33ba5000 	/System/Library/Frameworks/Kerberos.framework/Versions/A/Kerberos
0x00007fff31ce6000 	/System/Library/Frameworks/GSS.framework/Versions/A/GSS
0x00007fff67cad000 	/usr/lib/libresolv.9.dylib
0x00007fff519be000 	/System/Library/PrivateFrameworks/Heimdal.framework/Versions/A/Heimdal
0x00007fff33bb8000 	/System/Library/Frameworks/Kerberos.framework/Versions/A/Libraries/libHeimdalProxy.dylib
0x00007fff66b15000 	/usr/lib/libheimdal-asn1.dylib
0x00007fff45cb0000 	/System/Library/PrivateFrameworks/CommonAuth.framework/Versions/A/CommonAuth
0x00007fff42efd000 	/System/Library/PrivateFrameworks/AssertionServices.framework/Versions/A/AssertionServices
0x00007fff43aa0000 	/System/Library/PrivateFrameworks/AudioToolboxCore.framework/Versions/A/AudioToolboxCore
0x00007fff62931000 	/System/Library/PrivateFrameworks/caulk.framework/Versions/A/caulk
0x00007fff4406a000 	/System/Library/PrivateFrameworks/BaseBoard.framework/Versions/A/BaseBoard
0x00007fff5b1c1000 	/System/Library/PrivateFrameworks/RunningBoardServices.framework/Versions/A/RunningBoardServices
0x00007fff581d2000 	/System/Library/PrivateFrameworks/PersistentConnection.framework/Versions/A/PersistentConnection
0x00007fff5abba000 	/System/Library/PrivateFrameworks/ProtocolBuffer.framework/Versions/A/ProtocolBuffer
0x00007fff45cd4000 	/System/Library/PrivateFrameworks/CommonUtilities.framework/Versions/A/CommonUtilities
0x00007fff441f8000 	/System/Library/PrivateFrameworks/Bom.framework/Versions/A/Bom
0x00007fff65767000 	/usr/lib/libAudioToolboxUtility.dylib
0x00007fff43fc8000 	/System/Library/PrivateFrameworks/Backup.framework/Versions/A/Backup
0x00007fff48dbe000 	/System/Library/PrivateFrameworks/CrashReporterSupport.framework/Versions/A/CrashReporterSupport
0x00007fff5cc53000 	/System/Library/PrivateFrameworks/Sharing.framework/Versions/A/Sharing
0x00007fff4250a000 	/System/Library/PrivateFrameworks/Apple80211.framework/Versions/A/Apple80211
0x00007fff43ce5000 	/System/Library/PrivateFrameworks/AuthKit.framework/Versions/A/AuthKit
0x00007fff48acb000 	/System/Library/PrivateFrameworks/CoreUtils.framework/Versions/A/CoreUtils
0x00007fff3124e000 	/System/Library/Frameworks/CoreWLAN.framework/Versions/A/CoreWLAN
0x00007fff31e73000 	/System/Library/Frameworks/IOBluetooth.framework/Versions/A/IOBluetooth
0x00007fff55d8b000 	/System/Library/PrivateFrameworks/MobileKeyBag.framework/Versions/A/MobileKeyBag
0x00007fff478ba000 	/System/Library/PrivateFrameworks/CorePhoneNumbers.framework/Versions/A/CorePhoneNumbers
0x00007fff428fa000 	/System/Library/PrivateFrameworks/AppleIDAuthSupport.framework/Versions/A/AppleIDAuthSupport
0x00007fff359d7000 	/System/Library/Frameworks/Network.framework/Versions/A/Network
0x00007fff54459000 	/System/Library/PrivateFrameworks/KeychainCircle.framework/Versions/A/KeychainCircle
0x00007fff2ec9b000 	/System/Library/Frameworks/CoreBluetooth.framework/Versions/A/CoreBluetooth
0x00007fff5ecd2000 	/System/Library/PrivateFrameworks/SpeechRecognitionCore.framework/Versions/A/SpeechRecognitionCore
0x0000000108200000 	/Users/caesar/.sdkman/candidates/java/11.0.19-tem/lib/server/libjvm.dylib
0x0000000106c0f000 	/Users/caesar/.sdkman/candidates/java/11.0.19-tem/lib/libverify.dylib
0x0000000106c20000 	/Users/caesar/.sdkman/candidates/java/11.0.19-tem/lib/libjava.dylib
0x0000000106c4c000 	/Users/caesar/.sdkman/candidates/java/11.0.19-tem/lib/libjimage.dylib
0x0000000106c5a000 	/Users/caesar/.sdkman/candidates/java/11.0.19-tem/lib/libinstrument.dylib
0x0000000106cb1000 	/Users/caesar/.sdkman/candidates/java/11.0.19-tem/lib/libzip.dylib
0x0000000106fd2000 	/Users/caesar/.sdkman/candidates/java/11.0.19-tem/lib/libnio.dylib
0x0000000106fe5000 	/Users/caesar/.sdkman/candidates/java/11.0.19-tem/lib/libnet.dylib
0x0000000106ffe000 	/Users/caesar/.gradle/native/c067742578af261105cb4f569cf0c3c89f3d7b1fecec35dd04571415982c5e48/osx-amd64/libnative-platform.dylib
0x0000000107164000 	/Users/caesar/.gradle/native/100fb08df4bc3b14c8652ba06237920a3bd2aa13389f12d3474272988ae205f9/osx-amd64/libnative-platform-file-events.dylib
0x000000010700a000 	/Users/caesar/.sdkman/candidates/java/11.0.19-tem/lib/libmanagement.dylib
0x0000000107014000 	/Users/caesar/.sdkman/candidates/java/11.0.19-tem/lib/libmanagement_ext.dylib
0x000000010701f000 	/Users/caesar/.sdkman/candidates/java/11.0.19-tem/lib/libextnet.dylib


VM Arguments:
jvm_args: --add-opens=java.base/java.util=ALL-UNNAMED --add-opens=java.base/java.lang=ALL-UNNAMED --add-opens=java.base/java.lang.invoke=ALL-UNNAMED --add-opens=java.prefs/java.util.prefs=ALL-UNNAMED --add-opens=java.base/java.nio.charset=ALL-UNNAMED --add-opens=java.base/java.net=ALL-UNNAMED --add-opens=java.base/java.util.concurrent.atomic=ALL-UNNAMED -XX:MaxMetaspaceSize=384m -XX:+HeapDumpOnOutOfMemoryError -Xms256m -Xmx512m -Dfile.encoding=UTF-8 -Duser.country=VN -Duser.language=en -Duser.variant -javaagent:/Users/caesar/.gradle/wrapper/dists/gradle-8.8-bin/dl7vupf4psengwqhwktix4v1/gradle-8.8/lib/agents/gradle-instrumentation-agent-8.8.jar 
java_command: org.gradle.launcher.daemon.bootstrap.GradleDaemon 8.8
java_class_path (initial): /Users/caesar/.gradle/wrapper/dists/gradle-8.8-bin/dl7vupf4psengwqhwktix4v1/gradle-8.8/lib/gradle-launcher-8.8.jar
Launcher Type: SUN_STANDARD

[Global flags]
     intx CICompilerCount                          = 4                                         {product} {ergonomic}
   size_t CompressedClassSpaceSize                 = 394264576                                 {product} {ergonomic}
     uint ConcGCThreads                            = 2                                         {product} {ergonomic}
     uint G1ConcRefinementThreads                  = 8                                         {product} {ergonomic}
   size_t G1HeapRegionSize                         = 1048576                                   {product} {ergonomic}
    uintx GCDrainStackTargetSize                   = 64                                        {product} {ergonomic}
     bool HeapDumpOnOutOfMemoryError               = true                                   {manageable} {command line}
   size_t InitialHeapSize                          = 268435456                                 {product} {command line}
   size_t MarkStackSize                            = 4194304                                   {product} {ergonomic}
   size_t MaxHeapSize                              = 536870912                                 {product} {command line}
   size_t MaxMetaspaceSize                         = 402653184                                 {product} {command line}
   size_t MaxNewSize                               = 321912832                                 {product} {ergonomic}
   size_t MinHeapDeltaBytes                        = 1048576                                   {product} {ergonomic}
    uintx NonNMethodCodeHeapSize                   = 5836300                                {pd product} {ergonomic}
    uintx NonProfiledCodeHeapSize                  = 122910970                              {pd product} {ergonomic}
    uintx ProfiledCodeHeapSize                     = 122910970                              {pd product} {ergonomic}
    uintx ReservedCodeCacheSize                    = 251658240                              {pd product} {ergonomic}
     bool SegmentedCodeCache                       = true                                      {product} {ergonomic}
     bool UseCompressedClassPointers               = true                                 {lp64_product} {ergonomic}
     bool UseCompressedOops                        = true                                 {lp64_product} {ergonomic}
     bool UseG1GC                                  = true                                      {product} {ergonomic}

Logging:
Log output configuration:
 #0: stdout all=warning uptime,level,tags
 #1: stderr all=off uptime,level,tags

Environment Variables:
JAVA_HOME=/Users/caesar/.sdkman/candidates/java/current
PATH=/opt/anaconda3/bin:/opt/anaconda3/condabin:/Users/caesar/.nvm/versions/node/v18.17.1/bin:/Users/caesar/.sdkman/candidates/java/current/bin:/Users/caesar/.rbenv/shims:/Users/caesar/.pyenv/shims:/usr/local/bin:/usr/bin:/bin:/usr/sbin:/sbin:~/kafka_2.13-3.1.0/bin
SHELL=/bin/zsh
LC_CTYPE=en_US.UTF-8
TMPDIR=/var/folders/5n/fk6vlwt16d10hw1ydjzw3f6m0000gn/T/

Signal Handlers:
SIGSEGV: [libjvm.dylib+0x7cbada], sa_mask[0]=11111111011111110111111111111111, sa_flags=SA_ONSTACK|SA_RESTART|SA_SIGINFO
SIGBUS: [libjvm.dylib+0x7cbada], sa_mask[0]=11111111011111110111111111111111, sa_flags=SA_RESTART|SA_SIGINFO
SIGFPE: [libjvm.dylib+0x7cbada], sa_mask[0]=11111111011111110111111111111111, sa_flags=SA_RESTART|SA_SIGINFO
SIGPIPE: [libjvm.dylib+0x62fac2], sa_mask[0]=11111111011111110111111111111111, sa_flags=SA_RESTART|SA_SIGINFO
SIGXFSZ: [libjvm.dylib+0x62fac2], sa_mask[0]=11111111011111110111111111111111, sa_flags=SA_RESTART|SA_SIGINFO
SIGILL: [libjvm.dylib+0x7cbada], sa_mask[0]=11111111011111110111111111111111, sa_flags=SA_RESTART|SA_SIGINFO
SIGUSR2: [libjvm.dylib+0x6300a9], sa_mask[0]=00000000000000000000000000000000, sa_flags=SA_RESTART|SA_SIGINFO
SIGHUP: [libjvm.dylib+0x62ec05], sa_mask[0]=11111111011111110111111111111111, sa_flags=SA_RESTART|SA_SIGINFO
SIGINT: [libjvm.dylib+0x62ec05], sa_mask[0]=11111111011111110111111111111111, sa_flags=SA_RESTART|SA_SIGINFO
SIGTERM: [libjvm.dylib+0x62ec05], sa_mask[0]=11111111011111110111111111111111, sa_flags=SA_RESTART|SA_SIGINFO
SIGQUIT: [libjvm.dylib+0x62ec05], sa_mask[0]=11111111011111110111111111111111, sa_flags=SA_RESTART|SA_SIGINFO


---------------  S Y S T E M  ---------------

OS:uname:Darwin 19.6.0 Darwin Kernel Version 19.6.0: Tue Jun 21 21:18:39 PDT 2022; root:xnu-6153.141.66~1/RELEASE_X86_64 x86_64
OS uptime: 0 days 7:14 hours
rlimit (soft/hard): STACK 8192k/65532k , CORE 0k/infinity , NPROC 2784/4176 , NOFILE 10240/infinity , AS infinity/infinity , CPU infinity/infinity , DATA infinity/infinity , FSIZE infinity/infinity , MEMLOCK infinity/infinity , RSS infinity/infinity
load average:7.23 4.36 4.18

CPU:total 8 (initial active 8) (4 cores per cpu, 2 threads per core) family 6 model 70 stepping 1 microcode 0x1c, cmov, cx8, fxsr, mmx, sse, sse2, sse3, ssse3, sse4.1, sse4.2, popcnt, avx, avx2, aes, clmul, erms, lzcnt, ht, tsc, tscinvbit, bmi1, bmi2, fma

Memory: 4k page, physical 16777216k(708320k free), swap 0k(0k free)

vm_info: OpenJDK 64-Bit Server VM (11.0.19+7) for bsd-amd64 JRE (11.0.19+7), built on Apr 18 2023 23:31:11 by "jenkins" with clang 4.2.1 Compatible Apple LLVM 10.0.1 (clang-1001.0.46.4)

END.
