#
# A fatal error has been detected by the Java Runtime Environment:
#
#  SIGSEGV (0xb) at pc=0x0000000114385000, pid=31166, tid=18179
#
# JRE version: OpenJDK Runtime Environment Temurin-11.0.19+7 (11.0.19+7) (build 11.0.19+7)
# Java VM: OpenJDK 64-Bit Server VM Temurin-11.0.19+7 (11.0.19+7, mixed mode, tiered, compressed oops, g1 gc, bsd-amd64)
# Problematic frame:
# C  [libnative-platform-file-events.dylib+0x0]  __dso_handle+0x0
#
# No core dump will be written. Core dumps have been disabled. To enable core dumping, try "ulimit -c unlimited" before starting Java again
#
# If you would like to submit a bug report, please visit:
#   https://github.com/adoptium/adoptium-support/issues
#

---------------  S U M M A R Y ------------

Command Line: --add-opens=java.base/java.util=ALL-UNNAMED --add-opens=java.base/java.lang=ALL-UNNAMED --add-opens=java.base/java.lang.invoke=ALL-UNNAMED --add-opens=java.prefs/java.util.prefs=ALL-UNNAMED --add-opens=java.base/java.nio.charset=ALL-UNNAMED --add-opens=java.base/java.net=ALL-UNNAMED --add-opens=java.base/java.util.concurrent.atomic=ALL-UNNAMED -XX:MaxMetaspaceSize=384m -XX:+HeapDumpOnOutOfMemoryError -Xms256m -Xmx512m -Dfile.encoding=UTF-8 -Duser.country=VN -Duser.language=en -Duser.variant -javaagent:/Users/caesar/.gradle/wrapper/dists/gradle-8.8-bin/dl7vupf4psengwqhwktix4v1/gradle-8.8/lib/agents/gradle-instrumentation-agent-8.8.jar org.gradle.launcher.daemon.bootstrap.GradleDaemon 8.8

Host: MacBookPro11,5 x86_64 2500 MHz, 8 cores, 16G, Darwin 19.6.0
Time: Tue Oct  8 16:25:44 2024 +07 elapsed time: 267.219361 seconds (0d 0h 4m 27s)

---------------  T H R E A D  ---------------

Current thread is native thread

Stack: [0x00007000015b5000,0x0000700001635000],  sp=0x0000700001632288,  free space=500k
Native frames: (J=compiled Java code, A=aot compiled Java code, j=interpreted, Vv=VM code, C=native code)
C  [libnative-platform-file-events.dylib+0x0]  __dso_handle+0x0
C  [libnative-platform-file-events.dylib+0x15c27]  void std::__1::__variant_detail::__ctor<std::__1::__variant_detail::__traits<FileEvent, ErrorEvent, PoisonPill> >::__generic_construct[abi:v160006]<std::__1::__variant_detail::__copy_constructor<std::__1::__variant_detail::__traits<FileEvent, ErrorEvent, PoisonPill>, (std::__1::__variant_detail::_Trait)1> const&>(std::__1::__variant_detail::__ctor<std::__1::__variant_detail::__traits<FileEvent, ErrorEvent, PoisonPill> >&, std::__1::__variant_detail::__copy_constructor<std::__1::__variant_detail::__traits<FileEvent, ErrorEvent, PoisonPill>, (std::__1::__variant_detail::_Trait)1> const&)+0x47
C  [libnative-platform-file-events.dylib+0x15b8a]  std::__1::__variant_detail::__copy_constructor<std::__1::__variant_detail::__traits<FileEvent, ErrorEvent, PoisonPill>, (std::__1::__variant_detail::_Trait)1>::__copy_constructor(std::__1::__variant_detail::__copy_constructor<std::__1::__variant_detail::__traits<FileEvent, ErrorEvent, PoisonPill>, (std::__1::__variant_detail::_Trait)1> const&)+0x2a
C  [libnative-platform-file-events.dylib+0x15b4d]  std::__1::__variant_detail::__assignment<std::__1::__variant_detail::__traits<FileEvent, ErrorEvent, PoisonPill> >::__assignment(std::__1::__variant_detail::__assignment<std::__1::__variant_detail::__traits<FileEvent, ErrorEvent, PoisonPill> > const&)+0x1d
C  [libnative-platform-file-events.dylib+0x15b1d]  std::__1::__variant_detail::__move_assignment<std::__1::__variant_detail::__traits<FileEvent, ErrorEvent, PoisonPill>, (std::__1::__variant_detail::_Trait)1>::__move_assignment(std::__1::__variant_detail::__move_assignment<std::__1::__variant_detail::__traits<FileEvent, ErrorEvent, PoisonPill>, (std::__1::__variant_detail::_Trait)1> const&)+0x1d
C  [libnative-platform-file-events.dylib+0x15aed]  std::__1::__variant_detail::__copy_assignment<std::__1::__variant_detail::__traits<FileEvent, ErrorEvent, PoisonPill>, (std::__1::__variant_detail::_Trait)1>::__copy_assignment(std::__1::__variant_detail::__copy_assignment<std::__1::__variant_detail::__traits<FileEvent, ErrorEvent, PoisonPill>, (std::__1::__variant_detail::_Trait)1> const&)+0x1d
C  [libnative-platform-file-events.dylib+0x15abd]  std::__1::__variant_detail::__impl<FileEvent, ErrorEvent, PoisonPill>::__impl(std::__1::__variant_detail::__impl<FileEvent, ErrorEvent, PoisonPill> const&)+0x1d
C  [libnative-platform-file-events.dylib+0x15a8d]  std::__1::__variant_detail::__impl<FileEvent, ErrorEvent, PoisonPill>::__impl(std::__1::__variant_detail::__impl<FileEvent, ErrorEvent, PoisonPill> const&)+0x1d
C  [libnative-platform-file-events.dylib+0x15a5d]  std::__1::variant<FileEvent, ErrorEvent, PoisonPill>::variant(std::__1::variant<FileEvent, ErrorEvent, PoisonPill> const&)+0x1d
C  [libnative-platform-file-events.dylib+0x15a2d]  std::__1::variant<FileEvent, ErrorEvent, PoisonPill>::variant(std::__1::variant<FileEvent, ErrorEvent, PoisonPill> const&)+0x1d
C  [libnative-platform-file-events.dylib+0x15a01]  void std::__1::allocator<std::__1::variant<FileEvent, ErrorEvent, PoisonPill> >::construct[abi:v160006]<std::__1::variant<FileEvent, ErrorEvent, PoisonPill>, std::__1::variant<FileEvent, ErrorEvent, PoisonPill> const&>(std::__1::variant<FileEvent, ErrorEvent, PoisonPill>*, std::__1::variant<FileEvent, ErrorEvent, PoisonPill> const&)+0x21
C  [libnative-platform-file-events.dylib+0x13805]  void std::__1::allocator_traits<std::__1::allocator<std::__1::variant<FileEvent, ErrorEvent, PoisonPill> > >::construct[abi:v160006]<std::__1::variant<FileEvent, ErrorEvent, PoisonPill>, std::__1::variant<FileEvent, ErrorEvent, PoisonPill> const&, void>(std::__1::allocator<std::__1::variant<FileEvent, ErrorEvent, PoisonPill> >&, std::__1::variant<FileEvent, ErrorEvent, PoisonPill>*, std::__1::variant<FileEvent, ErrorEvent, PoisonPill> const&)+0x25
C  [libnative-platform-file-events.dylib+0x133ef]  std::__1::deque<std::__1::variant<FileEvent, ErrorEvent, PoisonPill>, std::__1::allocator<std::__1::variant<FileEvent, ErrorEvent, PoisonPill> > >::push_back(std::__1::variant<FileEvent, ErrorEvent, PoisonPill> const&)+0x6f
C  [libnative-platform-file-events.dylib+0x1336d]  std::__1::queue<std::__1::variant<FileEvent, ErrorEvent, PoisonPill>, std::__1::deque<std::__1::variant<FileEvent, ErrorEvent, PoisonPill>, std::__1::allocator<std::__1::variant<FileEvent, ErrorEvent, PoisonPill> > > >::push[abi:v160006](std::__1::variant<FileEvent, ErrorEvent, PoisonPill> const&)+0x1d
C  [libnative-platform-file-events.dylib+0xd9d2]  BlockingQueue<std::__1::variant<FileEvent, ErrorEvent, PoisonPill> >::enqueue(std::__1::variant<FileEvent, ErrorEvent, PoisonPill> const&)+0x32
C  [libnative-platform-file-events.dylib+0xd809]  Server::handleEvents(unsigned long, char**, unsigned int const*, unsigned long long const*)+0xb9
C  [libnative-platform-file-events.dylib+0xd441]  handleEventsCallback(__FSEventStream const*, void*, unsigned long, void*, unsigned int const*, unsigned long long const*)+0x41
C  [FSEvents+0x2993]  implementation_callback_rpc+0xb19
C  [FSEvents+0x1dfe]  _Xcallback_rpc+0xe9
C  [FSEvents+0x1cf7]  FSEventsD2F_server+0x37
C  [FSEvents+0x1c61]  __create_d2f_port_source_block_invoke+0xe8
C  [libdispatch.dylib+0x2658]  _dispatch_client_callout+0x8
C  [libdispatch.dylib+0x4818]  _dispatch_continuation_pop+0x19e
C  [libdispatch.dylib+0x144be]  _dispatch_source_invoke+0x824
C  [libdispatch.dylib+0x7af6]  _dispatch_lane_serial_drain+0x107
C  [libdispatch.dylib+0x85d6]  _dispatch_lane_invoke+0x16b
C  [libdispatch.dylib+0x11c09]  _dispatch_workloop_worker_thread+0x254
C  [libsystem_pthread.dylib+0x2a3d]  _pthread_wqthread+0x122
C  [libsystem_pthread.dylib+0x1b77]  start_wqthread+0xf


siginfo: si_signo: 11 (SIGSEGV), si_code: 0 (unknown), si_addr: 0x0000000000000000

Register to memory mapping:

RAX=
[error occurred during error reporting (printing register info), id 0xb, SIGSEGV (0xb) at pc=0x000000010978b23c]

Registers:
RAX=0x0000000114385000, RBX=0x000000011480f000, RCX=0x0000000000000000, RDX=0x0000700001632610
RSP=0x0000700001632288, RBP=0x00007000016322e0, RSI=0x00007f89fdeac800, RDI=0x00007000016322f8
R8 =0x000000000000f941, R9 =0x0000000000000000, R10=0x000000000000352b, R11=0x00007f89fd800000
R12=0x0000000000000000, R13=0x0000000000000004, R14=0x0000000000000000, R15=0x00007f8a014df920
RIP=0x0000000114385000, EFLAGS=0x0000000000010202, ERR=0x0000000000000000
  TRAPNO=0x000000000000000d

Top of Stack: (sp=0x0000700001632288)
0x0000700001632288:   000000011439ad8c 00007000016322f8
0x0000700001632298:   00007f89fdeac800 0000000114385000
0x00007000016322a8:   0000000114385000 0000000114385000
0x00007000016322b8:   0000000114385000 0000700001632610
0x00007000016322c8:   00007f89fdeac800 00007000016322f8
0x00007000016322d8:   0000000000000000 0000700001632310
0x00007000016322e8:   000000011439ac27 0000700001632310
0x00007000016322f8:   000000011439abd5 0000700001632610
0x0000700001632308:   00007f89fdeac800 0000700001632350
0x0000700001632318:   000000011439ab8a 00007f89fdeac800
0x0000700001632328:   000000011439a849 0000000000000000
0x0000700001632338:   0000700001632410 0000700001632610
0x0000700001632348:   00007f89fdeac800 0000700001632370
0x0000700001632358:   000000011439ab4d 0000700001632610
0x0000700001632368:   00007f89fdeac800 0000700001632390
0x0000700001632378:   000000011439ab1d 0000700001632610
0x0000700001632388:   00007f89fdeac800 00007000016323b0
0x0000700001632398:   000000011439aaed 0000700001632610
0x00007000016323a8:   00007f89fdeac800 00007000016323d0
0x00007000016323b8:   000000011439aabd 0000700001632610
0x00007000016323c8:   00007f89fdeac800 00007000016323f0
0x00007000016323d8:   000000011439aa8d 0000700001632610
0x00007000016323e8:   00007f89fdeac800 0000700001632410
0x00007000016323f8:   000000011439aa5d 0000700001632610
0x0000700001632408:   00007f89fdeac800 0000700001632430
0x0000700001632418:   000000011439aa2d 0000700001632610
0x0000700001632428:   00007f89fdeac800 0000700001632460
0x0000700001632438:   000000011439aa01 00007f89fdeac800
0x0000700001632448:   0000700001632610 00007f89fdeac800
0x0000700001632458:   00007f89faed93c8 0000700001632490
0x0000700001632468:   0000000114398805 0000000000000000
0x0000700001632478:   0000700001632610 00007f89fdeac800 

Instructions: (pc=0x0000000114385000)
0x0000000114384f00:   00 00 00 00 00 00 00 00 00 00 00 00 00 00 00 00
0x0000000114384f10:   00 00 00 00 00 00 00 00 00 00 00 00 00 00 00 00
0x0000000114384f20:   00 00 00 00 00 00 00 00 00 00 00 00 00 00 00 00
0x0000000114384f30:   00 00 00 00 00 00 00 00 00 00 00 00 00 00 00 00
0x0000000114384f40:   00 00 00 00 00 00 00 00 00 00 00 00 00 00 00 00
0x0000000114384f50:   00 00 00 00 00 00 00 00 00 00 00 00 00 00 00 00
0x0000000114384f60:   00 00 00 00 00 00 00 00 00 00 00 00 00 00 00 00
0x0000000114384f70:   00 00 00 00 00 00 00 00 00 00 00 00 00 00 00 00
0x0000000114384f80:   00 00 00 00 00 00 00 00 00 00 00 00 00 00 00 00
0x0000000114384f90:   00 00 00 00 00 00 00 00 00 00 00 00 00 00 00 00
0x0000000114384fa0:   00 00 00 00 00 00 00 00 00 00 00 00 00 00 00 00
0x0000000114384fb0:   00 00 00 00 00 00 00 00 00 00 00 00 00 00 00 00
0x0000000114384fc0:   00 00 00 00 00 00 00 00 00 00 00 00 00 00 00 00
0x0000000114384fd0:   00 00 00 00 00 00 00 00 00 00 00 00 00 00 00 00
0x0000000114384fe0:   00 00 00 00 00 00 00 00 00 00 00 00 00 00 00 00
0x0000000114384ff0:   00 00 00 00 00 00 00 00 00 00 00 00 00 00 00 00
0x0000000114385000:   cf fa ed fe 07 00 00 01 03 00 00 00 06 00 00 00
0x0000000114385010:   10 00 00 00 00 07 00 00 85 80 11 00 00 00 00 00
0x0000000114385020:   19 00 00 00 78 02 00 00 5f 5f 54 45 58 54 00 00
0x0000000114385030:   00 00 00 00 00 00 00 00 00 00 00 00 00 00 00 00
0x0000000114385040:   00 c0 01 00 00 00 00 00 00 00 00 00 00 00 00 00
0x0000000114385050:   00 c0 01 00 00 00 00 00 05 00 00 00 05 00 00 00
0x0000000114385060:   07 00 00 00 00 00 00 00 5f 5f 74 65 78 74 00 00
0x0000000114385070:   00 00 00 00 00 00 00 00 5f 5f 54 45 58 54 00 00
0x0000000114385080:   00 00 00 00 00 00 00 00 80 19 00 00 00 00 00 00
0x0000000114385090:   dc 7d 01 00 00 00 00 00 80 19 00 00 04 00 00 00
0x00000001143850a0:   00 00 00 00 00 00 00 00 00 04 00 80 00 00 00 00
0x00000001143850b0:   00 00 00 00 00 00 00 00 5f 5f 73 74 75 62 73 00
0x00000001143850c0:   00 00 00 00 00 00 00 00 5f 5f 54 45 58 54 00 00
0x00000001143850d0:   00 00 00 00 00 00 00 00 5c 97 01 00 00 00 00 00
0x00000001143850e0:   ec 04 00 00 00 00 00 00 5c 97 01 00 00 00 00 00
0x00000001143850f0:   00 00 00 00 00 00 00 00 08 04 00 80 00 00 00 00 


Stack slot to memory mapping:
stack at sp + 0 slots: 
[error occurred during error reporting (inspecting top of stack), id 0xb, SIGSEGV (0xb) at pc=0x000000010978b23c]


---------------  P R O C E S S  ---------------

VM state:not at safepoint (normal execution)

VM Mutex/Monitor currently owned by a thread: None

Heap address: 0x00000007e0000000, size: 512 MB, Compressed Oops mode: Zero based, Oop shift amount: 3
Narrow klass base: 0x0000000800000000, Narrow klass shift: 0
Compressed class space size: 394264576 Address: 0x0000000800000000

Heap:
 garbage-first heap   total 262144K, used 133016K [0x00000007e0000000, 0x0000000800000000)
  region size 1024K, 16 young (16384K), 11 survivors (11264K)
 Metaspace       used 86792K, capacity 90453K, committed 90588K, reserved 462848K
  class space    used 11590K, capacity 12904K, committed 12928K, reserved 385024K
Heap Regions: E=young(eden), S=young(survivor), O=old, HS=humongous(starts), HC=humongous(continues), CS=collection set, F=free, A=archive, TAMS=top-at-mark-start (previous, next)
|   0|0x00000007e0000000, 0x00000007e0100000, 0x00000007e0100000|100%|HS|  |TAMS 0x00000007e0100000, 0x00000007e0000000| Complete 
|   1|0x00000007e0100000, 0x00000007e0200000, 0x00000007e0200000|100%|HC|  |TAMS 0x00000007e0200000, 0x00000007e0100000| Complete 
|   2|0x00000007e0200000, 0x00000007e0300000, 0x00000007e0300000|100%|HC|  |TAMS 0x00000007e0300000, 0x00000007e0200000| Complete 
|   3|0x00000007e0300000, 0x00000007e0400000, 0x00000007e0400000|100%|HC|  |TAMS 0x00000007e0400000, 0x00000007e0300000| Complete 
|   4|0x00000007e0400000, 0x00000007e0500000, 0x00000007e0500000|100%| O|  |TAMS 0x00000007e0500000, 0x00000007e0400000| Untracked 
|   5|0x00000007e0500000, 0x00000007e0600000, 0x00000007e0600000|100%| O|  |TAMS 0x00000007e0600000, 0x00000007e0500000| Untracked 
|   6|0x00000007e0600000, 0x00000007e0700000, 0x00000007e0700000|100%| O|  |TAMS 0x00000007e0700000, 0x00000007e0600000| Untracked 
|   7|0x00000007e0700000, 0x00000007e0800000, 0x00000007e0800000|100%| O|  |TAMS 0x00000007e0800000, 0x00000007e0700000| Untracked 
|   8|0x00000007e0800000, 0x00000007e0900000, 0x00000007e0900000|100%|HS|  |TAMS 0x00000007e0900000, 0x00000007e0800000| Complete 
|   9|0x00000007e0900000, 0x00000007e0a00000, 0x00000007e0a00000|100%| O|  |TAMS 0x00000007e0a00000, 0x00000007e0900000| Untracked 
|  10|0x00000007e0a00000, 0x00000007e0b00000, 0x00000007e0b00000|100%| O|  |TAMS 0x00000007e0b00000, 0x00000007e0a00000| Untracked 
|  11|0x00000007e0b00000, 0x00000007e0c00000, 0x00000007e0c00000|100%| O|  |TAMS 0x00000007e0c00000, 0x00000007e0b00000| Untracked 
|  12|0x00000007e0c00000, 0x00000007e0d00000, 0x00000007e0d00000|100%| O|  |TAMS 0x00000007e0d00000, 0x00000007e0c00000| Untracked 
|  13|0x00000007e0d00000, 0x00000007e0e00000, 0x00000007e0e00000|100%| O|  |TAMS 0x00000007e0e00000, 0x00000007e0d00000| Untracked 
|  14|0x00000007e0e00000, 0x00000007e0f00000, 0x00000007e0f00000|100%| O|  |TAMS 0x00000007e0f00000, 0x00000007e0e00000| Untracked 
|  15|0x00000007e0f00000, 0x00000007e1000000, 0x00000007e1000000|100%| O|  |TAMS 0x00000007e1000000, 0x00000007e0f00000| Untracked 
|  16|0x00000007e1000000, 0x00000007e1100000, 0x00000007e1100000|100%| O|  |TAMS 0x00000007e1100000, 0x00000007e1000000| Untracked 
|  17|0x00000007e1100000, 0x00000007e1200000, 0x00000007e1200000|100%| O|  |TAMS 0x00000007e1200000, 0x00000007e1100000| Untracked 
|  18|0x00000007e1200000, 0x00000007e1300000, 0x00000007e1300000|100%| O|  |TAMS 0x00000007e1300000, 0x00000007e1200000| Untracked 
|  19|0x00000007e1300000, 0x00000007e1400000, 0x00000007e1400000|100%|HS|  |TAMS 0x00000007e1400000, 0x00000007e1300000| Complete 
|  20|0x00000007e1400000, 0x00000007e1500000, 0x00000007e1500000|100%|HC|  |TAMS 0x00000007e1500000, 0x00000007e1400000| Complete 
|  21|0x00000007e1500000, 0x00000007e1600000, 0x00000007e1600000|100%|HC|  |TAMS 0x00000007e1600000, 0x00000007e1500000| Complete 
|  22|0x00000007e1600000, 0x00000007e1700000, 0x00000007e1700000|100%|HC|  |TAMS 0x00000007e1700000, 0x00000007e1600000| Complete 
|  23|0x00000007e1700000, 0x00000007e1800000, 0x00000007e1800000|100%|HC|  |TAMS 0x00000007e1800000, 0x00000007e1700000| Complete 
|  24|0x00000007e1800000, 0x00000007e1900000, 0x00000007e1900000|100%|HS|  |TAMS 0x00000007e1900000, 0x00000007e1800000| Complete 
|  25|0x00000007e1900000, 0x00000007e1a00000, 0x00000007e1a00000|100%|HC|  |TAMS 0x00000007e1a00000, 0x00000007e1900000| Complete 
|  26|0x00000007e1a00000, 0x00000007e1b00000, 0x00000007e1b00000|100%|HC|  |TAMS 0x00000007e1b00000, 0x00000007e1a00000| Complete 
|  27|0x00000007e1b00000, 0x00000007e1c00000, 0x00000007e1c00000|100%|HS|  |TAMS 0x00000007e1c00000, 0x00000007e1b00000| Complete 
|  28|0x00000007e1c00000, 0x00000007e1d00000, 0x00000007e1d00000|100%|HC|  |TAMS 0x00000007e1d00000, 0x00000007e1c00000| Complete 
|  29|0x00000007e1d00000, 0x00000007e1e00000, 0x00000007e1e00000|100%|HS|  |TAMS 0x00000007e1e00000, 0x00000007e1d00000| Complete 
|  30|0x00000007e1e00000, 0x00000007e1f00000, 0x00000007e1f00000|100%|HC|  |TAMS 0x00000007e1f00000, 0x00000007e1e00000| Complete 
|  31|0x00000007e1f00000, 0x00000007e2000000, 0x00000007e2000000|100%|HS|  |TAMS 0x00000007e2000000, 0x00000007e1f00000| Complete 
|  32|0x00000007e2000000, 0x00000007e2100000, 0x00000007e2100000|100%|HC|  |TAMS 0x00000007e2100000, 0x00000007e2000000| Complete 
|  33|0x00000007e2100000, 0x00000007e2200000, 0x00000007e2200000|100%|HC|  |TAMS 0x00000007e2200000, 0x00000007e2100000| Complete 
|  34|0x00000007e2200000, 0x00000007e2300000, 0x00000007e2300000|100%|HC|  |TAMS 0x00000007e2300000, 0x00000007e2200000| Complete 
|  35|0x00000007e2300000, 0x00000007e2400000, 0x00000007e2400000|100%|HC|  |TAMS 0x00000007e2400000, 0x00000007e2300000| Complete 
|  36|0x00000007e2400000, 0x00000007e2500000, 0x00000007e2500000|100%|HS|  |TAMS 0x00000007e2500000, 0x00000007e2400000| Complete 
|  37|0x00000007e2500000, 0x00000007e2600000, 0x00000007e2600000|100%|HC|  |TAMS 0x00000007e2600000, 0x00000007e2500000| Complete 
|  38|0x00000007e2600000, 0x00000007e2700000, 0x00000007e2700000|100%|HC|  |TAMS 0x00000007e2700000, 0x00000007e2600000| Complete 
|  39|0x00000007e2700000, 0x00000007e2800000, 0x00000007e2800000|100%|HC|  |TAMS 0x00000007e2800000, 0x00000007e2700000| Complete 
|  40|0x00000007e2800000, 0x00000007e2900000, 0x00000007e2900000|100%|HC|  |TAMS 0x00000007e2900000, 0x00000007e2800000| Complete 
|  41|0x00000007e2900000, 0x00000007e2a00000, 0x00000007e2a00000|100%| O|  |TAMS 0x00000007e2a00000, 0x00000007e2900000| Untracked 
|  42|0x00000007e2a00000, 0x00000007e2b00000, 0x00000007e2b00000|100%| O|  |TAMS 0x00000007e2b00000, 0x00000007e2a00000| Untracked 
|  43|0x00000007e2b00000, 0x00000007e2c00000, 0x00000007e2c00000|100%| O|  |TAMS 0x00000007e2c00000, 0x00000007e2b00000| Untracked 
|  44|0x00000007e2c00000, 0x00000007e2cffff8, 0x00000007e2d00000| 99%| O|  |TAMS 0x00000007e2cffff8, 0x00000007e2c00000| Untracked 
|  45|0x00000007e2d00000, 0x00000007e2e00000, 0x00000007e2e00000|100%| O|  |TAMS 0x00000007e2e00000, 0x00000007e2d00000| Untracked 
|  46|0x00000007e2e00000, 0x00000007e2f00000, 0x00000007e2f00000|100%| O|  |TAMS 0x00000007e2f00000, 0x00000007e2e00000| Untracked 
|  47|0x00000007e2f00000, 0x00000007e3000000, 0x00000007e3000000|100%| O|  |TAMS 0x00000007e3000000, 0x00000007e2f00000| Untracked 
|  48|0x00000007e3000000, 0x00000007e3100000, 0x00000007e3100000|100%| O|  |TAMS 0x00000007e3100000, 0x00000007e3000000| Untracked 
|  49|0x00000007e3100000, 0x00000007e3200000, 0x00000007e3200000|100%| O|  |TAMS 0x00000007e3200000, 0x00000007e3100000| Untracked 
|  50|0x00000007e3200000, 0x00000007e3300000, 0x00000007e3300000|100%| O|  |TAMS 0x00000007e3300000, 0x00000007e3200000| Untracked 
|  51|0x00000007e3300000, 0x00000007e3400000, 0x00000007e3400000|100%| O|  |TAMS 0x00000007e3400000, 0x00000007e3300000| Untracked 
|  52|0x00000007e3400000, 0x00000007e3500000, 0x00000007e3500000|100%| O|  |TAMS 0x00000007e3500000, 0x00000007e3400000| Untracked 
|  53|0x00000007e3500000, 0x00000007e3600000, 0x00000007e3600000|100%| O|  |TAMS 0x00000007e35ba400, 0x00000007e3500000| Untracked 
|  54|0x00000007e3600000, 0x00000007e3700000, 0x00000007e3700000|100%|HS|  |TAMS 0x00000007e3600000, 0x00000007e3600000| Complete 
|  55|0x00000007e3700000, 0x00000007e3800000, 0x00000007e3800000|100%|HC|  |TAMS 0x00000007e3700000, 0x00000007e3700000| Complete 
|  56|0x00000007e3800000, 0x00000007e3900000, 0x00000007e3900000|100%|HS|  |TAMS 0x00000007e3800000, 0x00000007e3800000| Complete 
|  57|0x00000007e3900000, 0x00000007e3a00000, 0x00000007e3a00000|100%|HS|  |TAMS 0x00000007e3900000, 0x00000007e3900000| Complete 
|  58|0x00000007e3a00000, 0x00000007e3b00000, 0x00000007e3b00000|100%|HC|  |TAMS 0x00000007e3a00000, 0x00000007e3a00000| Complete 
|  59|0x00000007e3b00000, 0x00000007e3c00000, 0x00000007e3c00000|100%|HC|  |TAMS 0x00000007e3b00000, 0x00000007e3b00000| Complete 
|  60|0x00000007e3c00000, 0x00000007e3d00000, 0x00000007e3d00000|100%|HC|  |TAMS 0x00000007e3c00000, 0x00000007e3c00000| Complete 
|  61|0x00000007e3d00000, 0x00000007e3e00000, 0x00000007e3e00000|100%|HC|  |TAMS 0x00000007e3d00000, 0x00000007e3d00000| Complete 
|  62|0x00000007e3e00000, 0x00000007e3f00000, 0x00000007e3f00000|100%|HS|  |TAMS 0x00000007e3e00000, 0x00000007e3e00000| Complete 
|  63|0x00000007e3f00000, 0x00000007e4000000, 0x00000007e4000000|100%|HC|  |TAMS 0x00000007e3f00000, 0x00000007e3f00000| Complete 
|  64|0x00000007e4000000, 0x00000007e4100000, 0x00000007e4100000|100%|HC|  |TAMS 0x00000007e4000000, 0x00000007e4000000| Complete 
|  65|0x00000007e4100000, 0x00000007e4200000, 0x00000007e4200000|100%|HS|  |TAMS 0x00000007e4100000, 0x00000007e4100000| Complete 
|  66|0x00000007e4200000, 0x00000007e4300000, 0x00000007e4300000|100%|HC|  |TAMS 0x00000007e4200000, 0x00000007e4200000| Complete 
|  67|0x00000007e4300000, 0x00000007e4400000, 0x00000007e4400000|100%|HS|  |TAMS 0x00000007e4300000, 0x00000007e4300000| Complete 
|  68|0x00000007e4400000, 0x00000007e4500000, 0x00000007e4500000|100%| O|  |TAMS 0x00000007e4400000, 0x00000007e4400000| Untracked 
|  69|0x00000007e4500000, 0x00000007e4600000, 0x00000007e4600000|100%| O|  |TAMS 0x00000007e4500000, 0x00000007e4500000| Untracked 
|  70|0x00000007e4600000, 0x00000007e4700000, 0x00000007e4700000|100%| O|  |TAMS 0x00000007e4600000, 0x00000007e4600000| Untracked 
|  71|0x00000007e4700000, 0x00000007e4800000, 0x00000007e4800000|100%| O|  |TAMS 0x00000007e4700000, 0x00000007e4700000| Untracked 
|  72|0x00000007e4800000, 0x00000007e4900000, 0x00000007e4900000|100%| O|  |TAMS 0x00000007e4800000, 0x00000007e4800000| Untracked 
|  73|0x00000007e4900000, 0x00000007e4a00000, 0x00000007e4a00000|100%| O|  |TAMS 0x00000007e4900000, 0x00000007e4900000| Untracked 
|  74|0x00000007e4a00000, 0x00000007e4b00000, 0x00000007e4b00000|100%| O|  |TAMS 0x00000007e4a00000, 0x00000007e4a00000| Untracked 
|  75|0x00000007e4b00000, 0x00000007e4c00000, 0x00000007e4c00000|100%| O|  |TAMS 0x00000007e4b00000, 0x00000007e4b00000| Untracked 
|  76|0x00000007e4c00000, 0x00000007e4d00000, 0x00000007e4d00000|100%| O|  |TAMS 0x00000007e4c00000, 0x00000007e4c00000| Untracked 
|  77|0x00000007e4d00000, 0x00000007e4e00000, 0x00000007e4e00000|100%| O|  |TAMS 0x00000007e4d00000, 0x00000007e4d00000| Untracked 
|  78|0x00000007e4e00000, 0x00000007e4f00000, 0x00000007e4f00000|100%| O|  |TAMS 0x00000007e4e00000, 0x00000007e4e00000| Untracked 
|  79|0x00000007e4f00000, 0x00000007e5000000, 0x00000007e5000000|100%| O|  |TAMS 0x00000007e4f00000, 0x00000007e4f00000| Untracked 
|  80|0x00000007e5000000, 0x00000007e5100000, 0x00000007e5100000|100%| O|  |TAMS 0x00000007e5000000, 0x00000007e5000000| Untracked 
|  81|0x00000007e5100000, 0x00000007e5200000, 0x00000007e5200000|100%| O|  |TAMS 0x00000007e5100000, 0x00000007e5100000| Untracked 
|  82|0x00000007e5200000, 0x00000007e5300000, 0x00000007e5300000|100%| O|  |TAMS 0x00000007e5200000, 0x00000007e5200000| Untracked 
|  83|0x00000007e5300000, 0x00000007e5400000, 0x00000007e5400000|100%| O|  |TAMS 0x00000007e5300000, 0x00000007e5300000| Untracked 
|  84|0x00000007e5400000, 0x00000007e5500000, 0x00000007e5500000|100%| O|  |TAMS 0x00000007e5400000, 0x00000007e5400000| Untracked 
|  85|0x00000007e5500000, 0x00000007e5600000, 0x00000007e5600000|100%| O|  |TAMS 0x00000007e5500000, 0x00000007e5500000| Untracked 
|  86|0x00000007e5600000, 0x00000007e5700000, 0x00000007e5700000|100%| O|  |TAMS 0x00000007e5600000, 0x00000007e5600000| Untracked 
|  87|0x00000007e5700000, 0x00000007e5800000, 0x00000007e5800000|100%| O|  |TAMS 0x00000007e5700000, 0x00000007e5700000| Untracked 
|  88|0x00000007e5800000, 0x00000007e5900000, 0x00000007e5900000|100%| O|  |TAMS 0x00000007e5800000, 0x00000007e5800000| Untracked 
|  89|0x00000007e5900000, 0x00000007e5a00000, 0x00000007e5a00000|100%| O|  |TAMS 0x00000007e5900000, 0x00000007e5900000| Untracked 
|  90|0x00000007e5a00000, 0x00000007e5b00000, 0x00000007e5b00000|100%| O|  |TAMS 0x00000007e5a00000, 0x00000007e5a00000| Untracked 
|  91|0x00000007e5b00000, 0x00000007e5c00000, 0x00000007e5c00000|100%| O|  |TAMS 0x00000007e5b00000, 0x00000007e5b00000| Untracked 
|  92|0x00000007e5c00000, 0x00000007e5d00000, 0x00000007e5d00000|100%| O|  |TAMS 0x00000007e5c00000, 0x00000007e5c00000| Untracked 
|  93|0x00000007e5d00000, 0x00000007e5e00000, 0x00000007e5e00000|100%| O|  |TAMS 0x00000007e5d00000, 0x00000007e5d00000| Untracked 
|  94|0x00000007e5e00000, 0x00000007e5f00000, 0x00000007e5f00000|100%| O|  |TAMS 0x00000007e5e00000, 0x00000007e5e00000| Untracked 
|  95|0x00000007e5f00000, 0x00000007e6000000, 0x00000007e6000000|100%| O|  |TAMS 0x00000007e5f00000, 0x00000007e5f00000| Untracked 
|  96|0x00000007e6000000, 0x00000007e6100000, 0x00000007e6100000|100%| O|  |TAMS 0x00000007e6000000, 0x00000007e6000000| Untracked 
|  97|0x00000007e6100000, 0x00000007e6200000, 0x00000007e6200000|100%| O|  |TAMS 0x00000007e6100000, 0x00000007e6100000| Untracked 
|  98|0x00000007e6200000, 0x00000007e6300000, 0x00000007e6300000|100%| O|  |TAMS 0x00000007e6200000, 0x00000007e6200000| Untracked 
|  99|0x00000007e6300000, 0x00000007e6400000, 0x00000007e6400000|100%| O|  |TAMS 0x00000007e6300000, 0x00000007e6300000| Untracked 
| 100|0x00000007e6400000, 0x00000007e6500000, 0x00000007e6500000|100%| O|  |TAMS 0x00000007e6400000, 0x00000007e6400000| Untracked 
| 101|0x00000007e6500000, 0x00000007e6600000, 0x00000007e6600000|100%| O|  |TAMS 0x00000007e6500000, 0x00000007e6500000| Untracked 
| 102|0x00000007e6600000, 0x00000007e6700000, 0x00000007e6700000|100%| O|  |TAMS 0x00000007e6600000, 0x00000007e6600000| Untracked 
| 103|0x00000007e6700000, 0x00000007e6800000, 0x00000007e6800000|100%| O|  |TAMS 0x00000007e6700000, 0x00000007e6700000| Untracked 
| 104|0x00000007e6800000, 0x00000007e6900000, 0x00000007e6900000|100%| O|  |TAMS 0x00000007e6800000, 0x00000007e6800000| Untracked 
| 105|0x00000007e6900000, 0x00000007e6a00000, 0x00000007e6a00000|100%| O|  |TAMS 0x00000007e6900000, 0x00000007e6900000| Untracked 
| 106|0x00000007e6a00000, 0x00000007e6b00000, 0x00000007e6b00000|100%| O|  |TAMS 0x00000007e6a00000, 0x00000007e6a00000| Untracked 
| 107|0x00000007e6b00000, 0x00000007e6c00000, 0x00000007e6c00000|100%| O|  |TAMS 0x00000007e6b00000, 0x00000007e6b00000| Untracked 
| 108|0x00000007e6c00000, 0x00000007e6d00000, 0x00000007e6d00000|100%| O|  |TAMS 0x00000007e6c00000, 0x00000007e6c00000| Untracked 
| 109|0x00000007e6d00000, 0x00000007e6e00000, 0x00000007e6e00000|100%| O|  |TAMS 0x00000007e6d00000, 0x00000007e6d00000| Untracked 
| 110|0x00000007e6e00000, 0x00000007e6f00000, 0x00000007e6f00000|100%| O|  |TAMS 0x00000007e6e00000, 0x00000007e6e00000| Untracked 
| 111|0x00000007e6f00000, 0x00000007e7000000, 0x00000007e7000000|100%| O|  |TAMS 0x00000007e6f00000, 0x00000007e6f00000| Untracked 
| 112|0x00000007e7000000, 0x00000007e7100000, 0x00000007e7100000|100%| O|  |TAMS 0x00000007e7000000, 0x00000007e7000000| Untracked 
| 113|0x00000007e7100000, 0x00000007e7200000, 0x00000007e7200000|100%| O|  |TAMS 0x00000007e7100000, 0x00000007e7100000| Untracked 
| 114|0x00000007e7200000, 0x00000007e7300000, 0x00000007e7300000|100%| O|  |TAMS 0x00000007e7200000, 0x00000007e7200000| Untracked 
| 115|0x00000007e7300000, 0x00000007e734be00, 0x00000007e7400000| 29%| O|  |TAMS 0x00000007e7300000, 0x00000007e7300000| Untracked 
| 116|0x00000007e7400000, 0x00000007e7400000, 0x00000007e7500000|  0%| F|  |TAMS 0x00000007e7400000, 0x00000007e7400000| Untracked 
| 117|0x00000007e7500000, 0x00000007e7500000, 0x00000007e7600000|  0%| F|  |TAMS 0x00000007e7500000, 0x00000007e7500000| Untracked 
| 118|0x00000007e7600000, 0x00000007e7600000, 0x00000007e7700000|  0%| F|  |TAMS 0x00000007e7600000, 0x00000007e7600000| Untracked 
| 119|0x00000007e7700000, 0x00000007e7700000, 0x00000007e7800000|  0%| F|  |TAMS 0x00000007e7700000, 0x00000007e7700000| Untracked 
| 120|0x00000007e7800000, 0x00000007e7800000, 0x00000007e7900000|  0%| F|  |TAMS 0x00000007e7800000, 0x00000007e7800000| Untracked 
| 121|0x00000007e7900000, 0x00000007e7900000, 0x00000007e7a00000|  0%| F|  |TAMS 0x00000007e7900000, 0x00000007e7900000| Untracked 
| 122|0x00000007e7a00000, 0x00000007e7a00000, 0x00000007e7b00000|  0%| F|  |TAMS 0x00000007e7a00000, 0x00000007e7a00000| Untracked 
| 123|0x00000007e7b00000, 0x00000007e7b00000, 0x00000007e7c00000|  0%| F|  |TAMS 0x00000007e7b00000, 0x00000007e7b00000| Untracked 
| 124|0x00000007e7c00000, 0x00000007e7c00000, 0x00000007e7d00000|  0%| F|  |TAMS 0x00000007e7c00000, 0x00000007e7c00000| Untracked 
| 125|0x00000007e7d00000, 0x00000007e7d00000, 0x00000007e7e00000|  0%| F|  |TAMS 0x00000007e7d00000, 0x00000007e7d00000| Untracked 
| 126|0x00000007e7e00000, 0x00000007e7e00000, 0x00000007e7f00000|  0%| F|  |TAMS 0x00000007e7e00000, 0x00000007e7e00000| Untracked 
| 127|0x00000007e7f00000, 0x00000007e7f00000, 0x00000007e8000000|  0%| F|  |TAMS 0x00000007e7f00000, 0x00000007e7f00000| Untracked 
| 128|0x00000007e8000000, 0x00000007e8000000, 0x00000007e8100000|  0%| F|  |TAMS 0x00000007e8000000, 0x00000007e8000000| Untracked 
| 129|0x00000007e8100000, 0x00000007e8100000, 0x00000007e8200000|  0%| F|  |TAMS 0x00000007e8100000, 0x00000007e8100000| Untracked 
| 130|0x00000007e8200000, 0x00000007e8200000, 0x00000007e8300000|  0%| F|  |TAMS 0x00000007e8200000, 0x00000007e8200000| Untracked 
| 131|0x00000007e8300000, 0x00000007e8300000, 0x00000007e8400000|  0%| F|  |TAMS 0x00000007e8300000, 0x00000007e8300000| Untracked 
| 132|0x00000007e8400000, 0x00000007e8400000, 0x00000007e8500000|  0%| F|  |TAMS 0x00000007e8400000, 0x00000007e8400000| Untracked 
| 133|0x00000007e8500000, 0x00000007e8500000, 0x00000007e8600000|  0%| F|  |TAMS 0x00000007e8500000, 0x00000007e8500000| Untracked 
| 134|0x00000007e8600000, 0x00000007e8600000, 0x00000007e8700000|  0%| F|  |TAMS 0x00000007e8600000, 0x00000007e8600000| Untracked 
| 135|0x00000007e8700000, 0x00000007e8700000, 0x00000007e8800000|  0%| F|  |TAMS 0x00000007e8700000, 0x00000007e8700000| Untracked 
| 136|0x00000007e8800000, 0x00000007e8800000, 0x00000007e8900000|  0%| F|  |TAMS 0x00000007e8800000, 0x00000007e8800000| Untracked 
| 137|0x00000007e8900000, 0x00000007e8900000, 0x00000007e8a00000|  0%| F|  |TAMS 0x00000007e8900000, 0x00000007e8900000| Untracked 
| 138|0x00000007e8a00000, 0x00000007e8a00000, 0x00000007e8b00000|  0%| F|  |TAMS 0x00000007e8a00000, 0x00000007e8a00000| Untracked 
| 139|0x00000007e8b00000, 0x00000007e8b00000, 0x00000007e8c00000|  0%| F|  |TAMS 0x00000007e8b00000, 0x00000007e8b00000| Untracked 
| 140|0x00000007e8c00000, 0x00000007e8c00000, 0x00000007e8d00000|  0%| F|  |TAMS 0x00000007e8c00000, 0x00000007e8c00000| Untracked 
| 141|0x00000007e8d00000, 0x00000007e8d00000, 0x00000007e8e00000|  0%| F|  |TAMS 0x00000007e8d00000, 0x00000007e8d00000| Untracked 
| 142|0x00000007e8e00000, 0x00000007e8e9a440, 0x00000007e8f00000| 60%| S|CS|TAMS 0x00000007e8e00000, 0x00000007e8e00000| Complete 
| 143|0x00000007e8f00000, 0x00000007e8f00000, 0x00000007e9000000|  0%| F|  |TAMS 0x00000007e8f00000, 0x00000007e8f00000| Untracked 
| 144|0x00000007e9000000, 0x00000007e9100000, 0x00000007e9100000|100%| S|CS|TAMS 0x00000007e9000000, 0x00000007e9000000| Complete 
| 145|0x00000007e9100000, 0x00000007e9200000, 0x00000007e9200000|100%| S|CS|TAMS 0x00000007e9100000, 0x00000007e9100000| Complete 
| 146|0x00000007e9200000, 0x00000007e9300000, 0x00000007e9300000|100%| S|CS|TAMS 0x00000007e9200000, 0x00000007e9200000| Complete 
| 147|0x00000007e9300000, 0x00000007e9300000, 0x00000007e9400000|  0%| F|  |TAMS 0x00000007e9300000, 0x00000007e9300000| Untracked 
| 148|0x00000007e9400000, 0x00000007e9500000, 0x00000007e9500000|100%| S|CS|TAMS 0x00000007e9400000, 0x00000007e9400000| Complete 
| 149|0x00000007e9500000, 0x00000007e9600000, 0x00000007e9600000|100%| S|CS|TAMS 0x00000007e9500000, 0x00000007e9500000| Complete 
| 150|0x00000007e9600000, 0x00000007e9600000, 0x00000007e9700000|  0%| F|  |TAMS 0x00000007e9600000, 0x00000007e9600000| Untracked 
| 151|0x00000007e9700000, 0x00000007e9700000, 0x00000007e9800000|  0%| F|  |TAMS 0x00000007e9700000, 0x00000007e9700000| Untracked 
| 152|0x00000007e9800000, 0x00000007e9900000, 0x00000007e9900000|100%| S|CS|TAMS 0x00000007e9800000, 0x00000007e9800000| Complete 
| 153|0x00000007e9900000, 0x00000007e9900000, 0x00000007e9a00000|  0%| F|  |TAMS 0x00000007e9900000, 0x00000007e9900000| Untracked 
| 154|0x00000007e9a00000, 0x00000007e9a00000, 0x00000007e9b00000|  0%| F|  |TAMS 0x00000007e9a00000, 0x00000007e9a00000| Untracked 
| 155|0x00000007e9b00000, 0x00000007e9b00000, 0x00000007e9c00000|  0%| F|  |TAMS 0x00000007e9b00000, 0x00000007e9b00000| Untracked 
| 156|0x00000007e9c00000, 0x00000007e9d00000, 0x00000007e9d00000|100%| S|CS|TAMS 0x00000007e9c00000, 0x00000007e9c00000| Complete 
| 157|0x00000007e9d00000, 0x00000007e9e00000, 0x00000007e9e00000|100%| S|CS|TAMS 0x00000007e9d00000, 0x00000007e9d00000| Complete 
| 158|0x00000007e9e00000, 0x00000007e9f00000, 0x00000007e9f00000|100%| S|CS|TAMS 0x00000007e9e00000, 0x00000007e9e00000| Complete 
| 159|0x00000007e9f00000, 0x00000007e9f00000, 0x00000007ea000000|  0%| F|  |TAMS 0x00000007e9f00000, 0x00000007e9f00000| Untracked 
| 160|0x00000007ea000000, 0x00000007ea000000, 0x00000007ea100000|  0%| F|  |TAMS 0x00000007ea000000, 0x00000007ea000000| Untracked 
| 161|0x00000007ea100000, 0x00000007ea200000, 0x00000007ea200000|100%| S|CS|TAMS 0x00000007ea100000, 0x00000007ea100000| Complete 
| 162|0x00000007ea200000, 0x00000007ea200000, 0x00000007ea300000|  0%| F|  |TAMS 0x00000007ea200000, 0x00000007ea200000| Untracked 
| 163|0x00000007ea300000, 0x00000007ea300000, 0x00000007ea400000|  0%| F|  |TAMS 0x00000007ea300000, 0x00000007ea300000| Untracked 
| 164|0x00000007ea400000, 0x00000007ea400000, 0x00000007ea500000|  0%| F|  |TAMS 0x00000007ea400000, 0x00000007ea400000| Untracked 
| 165|0x00000007ea500000, 0x00000007ea500000, 0x00000007ea600000|  0%| F|  |TAMS 0x00000007ea500000, 0x00000007ea500000| Untracked 
| 166|0x00000007ea600000, 0x00000007ea600000, 0x00000007ea700000|  0%| F|  |TAMS 0x00000007ea600000, 0x00000007ea600000| Untracked 
| 167|0x00000007ea700000, 0x00000007ea700000, 0x00000007ea800000|  0%| F|  |TAMS 0x00000007ea700000, 0x00000007ea700000| Untracked 
| 168|0x00000007ea800000, 0x00000007ea800000, 0x00000007ea900000|  0%| F|  |TAMS 0x00000007ea800000, 0x00000007ea800000| Untracked 
| 169|0x00000007ea900000, 0x00000007ea900000, 0x00000007eaa00000|  0%| F|  |TAMS 0x00000007ea900000, 0x00000007ea900000| Untracked 
| 170|0x00000007eaa00000, 0x00000007eaa00000, 0x00000007eab00000|  0%| F|  |TAMS 0x00000007eaa00000, 0x00000007eaa00000| Untracked 
| 171|0x00000007eab00000, 0x00000007eab00000, 0x00000007eac00000|  0%| F|  |TAMS 0x00000007eab00000, 0x00000007eab00000| Untracked 
| 172|0x00000007eac00000, 0x00000007eac00000, 0x00000007ead00000|  0%| F|  |TAMS 0x00000007eac00000, 0x00000007eac00000| Untracked 
| 173|0x00000007ead00000, 0x00000007ead00000, 0x00000007eae00000|  0%| F|  |TAMS 0x00000007ead00000, 0x00000007ead00000| Untracked 
| 174|0x00000007eae00000, 0x00000007eae00000, 0x00000007eaf00000|  0%| F|  |TAMS 0x00000007eae00000, 0x00000007eae00000| Untracked 
| 175|0x00000007eaf00000, 0x00000007eaf00000, 0x00000007eb000000|  0%| F|  |TAMS 0x00000007eaf00000, 0x00000007eaf00000| Untracked 
| 176|0x00000007eb000000, 0x00000007eb000000, 0x00000007eb100000|  0%| F|  |TAMS 0x00000007eb000000, 0x00000007eb000000| Untracked 
| 177|0x00000007eb100000, 0x00000007eb100000, 0x00000007eb200000|  0%| F|  |TAMS 0x00000007eb100000, 0x00000007eb100000| Untracked 
| 178|0x00000007eb200000, 0x00000007eb200000, 0x00000007eb300000|  0%| F|  |TAMS 0x00000007eb200000, 0x00000007eb200000| Untracked 
| 179|0x00000007eb300000, 0x00000007eb300000, 0x00000007eb400000|  0%| F|  |TAMS 0x00000007eb300000, 0x00000007eb300000| Untracked 
| 180|0x00000007eb400000, 0x00000007eb400000, 0x00000007eb500000|  0%| F|  |TAMS 0x00000007eb400000, 0x00000007eb400000| Untracked 
| 181|0x00000007eb500000, 0x00000007eb500000, 0x00000007eb600000|  0%| F|  |TAMS 0x00000007eb500000, 0x00000007eb500000| Untracked 
| 182|0x00000007eb600000, 0x00000007eb600000, 0x00000007eb700000|  0%| F|  |TAMS 0x00000007eb600000, 0x00000007eb600000| Untracked 
| 183|0x00000007eb700000, 0x00000007eb700000, 0x00000007eb800000|  0%| F|  |TAMS 0x00000007eb700000, 0x00000007eb700000| Untracked 
| 184|0x00000007eb800000, 0x00000007eb800000, 0x00000007eb900000|  0%| F|  |TAMS 0x00000007eb800000, 0x00000007eb800000| Untracked 
| 185|0x00000007eb900000, 0x00000007eb900000, 0x00000007eba00000|  0%| F|  |TAMS 0x00000007eb900000, 0x00000007eb900000| Untracked 
| 186|0x00000007eba00000, 0x00000007eba00000, 0x00000007ebb00000|  0%| F|  |TAMS 0x00000007eba00000, 0x00000007eba00000| Untracked 
| 187|0x00000007ebb00000, 0x00000007ebb00000, 0x00000007ebc00000|  0%| F|  |TAMS 0x00000007ebb00000, 0x00000007ebb00000| Untracked 
| 188|0x00000007ebc00000, 0x00000007ebc00000, 0x00000007ebd00000|  0%| F|  |TAMS 0x00000007ebc00000, 0x00000007ebc00000| Untracked 
| 189|0x00000007ebd00000, 0x00000007ebd00000, 0x00000007ebe00000|  0%| F|  |TAMS 0x00000007ebd00000, 0x00000007ebd00000| Untracked 
| 190|0x00000007ebe00000, 0x00000007ebe00000, 0x00000007ebf00000|  0%| F|  |TAMS 0x00000007ebe00000, 0x00000007ebe00000| Untracked 
| 191|0x00000007ebf00000, 0x00000007ebf00000, 0x00000007ec000000|  0%| F|  |TAMS 0x00000007ebf00000, 0x00000007ebf00000| Untracked 
| 192|0x00000007ec000000, 0x00000007ec000000, 0x00000007ec100000|  0%| F|  |TAMS 0x00000007ec000000, 0x00000007ec000000| Untracked 
| 193|0x00000007ec100000, 0x00000007ec100000, 0x00000007ec200000|  0%| F|  |TAMS 0x00000007ec100000, 0x00000007ec100000| Untracked 
| 194|0x00000007ec200000, 0x00000007ec200000, 0x00000007ec300000|  0%| F|  |TAMS 0x00000007ec200000, 0x00000007ec200000| Untracked 
| 195|0x00000007ec300000, 0x00000007ec300000, 0x00000007ec400000|  0%| F|  |TAMS 0x00000007ec300000, 0x00000007ec300000| Untracked 
| 196|0x00000007ec400000, 0x00000007ec400000, 0x00000007ec500000|  0%| F|  |TAMS 0x00000007ec400000, 0x00000007ec400000| Untracked 
| 197|0x00000007ec500000, 0x00000007ec500000, 0x00000007ec600000|  0%| F|  |TAMS 0x00000007ec500000, 0x00000007ec500000| Untracked 
| 198|0x00000007ec600000, 0x00000007ec600000, 0x00000007ec700000|  0%| F|  |TAMS 0x00000007ec600000, 0x00000007ec600000| Untracked 
| 199|0x00000007ec700000, 0x00000007ec700000, 0x00000007ec800000|  0%| F|  |TAMS 0x00000007ec700000, 0x00000007ec700000| Untracked 
| 200|0x00000007ec800000, 0x00000007ec800000, 0x00000007ec900000|  0%| F|  |TAMS 0x00000007ec800000, 0x00000007ec800000| Untracked 
| 201|0x00000007ec900000, 0x00000007ec900000, 0x00000007eca00000|  0%| F|  |TAMS 0x00000007ec900000, 0x00000007ec900000| Untracked 
| 202|0x00000007eca00000, 0x00000007eca00000, 0x00000007ecb00000|  0%| F|  |TAMS 0x00000007eca00000, 0x00000007eca00000| Untracked 
| 203|0x00000007ecb00000, 0x00000007ecb00000, 0x00000007ecc00000|  0%| F|  |TAMS 0x00000007ecb00000, 0x00000007ecb00000| Untracked 
| 204|0x00000007ecc00000, 0x00000007ecc00000, 0x00000007ecd00000|  0%| F|  |TAMS 0x00000007ecc00000, 0x00000007ecc00000| Untracked 
| 205|0x00000007ecd00000, 0x00000007ecd00000, 0x00000007ece00000|  0%| F|  |TAMS 0x00000007ecd00000, 0x00000007ecd00000| Untracked 
| 206|0x00000007ece00000, 0x00000007ece00000, 0x00000007ecf00000|  0%| F|  |TAMS 0x00000007ece00000, 0x00000007ece00000| Untracked 
| 207|0x00000007ecf00000, 0x00000007ecf00000, 0x00000007ed000000|  0%| F|  |TAMS 0x00000007ecf00000, 0x00000007ecf00000| Untracked 
| 208|0x00000007ed000000, 0x00000007ed000000, 0x00000007ed100000|  0%| F|  |TAMS 0x00000007ed000000, 0x00000007ed000000| Untracked 
| 209|0x00000007ed100000, 0x00000007ed100000, 0x00000007ed200000|  0%| F|  |TAMS 0x00000007ed100000, 0x00000007ed100000| Untracked 
| 210|0x00000007ed200000, 0x00000007ed200000, 0x00000007ed300000|  0%| F|  |TAMS 0x00000007ed200000, 0x00000007ed200000| Untracked 
| 211|0x00000007ed300000, 0x00000007ed300000, 0x00000007ed400000|  0%| F|  |TAMS 0x00000007ed300000, 0x00000007ed300000| Untracked 
| 212|0x00000007ed400000, 0x00000007ed400000, 0x00000007ed500000|  0%| F|  |TAMS 0x00000007ed400000, 0x00000007ed400000| Untracked 
| 213|0x00000007ed500000, 0x00000007ed500000, 0x00000007ed600000|  0%| F|  |TAMS 0x00000007ed500000, 0x00000007ed500000| Untracked 
| 214|0x00000007ed600000, 0x00000007ed600000, 0x00000007ed700000|  0%| F|  |TAMS 0x00000007ed600000, 0x00000007ed600000| Untracked 
| 215|0x00000007ed700000, 0x00000007ed700000, 0x00000007ed800000|  0%| F|  |TAMS 0x00000007ed700000, 0x00000007ed700000| Untracked 
| 216|0x00000007ed800000, 0x00000007ed800000, 0x00000007ed900000|  0%| F|  |TAMS 0x00000007ed800000, 0x00000007ed800000| Untracked 
| 217|0x00000007ed900000, 0x00000007ed900000, 0x00000007eda00000|  0%| F|  |TAMS 0x00000007ed900000, 0x00000007ed900000| Untracked 
| 218|0x00000007eda00000, 0x00000007eda00000, 0x00000007edb00000|  0%| F|  |TAMS 0x00000007eda00000, 0x00000007eda00000| Untracked 
| 219|0x00000007edb00000, 0x00000007edb00000, 0x00000007edc00000|  0%| F|  |TAMS 0x00000007edb00000, 0x00000007edb00000| Untracked 
| 220|0x00000007edc00000, 0x00000007edc00000, 0x00000007edd00000|  0%| F|  |TAMS 0x00000007edc00000, 0x00000007edc00000| Untracked 
| 221|0x00000007edd00000, 0x00000007edd00000, 0x00000007ede00000|  0%| F|  |TAMS 0x00000007edd00000, 0x00000007edd00000| Untracked 
| 222|0x00000007ede00000, 0x00000007ede00000, 0x00000007edf00000|  0%| F|  |TAMS 0x00000007ede00000, 0x00000007ede00000| Untracked 
| 223|0x00000007edf00000, 0x00000007edf00000, 0x00000007ee000000|  0%| F|  |TAMS 0x00000007edf00000, 0x00000007edf00000| Untracked 
| 224|0x00000007ee000000, 0x00000007ee000000, 0x00000007ee100000|  0%| F|  |TAMS 0x00000007ee000000, 0x00000007ee000000| Untracked 
| 225|0x00000007ee100000, 0x00000007ee100000, 0x00000007ee200000|  0%| F|  |TAMS 0x00000007ee100000, 0x00000007ee100000| Untracked 
| 226|0x00000007ee200000, 0x00000007ee200000, 0x00000007ee300000|  0%| F|  |TAMS 0x00000007ee200000, 0x00000007ee200000| Untracked 
| 227|0x00000007ee300000, 0x00000007ee300000, 0x00000007ee400000|  0%| F|  |TAMS 0x00000007ee300000, 0x00000007ee300000| Untracked 
| 228|0x00000007ee400000, 0x00000007ee400000, 0x00000007ee500000|  0%| F|  |TAMS 0x00000007ee400000, 0x00000007ee400000| Untracked 
| 229|0x00000007ee500000, 0x00000007ee500000, 0x00000007ee600000|  0%| F|  |TAMS 0x00000007ee500000, 0x00000007ee500000| Untracked 
| 230|0x00000007ee600000, 0x00000007ee600000, 0x00000007ee700000|  0%| F|  |TAMS 0x00000007ee600000, 0x00000007ee600000| Untracked 
| 231|0x00000007ee700000, 0x00000007ee700000, 0x00000007ee800000|  0%| F|  |TAMS 0x00000007ee700000, 0x00000007ee700000| Untracked 
| 232|0x00000007ee800000, 0x00000007ee800000, 0x00000007ee900000|  0%| F|  |TAMS 0x00000007ee800000, 0x00000007ee800000| Untracked 
| 233|0x00000007ee900000, 0x00000007ee900000, 0x00000007eea00000|  0%| F|  |TAMS 0x00000007ee900000, 0x00000007ee900000| Untracked 
| 234|0x00000007eea00000, 0x00000007eea00000, 0x00000007eeb00000|  0%| F|  |TAMS 0x00000007eea00000, 0x00000007eea00000| Untracked 
| 235|0x00000007eeb00000, 0x00000007eeb00000, 0x00000007eec00000|  0%| F|  |TAMS 0x00000007eeb00000, 0x00000007eeb00000| Untracked 
| 236|0x00000007eec00000, 0x00000007eec00000, 0x00000007eed00000|  0%| F|  |TAMS 0x00000007eec00000, 0x00000007eec00000| Untracked 
| 237|0x00000007eed00000, 0x00000007eed00000, 0x00000007eee00000|  0%| F|  |TAMS 0x00000007eed00000, 0x00000007eed00000| Untracked 
| 238|0x00000007eee00000, 0x00000007eee00000, 0x00000007eef00000|  0%| F|  |TAMS 0x00000007eee00000, 0x00000007eee00000| Untracked 
| 239|0x00000007eef00000, 0x00000007eef00000, 0x00000007ef000000|  0%| F|  |TAMS 0x00000007eef00000, 0x00000007eef00000| Untracked 
| 240|0x00000007ef000000, 0x00000007ef000000, 0x00000007ef100000|  0%| F|  |TAMS 0x00000007ef000000, 0x00000007ef000000| Untracked 
| 241|0x00000007ef100000, 0x00000007ef100000, 0x00000007ef200000|  0%| F|  |TAMS 0x00000007ef100000, 0x00000007ef100000| Untracked 
| 242|0x00000007ef200000, 0x00000007ef200000, 0x00000007ef300000|  0%| F|  |TAMS 0x00000007ef200000, 0x00000007ef200000| Untracked 
| 243|0x00000007ef300000, 0x00000007ef300000, 0x00000007ef400000|  0%| F|  |TAMS 0x00000007ef300000, 0x00000007ef300000| Untracked 
| 244|0x00000007ef400000, 0x00000007ef400000, 0x00000007ef500000|  0%| F|  |TAMS 0x00000007ef400000, 0x00000007ef400000| Untracked 
| 245|0x00000007ef500000, 0x00000007ef500000, 0x00000007ef600000|  0%| F|  |TAMS 0x00000007ef500000, 0x00000007ef500000| Untracked 
| 246|0x00000007ef600000, 0x00000007ef600000, 0x00000007ef700000|  0%| F|  |TAMS 0x00000007ef600000, 0x00000007ef600000| Untracked 
| 247|0x00000007ef700000, 0x00000007ef700000, 0x00000007ef800000|  0%| F|  |TAMS 0x00000007ef700000, 0x00000007ef700000| Untracked 
| 248|0x00000007ef800000, 0x00000007ef800000, 0x00000007ef900000|  0%| F|  |TAMS 0x00000007ef800000, 0x00000007ef800000| Untracked 
| 249|0x00000007ef900000, 0x00000007ef900000, 0x00000007efa00000|  0%| F|  |TAMS 0x00000007ef900000, 0x00000007ef900000| Untracked 
| 250|0x00000007efa00000, 0x00000007efa08238, 0x00000007efb00000|  3%| E|  |TAMS 0x00000007efa00000, 0x00000007efa00000| Complete 
| 251|0x00000007efb00000, 0x00000007efc00000, 0x00000007efc00000|100%| E|CS|TAMS 0x00000007efb00000, 0x00000007efb00000| Complete 
| 252|0x00000007efc00000, 0x00000007efd00000, 0x00000007efd00000|100%| E|CS|TAMS 0x00000007efc00000, 0x00000007efc00000| Complete 
| 253|0x00000007efd00000, 0x00000007efe00000, 0x00000007efe00000|100%| E|CS|TAMS 0x00000007efd00000, 0x00000007efd00000| Complete 
| 254|0x00000007efe00000, 0x00000007eff00000, 0x00000007eff00000|100%| E|CS|TAMS 0x00000007efe00000, 0x00000007efe00000| Complete 
| 255|0x00000007eff00000, 0x00000007f0000000, 0x00000007f0000000|100%| E|CS|TAMS 0x00000007eff00000, 0x00000007eff00000| Complete 

Card table byte_map: [0x000000011273e000,0x000000011283e000] _byte_map_base: 0x000000010e83e000

Marking Bits (Prev, Next): (CMBitMap*) 0x00007f89fb024e50, (CMBitMap*) 0x00007f89fb024e18
 Prev Bits: [0x000000011313e000, 0x000000011393e000)
 Next Bits: [0x000000011293e000, 0x000000011313e000)

Polling page: 0x0000000107e80000

Metaspace:

Usage:
  Non-class:     75.73 MB capacity,    73.45 MB ( 97%) used,     1.93 MB (  3%) free+waste,   367.06 KB ( <1%) overhead. 
      Class:     12.60 MB capacity,    11.32 MB ( 90%) used,     1.11 MB (  9%) free+waste,   177.25 KB (  1%) overhead. 
       Both:     88.33 MB capacity,    84.77 MB ( 96%) used,     3.03 MB (  3%) free+waste,   544.31 KB ( <1%) overhead. 

Virtual space:
  Non-class space:       76.00 MB reserved,      75.84 MB (>99%) committed 
      Class space:      376.00 MB reserved,      12.62 MB (  3%) committed 
             Both:      452.00 MB reserved,      88.46 MB ( 20%) committed 

Chunk freelists:
   Non-Class:  3.00 KB
       Class:  24.00 KB
        Both:  27.00 KB

MaxMetaspaceSize: 384.00 MB
CompressedClassSpaceSize: 376.00 MB
Initial GC threshold: 20.80 MB
Current GC threshold: 98.90 MB
CDS: off

CodeHeap 'non-profiled nmethods': size=120032Kb used=5494Kb max_used=5494Kb free=114537Kb
 bounds [0x000000011c504000, 0x000000011ca64000, 0x0000000123a3c000]
CodeHeap 'profiled nmethods': size=120028Kb used=18468Kb max_used=18468Kb free=101559Kb
 bounds [0x0000000114fcd000, 0x00000001161dd000, 0x000000011c504000]
CodeHeap 'non-nmethods': size=5700Kb used=2345Kb max_used=2390Kb free=3354Kb
 bounds [0x0000000114a3c000, 0x0000000114cac000, 0x0000000114fcd000]
 total_blobs=9810 nmethods=8948 adapters=775
 compilation: enabled
              stopped_count=0, restarted_count=0
 full_count=0

Compilation events (20 events):
Event: 267.212 Thread 0x00007f89fd80f000 9088       2       java.security.MessageDigest$Delegate::engineUpdate (9 bytes)
Event: 267.213 Thread 0x00007f89fd80f000 nmethod 9088 0x00000001161cba90 code [0x00000001161cbc40, 0x00000001161cbd60]
Event: 267.213 Thread 0x00007f89fd80f000 9089       2       sun.security.provider.DigestBase::engineUpdate (32 bytes)
Event: 267.213 Thread 0x00007f89fd80f000 nmethod 9089 0x00000001161cbe10 code [0x00000001161cbfe0, 0x00000001161cc240]
Event: 267.213 Thread 0x00007f89fd80f000 9086       2       java.security.MessageDigest::update (11 bytes)
Event: 267.213 Thread 0x00007f89fd80f000 nmethod 9086 0x00000001161cc390 code [0x00000001161cc540, 0x00000001161cc660]
Event: 267.213 Thread 0x00007f89fd80f000 9090       2       org.gradle.api.internal.changedetection.state.LineEndingNormalizingInputStreamHasher::isInControlRange (16 bytes)
Event: 267.213 Thread 0x00007f89fd80f000 nmethod 9090 0x00000001161cc710 code [0x00000001161cc8c0, 0x00000001161cc9b0]
Event: 267.213 Thread 0x00007f89fd80f000 9087       2       org.gradle.api.internal.changedetection.state.LineEndingNormalizingInputStreamHasher::isControlCharacter (20 bytes)
Event: 267.213 Thread 0x00007f89fd80f000 nmethod 9087 0x00000001161cca90 code [0x00000001161ccc60, 0x00000001161ccdf0]
Event: 267.213 Thread 0x00007f89fd80f000 9091       2       org.gradle.internal.snapshot.AbstractListChildMap::store (72 bytes)
Event: 267.214 Thread 0x00007f89fd80f000 nmethod 9091 0x00000001161ccf10 code [0x00000001161cd140, 0x00000001161cd730]
Event: 267.214 Thread 0x00007f89fd80f000 9092       2       org.gradle.internal.snapshot.SnapshotUtil$2::handleAsDescendantOfChild (10 bytes)
Event: 267.214 Thread 0x00007f89fd80f000 nmethod 9092 0x00000001161cda90 code [0x00000001161cdc40, 0x00000001161cddc0]
Event: 267.214 Thread 0x00007f89fd80f000 9093       2       org.gradle.internal.snapshot.SnapshotUtil$2::handleAsDescendantOfChild (12 bytes)
Event: 267.214 Thread 0x00007f89fd80f000 nmethod 9093 0x00000001161cde90 code [0x00000001161ce040, 0x00000001161ce160]
Event: 267.217 Thread 0x00007f89fd80f000 9094       2       java.io.ObjectStreamClass::getMethodSignature (55 bytes)
Event: 267.218 Thread 0x00007f89fd80f000 nmethod 9094 0x00000001161ce210 code [0x00000001161ce420, 0x00000001161ce820]
Event: 267.218 Thread 0x00007f89fd80f000 9095       2       org.gradle.internal.snapshot.impl.DefaultValueSnapshotter::snapshot (13 bytes)
Event: 267.218 Thread 0x00007f89fd80f000 nmethod 9095 0x00000001161cea90 code [0x00000001161cec40, 0x00000001161ceda0]

GC Heap History (20 events):
Event: 12.082 GC heap before
{Heap before GC invocations=12 (full 0):
 garbage-first heap   total 262144K, used 202644K [0x00000007e0000000, 0x0000000800000000)
  region size 1024K, 131 young (134144K), 14 survivors (14336K)
 Metaspace       used 73186K, capacity 76029K, committed 76252K, reserved 450560K
  class space    used 9793K, capacity 10830K, committed 10880K, reserved 385024K
}
Event: 12.095 GC heap after
{Heap after GC invocations=13 (full 0):
 garbage-first heap   total 262144K, used 90143K [0x00000007e0000000, 0x0000000800000000)
  region size 1024K, 15 young (15360K), 15 survivors (15360K)
 Metaspace       used 73186K, capacity 76029K, committed 76252K, reserved 450560K
  class space    used 9793K, capacity 10830K, committed 10880K, reserved 385024K
}
Event: 13.073 GC heap before
{Heap before GC invocations=13 (full 0):
 garbage-first heap   total 262144K, used 200735K [0x00000007e0000000, 0x0000000800000000)
  region size 1024K, 124 young (126976K), 15 survivors (15360K)
 Metaspace       used 75359K, capacity 78250K, committed 78428K, reserved 452608K
  class space    used 10076K, capacity 11153K, committed 11264K, reserved 385024K
}
Event: 13.085 GC heap after
{Heap after GC invocations=14 (full 0):
 garbage-first heap   total 262144K, used 94822K [0x00000007e0000000, 0x0000000800000000)
  region size 1024K, 14 young (14336K), 14 survivors (14336K)
 Metaspace       used 75359K, capacity 78250K, committed 78428K, reserved 452608K
  class space    used 10076K, capacity 11153K, committed 11264K, reserved 385024K
}
Event: 13.892 GC heap before
{Heap before GC invocations=14 (full 0):
 garbage-first heap   total 262144K, used 205414K [0x00000007e0000000, 0x0000000800000000)
  region size 1024K, 122 young (124928K), 14 survivors (14336K)
 Metaspace       used 75361K, capacity 78250K, committed 78428K, reserved 452608K
  class space    used 10077K, capacity 11153K, committed 11264K, reserved 385024K
}
Event: 13.909 GC heap after
{Heap after GC invocations=15 (full 0):
 garbage-first heap   total 262144K, used 99600K [0x00000007e0000000, 0x0000000800000000)
  region size 1024K, 12 young (12288K), 12 survivors (12288K)
 Metaspace       used 75361K, capacity 78250K, committed 78428K, reserved 452608K
  class space    used 10077K, capacity 11153K, committed 11264K, reserved 385024K
}
Event: 14.497 GC heap before
{Heap before GC invocations=15 (full 0):
 garbage-first heap   total 262144K, used 208144K [0x00000007e0000000, 0x0000000800000000)
  region size 1024K, 118 young (120832K), 12 survivors (12288K)
 Metaspace       used 75371K, capacity 78250K, committed 78428K, reserved 452608K
  class space    used 10077K, capacity 11153K, committed 11264K, reserved 385024K
}
Event: 14.508 GC heap after
{Heap after GC invocations=16 (full 0):
 garbage-first heap   total 262144K, used 104007K [0x00000007e0000000, 0x0000000800000000)
  region size 1024K, 12 young (12288K), 12 survivors (12288K)
 Metaspace       used 75371K, capacity 78250K, committed 78428K, reserved 452608K
  class space    used 10077K, capacity 11153K, committed 11264K, reserved 385024K
}
Event: 14.985 GC heap before
{Heap before GC invocations=16 (full 0):
 garbage-first heap   total 262144K, used 210503K [0x00000007e0000000, 0x0000000800000000)
  region size 1024K, 116 young (118784K), 12 survivors (12288K)
 Metaspace       used 75375K, capacity 78250K, committed 78428K, reserved 452608K
  class space    used 10078K, capacity 11153K, committed 11264K, reserved 385024K
}
Event: 14.993 GC heap after
{Heap after GC invocations=17 (full 0):
 garbage-first heap   total 262144K, used 108179K [0x00000007e0000000, 0x0000000800000000)
  region size 1024K, 11 young (11264K), 11 survivors (11264K)
 Metaspace       used 75375K, capacity 78250K, committed 78428K, reserved 452608K
  class space    used 10078K, capacity 11153K, committed 11264K, reserved 385024K
}
Event: 15.396 GC heap before
{Heap before GC invocations=17 (full 0):
 garbage-first heap   total 262144K, used 213651K [0x00000007e0000000, 0x0000000800000000)
  region size 1024K, 114 young (116736K), 11 survivors (11264K)
 Metaspace       used 75382K, capacity 78250K, committed 78428K, reserved 452608K
  class space    used 10078K, capacity 11153K, committed 11264K, reserved 385024K
}
Event: 15.405 GC heap after
{Heap after GC invocations=18 (full 0):
 garbage-first heap   total 262144K, used 112153K [0x00000007e0000000, 0x0000000800000000)
  region size 1024K, 11 young (11264K), 11 survivors (11264K)
 Metaspace       used 75382K, capacity 78250K, committed 78428K, reserved 452608K
  class space    used 10078K, capacity 11153K, committed 11264K, reserved 385024K
}
Event: 15.827 GC heap before
{Heap before GC invocations=18 (full 0):
 garbage-first heap   total 262144K, used 213529K [0x00000007e0000000, 0x0000000800000000)
  region size 1024K, 111 young (113664K), 11 survivors (11264K)
 Metaspace       used 76990K, capacity 79936K, committed 80092K, reserved 454656K
  class space    used 10293K, capacity 11383K, committed 11392K, reserved 385024K
}
Event: 15.837 GC heap after
{Heap after GC invocations=19 (full 0):
 garbage-first heap   total 262144K, used 115954K [0x00000007e0000000, 0x0000000800000000)
  region size 1024K, 11 young (11264K), 11 survivors (11264K)
 Metaspace       used 76990K, capacity 79936K, committed 80092K, reserved 454656K
  class space    used 10293K, capacity 11383K, committed 11392K, reserved 385024K
}
Event: 265.846 GC heap before
{Heap before GC invocations=19 (full 0):
 garbage-first heap   total 262144K, used 214258K [0x00000007e0000000, 0x0000000800000000)
  region size 1024K, 108 young (110592K), 11 survivors (11264K)
 Metaspace       used 81707K, capacity 84769K, committed 84956K, reserved 458752K
  class space    used 10988K, capacity 12105K, committed 12160K, reserved 385024K
}
Event: 265.857 GC heap after
{Heap after GC invocations=20 (full 0):
 garbage-first heap   total 262144K, used 118789K [0x00000007e0000000, 0x0000000800000000)
  region size 1024K, 9 young (9216K), 9 survivors (9216K)
 Metaspace       used 81707K, capacity 84769K, committed 84956K, reserved 458752K
  class space    used 10988K, capacity 12105K, committed 12160K, reserved 385024K
}
Event: 266.535 GC heap before
{Heap before GC invocations=20 (full 0):
 garbage-first heap   total 262144K, used 216069K [0x00000007e0000000, 0x0000000800000000)
  region size 1024K, 104 young (106496K), 9 survivors (9216K)
 Metaspace       used 82711K, capacity 85892K, committed 86108K, reserved 460800K
  class space    used 11105K, capacity 12267K, committed 12288K, reserved 385024K
}
Event: 266.545 GC heap after
{Heap after GC invocations=21 (full 0):
 garbage-first heap   total 262144K, used 122010K [0x00000007e0000000, 0x0000000800000000)
  region size 1024K, 9 young (9216K), 9 survivors (9216K)
 Metaspace       used 82711K, capacity 85892K, committed 86108K, reserved 460800K
  class space    used 11105K, capacity 12267K, committed 12288K, reserved 385024K
}
Event: 267.163 GC heap before
{Heap before GC invocations=21 (full 0):
 garbage-first heap   total 262144K, used 218266K [0x00000007e0000000, 0x0000000800000000)
  region size 1024K, 103 young (105472K), 9 survivors (9216K)
 Metaspace       used 86413K, capacity 90054K, committed 90204K, reserved 462848K
  class space    used 11523K, capacity 12794K, committed 12800K, reserved 385024K
}
Event: 267.174 GC heap after
{Heap after GC invocations=22 (full 0):
 garbage-first heap   total 262144K, used 128920K [0x00000007e0000000, 0x0000000800000000)
  region size 1024K, 11 young (11264K), 11 survivors (11264K)
 Metaspace       used 86413K, capacity 90054K, committed 90204K, reserved 462848K
  class space    used 11523K, capacity 12794K, committed 12800K, reserved 385024K
}

Deoptimization events (20 events):
Event: 267.203 Thread 0x00007f8a0394f000 DEOPT PACKING pc=0x000000011c8d8358 sp=0x00007000047434e0
Event: 267.203 Thread 0x00007f8a0394f000 DEOPT UNPACKING pc=0x0000000114a85ea5 sp=0x00007000047434d8 mode 2
Event: 267.204 Thread 0x00007f8a0394f000 Uncommon trap: trap_request=0xffffff4d fr.pc=0x000000011c7707dc relative=0x000000000000059c
Event: 267.204 Thread 0x00007f8a0394f000 Uncommon trap: reason=unstable_if action=reinterpret pc=0x000000011c7707dc method=java.lang.String.regionMatches(ZILjava/lang/String;II)Z @ 1 c2
Event: 267.204 Thread 0x00007f8a0394f000 DEOPT PACKING pc=0x000000011c7707dc sp=0x00007000047429a0
Event: 267.204 Thread 0x00007f8a0394f000 DEOPT UNPACKING pc=0x0000000114a85ea5 sp=0x0000700004742970 mode 2
Event: 267.206 Thread 0x00007f8a0394f000 Uncommon trap: trap_request=0xffffff4d fr.pc=0x000000011c82671c relative=0x00000000000001dc
Event: 267.206 Thread 0x00007f8a0394f000 Uncommon trap: reason=unstable_if action=reinterpret pc=0x000000011c82671c method=com.google.common.collect.RegularImmutableSet.contains(Ljava/lang/Object;)Z @ 11 c2
Event: 267.206 Thread 0x00007f8a0394f000 DEOPT PACKING pc=0x000000011c82671c sp=0x0000700004742a50
Event: 267.206 Thread 0x00007f8a0394f000 DEOPT UNPACKING pc=0x0000000114a85ea5 sp=0x0000700004742a08 mode 2
Event: 267.211 Thread 0x00007f8a03149800 Uncommon trap: trap_request=0xffffffc6 fr.pc=0x000000011c5decac relative=0x0000000000000f4c
Event: 267.211 Thread 0x00007f8a03149800 Uncommon trap: reason=bimorphic_or_optimized_type_check action=maybe_recompile pc=0x000000011c5decac method=java.io.DataOutputStream.writeShort(I)V @ 12 c2
Event: 267.211 Thread 0x00007f8a03149800 DEOPT PACKING pc=0x000000011c5decac sp=0x0000700002efe8d0
Event: 267.211 Thread 0x00007f8a03149800 DEOPT UNPACKING pc=0x0000000114a85ea5 sp=0x0000700002efe8d8 mode 2
Event: 267.211 Thread 0x00007f8a0394f000 Uncommon trap: trap_request=0xffffff4d fr.pc=0x000000011c5b0120 relative=0x0000000000000080
Event: 267.211 Thread 0x00007f8a0394f000 Uncommon trap: reason=unstable_if action=reinterpret pc=0x000000011c5b0120 method=java.lang.CharacterDataLatin1.isWhitespace(I)Z @ 14 c2
Event: 267.211 Thread 0x00007f8a0394f000 DEOPT PACKING pc=0x000000011c5b0120 sp=0x0000700004744550
Event: 267.211 Thread 0x00007f8a0394f000 DEOPT UNPACKING pc=0x0000000114a85ea5 sp=0x00007000047444e0 mode 2
Event: 267.217 Thread 0x00007f8a0394f000 DEOPT PACKING pc=0x000000011551bd65 sp=0x0000700004743570
Event: 267.218 Thread 0x00007f8a0394f000 DEOPT UNPACKING pc=0x0000000114a8664a sp=0x0000700004742a08 mode 0

Classes redefined (0 events):
No events

Internal exceptions (20 events):
Event: 267.136 Thread 0x00007f89ff57e800 Exception <a 'java/lang/ClassNotFoundException'{0x00000007eb0f43c8}: java/util/LinkedHashMapBeanInfo> (0x00000007eb0f43c8) thrown at [./src/hotspot/share/classfile/systemDictionary.cpp, line 230]
Event: 267.136 Thread 0x00007f89ff57e800 Exception <a 'java/lang/ClassNotFoundException'{0x00000007eaf01bf0}: java/util/HashMapBeanInfo> (0x00000007eaf01bf0) thrown at [./src/hotspot/share/classfile/systemDictionary.cpp, line 230]
Event: 267.136 Thread 0x00007f89ff57e800 Exception <a 'java/lang/ClassNotFoundException'{0x00000007eaf0f988}: java/util/AbstractMapBeanInfo> (0x00000007eaf0f988) thrown at [./src/hotspot/share/classfile/systemDictionary.cpp, line 230]
Event: 267.136 Thread 0x00007f89ff57e800 Exception <a 'java/lang/ClassNotFoundException'{0x00000007eaf1d998}: java/util/AbstractMapCustomizer> (0x00000007eaf1d998) thrown at [./src/hotspot/share/classfile/systemDictionary.cpp, line 230]
Event: 267.137 Thread 0x00007f89ff57e800 Exception <a 'java/lang/ClassNotFoundException'{0x00000007eaf35298}: java/util/HashMapCustomizer> (0x00000007eaf35298) thrown at [./src/hotspot/share/classfile/systemDictionary.cpp, line 230]
Event: 267.137 Thread 0x00007f89ff57e800 Exception <a 'java/lang/ClassNotFoundException'{0x00000007eaf59bf0}: java/util/LinkedHashMapCustomizer> (0x00000007eaf59bf0) thrown at [./src/hotspot/share/classfile/systemDictionary.cpp, line 230]
Event: 267.143 Thread 0x00007f89ff57e800 Exception <a 'java/lang/ClassNotFoundException'{0x00000007eac5d390}: org/codehaus/groovy/transform/ImmutableASTTransformationBeanInfo> (0x00000007eac5d390) thrown at [./src/hotspot/share/classfile/systemDictionary.cpp, line 230]
Event: 267.144 Thread 0x00007f89ff57e800 Exception <a 'java/lang/ClassNotFoundException'{0x00000007eaadeba0}: org/codehaus/groovy/transform/AbstractASTTransformationBeanInfo> (0x00000007eaadeba0) thrown at [./src/hotspot/share/classfile/systemDictionary.cpp, line 230]
Event: 267.146 Thread 0x00007f89ff57e800 Exception <a 'java/lang/ClassNotFoundException'{0x00000007ea7606a8}: org/codehaus/groovy/transform/AbstractASTTransformationCustomizer> (0x00000007ea7606a8) thrown at [./src/hotspot/share/classfile/systemDictionary.cpp, line 230]
Event: 267.148 Thread 0x00007f89ff57e800 Exception <a 'java/lang/ClassNotFoundException'{0x00000007ea5ff180}: org/codehaus/groovy/transform/ImmutableASTTransformationCustomizer> (0x00000007ea5ff180) thrown at [./src/hotspot/share/classfile/systemDictionary.cpp, line 230]
Event: 267.157 Thread 0x00007f89ff57e800 Exception <a 'java/lang/ClassNotFoundException'{0x00000007ea35d2c0}: java/util/regex/PatternBeanInfo> (0x00000007ea35d2c0) thrown at [./src/hotspot/share/classfile/systemDictionary.cpp, line 230]
Event: 267.157 Thread 0x00007f89ff57e800 Exception <a 'java/lang/ClassNotFoundException'{0x00000007ea369dd0}: java/util/regex/PatternCustomizer> (0x00000007ea369dd0) thrown at [./src/hotspot/share/classfile/systemDictionary.cpp, line 230]
Event: 267.160 Thread 0x00007f89ff57e800 Exception <a 'java/lang/ClassNotFoundException'{0x00000007ea3aef70}: ijresolvers1_bpejkd67fcch8y31fmwbivas8$1BeanInfo> (0x00000007ea3aef70) thrown at [./src/hotspot/share/classfile/systemDictionary.cpp, line 230]
Event: 267.160 Thread 0x00007f89ff57e800 Exception <a 'java/lang/ClassNotFoundException'{0x00000007ea3bec10}: ijresolvers1_bpejkd67fcch8y31fmwbivas8$1Customizer> (0x00000007ea3bec10) thrown at [./src/hotspot/share/classfile/systemDictionary.cpp, line 230]
Event: 267.179 Thread 0x00007f8a0394f000 Exception <a 'java/lang/NoSuchMethodError'{0x00000007efffae90}: 'void java.lang.invoke.DirectMethodHandle$Holder.invokeSpecial(java.lang.Object, java.lang.Object, java.lang.Object, java.lang.Object, int, java.lang.Object, java.lang.Object)'> (0x00000007efffae90) thrown at [./src/hotspot/share/interpreter/linkResolver.cpp, line 773]
Event: 267.188 Thread 0x00007f89ffdc8800 Exception <a 'java/lang/NoSuchMethodError'{0x00000007efd15130}: <clinit>> (0x00000007efd15130) thrown at [./src/hotspot/share/prims/jni.cpp, line 1367]
Event: 267.195 Thread 0x00007f8a0394f000 Exception <a 'sun/nio/fs/UnixException'{0x00000007efdacda0}> (0x00000007efdacda0) thrown at [./src/hotspot/share/prims/jni.cpp, line 617]
Event: 267.196 Thread 0x00007f8a0394f000 Exception <a 'sun/nio/fs/UnixException'{0x00000007efdaf1c8}> (0x00000007efdaf1c8) thrown at [./src/hotspot/share/prims/jni.cpp, line 617]
Event: 267.196 Thread 0x00007f8a0394f000 Exception <a 'sun/nio/fs/UnixException'{0x00000007efdb1358}> (0x00000007efdb1358) thrown at [./src/hotspot/share/prims/jni.cpp, line 617]
Event: 267.196 Thread 0x00007f8a0394f000 Exception <a 'sun/nio/fs/UnixException'{0x00000007efdb3188}> (0x00000007efdb3188) thrown at [./src/hotspot/share/prims/jni.cpp, line 617]

Events (20 events):
Event: 267.214 loading class org/gradle/internal/snapshot/UnknownFileSystemNode
Event: 267.214 loading class org/gradle/internal/snapshot/UnknownFileSystemNode done
Event: 267.214 loading class org/gradle/internal/execution/UnitOfWork$OverlappingOutputHandling
Event: 267.214 loading class org/gradle/internal/execution/UnitOfWork$OverlappingOutputHandling done
Event: 267.215 loading class com/google/common/collect/ImmutableSortedMap
Event: 267.215 loading class com/google/common/collect/ImmutableSortedMap done
Event: 267.215 loading class org/gradle/internal/execution/history/PreviousExecutionState
Event: 267.215 loading class org/gradle/internal/execution/history/PreviousExecutionState done
Event: 267.215 loading class org/gradle/internal/snapshot/FileSystemLocationSnapshot
Event: 267.215 loading class org/gradle/internal/snapshot/FileSystemLocationSnapshot done
Event: 267.215 loading class org/gradle/internal/execution/history/impl/DefaultOverlappingOutputDetector$OverlappingOutputsDetectingVisitor
Event: 267.215 loading class org/gradle/internal/execution/history/impl/DefaultOverlappingOutputDetector$OverlappingOutputsDetectingVisitor done
Event: 267.216 loading class org/gradle/internal/execution/history/impl/DefaultOverlappingOutputDetector$OverlappingOutputsDetectingVisitor$1
Event: 267.216 loading class org/gradle/internal/execution/history/impl/DefaultOverlappingOutputDetector$OverlappingOutputsDetectingVisitor$1 done
Event: 267.216 loading class java/util/concurrent/ConcurrentSkipListMap$KeySet
Event: 267.217 loading class java/util/concurrent/ConcurrentSkipListMap$KeySet done
Event: 267.217 loading class java/util/concurrent/ConcurrentSkipListMap$KeyIterator
Event: 267.217 loading class java/util/concurrent/ConcurrentSkipListMap$KeyIterator done
Event: 267.218 loading class org/gradle/internal/snapshot/impl/ListValueSnapshot
Event: 267.218 loading class org/gradle/internal/snapshot/impl/ListValueSnapshot done


Dynamic libraries:
0x00007fff2e350000 	/System/Library/Frameworks/Cocoa.framework/Versions/A/Cocoa
0x00007fff3b97f000 	/System/Library/Frameworks/Security.framework/Versions/A/Security
0x00007fff2d2b6000 	/System/Library/Frameworks/ApplicationServices.framework/Versions/A/ApplicationServices
0x00007fff68282000 	/usr/lib/libz.1.dylib
0x0000000107e0e000 	/Users/caesar/.sdkman/candidates/java/11.0.19-tem/lib/jli/libjli.dylib
0x00007fff65d44000 	/usr/lib/libSystem.B.dylib
0x00007fff2c4a8000 	/System/Library/Frameworks/AppKit.framework/Versions/C/AppKit
0x00007fff2ecd4000 	/System/Library/Frameworks/CoreData.framework/Versions/A/CoreData
0x00007fff318b4000 	/System/Library/Frameworks/Foundation.framework/Versions/C/Foundation
0x00007fff5ff9f000 	/System/Library/PrivateFrameworks/UIFoundation.framework/Versions/A/UIFoundation
0x00007fff5b033000 	/System/Library/PrivateFrameworks/RemoteViewServices.framework/Versions/A/RemoteViewServices
0x00007fff628b4000 	/System/Library/PrivateFrameworks/XCTTargetBootstrap.framework/Versions/A/XCTTargetBootstrap
0x00007fff2f0bf000 	/System/Library/Frameworks/CoreDisplay.framework/Versions/A/CoreDisplay
0x00007fff3476f000 	/System/Library/Frameworks/Metal.framework/Versions/A/Metal
0x00007fff49030000 	/System/Library/PrivateFrameworks/DesktopServicesPriv.framework/Versions/A/DesktopServicesPriv
0x00007fff66e81000 	/usr/lib/liblangid.dylib
0x00007fff482c5000 	/System/Library/PrivateFrameworks/CoreSVG.framework/Versions/A/CoreSVG
0x00007fff5e18f000 	/System/Library/PrivateFrameworks/SkyLight.framework/Versions/A/SkyLight
0x00007fff2f674000 	/System/Library/Frameworks/CoreGraphics.framework/Versions/A/CoreGraphics
0x00007fff2ae7c000 	/System/Library/Frameworks/Accelerate.framework/Versions/A/Accelerate
0x00007fff68173000 	/usr/lib/libxml2.2.dylib
0x00007fff53fbc000 	/System/Library/PrivateFrameworks/IconServices.framework/Versions/A/IconServices
0x00007fff32093000 	/System/Library/Frameworks/IOSurface.framework/Versions/A/IOSurface
0x00007fff6586e000 	/usr/lib/libDiagnosticMessagesClient.dylib
0x00007fff48e8a000 	/System/Library/PrivateFrameworks/DFRFoundation.framework/Versions/A/DFRFoundation
0x00007fff66c10000 	/usr/lib/libicucore.A.dylib
0x00007fff2d5e8000 	/System/Library/Frameworks/AudioToolbox.framework/Versions/A/AudioToolbox
0x00007fff2d6cb000 	/System/Library/Frameworks/AudioUnit.framework/Versions/A/AudioUnit
0x00007fff65f46000 	/usr/lib/libauto.dylib
0x00007fff48f2c000 	/System/Library/PrivateFrameworks/DataDetectorsCore.framework/Versions/A/DataDetectorsCore
0x00007fff2de71000 	/System/Library/Frameworks/Carbon.framework/Versions/A/Frameworks/HIToolbox.framework/Versions/A/HIToolbox
0x00007fff3ab78000 	/System/Library/Frameworks/QuartzCore.framework/Versions/A/QuartzCore
0x00007fff2e1b0000 	/System/Library/Frameworks/Carbon.framework/Versions/A/Frameworks/SpeechRecognition.framework/Versions/A/SpeechRecognition
0x00007fff4899e000 	/System/Library/PrivateFrameworks/CoreUI.framework/Versions/A/CoreUI
0x00007fff2e73f000 	/System/Library/Frameworks/CoreAudio.framework/Versions/A/CoreAudio
0x00007fff31572000 	/System/Library/Frameworks/DiskArbitration.framework/Versions/A/DiskArbitration
0x00007fff5600c000 	/System/Library/PrivateFrameworks/MultitouchSupport.framework/Versions/A/MultitouchSupport
0x00007fff66ad5000 	/usr/lib/libenergytrace.dylib
0x00007fff31fed000 	/System/Library/Frameworks/IOKit.framework/Versions/A/IOKit
0x00007fff305dc000 	/System/Library/Frameworks/CoreServices.framework/Versions/A/CoreServices
0x00007fff581c6000 	/System/Library/PrivateFrameworks/PerformanceAnalysis.framework/Versions/A/PerformanceAnalysis
0x00007fff39bab000 	/System/Library/Frameworks/OpenGL.framework/Versions/A/OpenGL
0x00007fff67ba6000 	/usr/lib/libobjc.A.dylib
0x00007fff2e35e000 	/System/Library/Frameworks/ColorSync.framework/Versions/A/ColorSync
0x00007fff2f1f2000 	/System/Library/Frameworks/CoreFoundation.framework/Versions/A/CoreFoundation
0x00007fff2fcf7000 	/System/Library/Frameworks/CoreImage.framework/Versions/A/CoreImage
0x00007fff31050000 	/System/Library/Frameworks/CoreText.framework/Versions/A/CoreText
0x00007fff32123000 	/System/Library/Frameworks/ImageIO.framework/Versions/A/ImageIO
0x00007fff6602a000 	/usr/lib/libc++.1.dylib
0x00007fff660a6000 	/usr/lib/libcompression.dylib
0x00007fff65bb2000 	/usr/lib/libMobileGestalt.dylib
0x00007fff5fd09000 	/System/Library/PrivateFrameworks/TextureIO.framework/Versions/A/TextureIO
0x00007fff65ea9000 	/usr/lib/libate.dylib
0x00007fff541c5000 	/System/Library/PrivateFrameworks/InternationalSupport.framework/Versions/A/InternationalSupport
0x00007fff68b43000 	/usr/lib/system/libcache.dylib
0x00007fff68b49000 	/usr/lib/system/libcommonCrypto.dylib
0x00007fff68b55000 	/usr/lib/system/libcompiler_rt.dylib
0x00007fff68b5d000 	/usr/lib/system/libcopyfile.dylib
0x00007fff68b67000 	/usr/lib/system/libcorecrypto.dylib
0x00007fff68d06000 	/usr/lib/system/libdispatch.dylib
0x00007fff68d47000 	/usr/lib/system/libdyld.dylib
0x00007fff68d7e000 	/usr/lib/system/libkeymgr.dylib
0x00007fff68d8c000 	/usr/lib/system/liblaunch.dylib
0x00007fff68d8d000 	/usr/lib/system/libmacho.dylib
0x00007fff68d93000 	/usr/lib/system/libquarantine.dylib
0x00007fff68d96000 	/usr/lib/system/libremovefile.dylib
0x00007fff68d98000 	/usr/lib/system/libsystem_asl.dylib
0x00007fff68db0000 	/usr/lib/system/libsystem_blocks.dylib
0x00007fff68db1000 	/usr/lib/system/libsystem_c.dylib
0x00007fff68e39000 	/usr/lib/system/libsystem_configuration.dylib
0x00007fff68e3d000 	/usr/lib/system/libsystem_coreservices.dylib
0x00007fff68e41000 	/usr/lib/system/libsystem_darwin.dylib
0x00007fff68e4a000 	/usr/lib/system/libsystem_dnssd.dylib
0x00007fff68e52000 	/usr/lib/system/libsystem_featureflags.dylib
0x00007fff68e54000 	/usr/lib/system/libsystem_info.dylib
0x00007fff68ecf000 	/usr/lib/system/libsystem_m.dylib
0x00007fff68f17000 	/usr/lib/system/libsystem_malloc.dylib
0x00007fff68f3f000 	/usr/lib/system/libsystem_networkextension.dylib
0x00007fff68f4d000 	/usr/lib/system/libsystem_notify.dylib
0x00007fff68f6b000 	/usr/lib/system/libsystem_sandbox.dylib
0x00007fff68f70000 	/usr/lib/system/libsystem_secinit.dylib
0x00007fff68ea2000 	/usr/lib/system/libsystem_kernel.dylib
0x00007fff68f57000 	/usr/lib/system/libsystem_platform.dylib
0x00007fff68f60000 	/usr/lib/system/libsystem_pthread.dylib
0x00007fff68f73000 	/usr/lib/system/libsystem_symptoms.dylib
0x00007fff68f7b000 	/usr/lib/system/libsystem_trace.dylib
0x00007fff68f93000 	/usr/lib/system/libunwind.dylib
0x00007fff68f99000 	/usr/lib/system/libxpc.dylib
0x00007fff6607d000 	/usr/lib/libc++abi.dylib
0x00007fff66e83000 	/usr/lib/liblzma.5.dylib
0x00007fff66afe000 	/usr/lib/libfakelink.dylib
0x00007fff65e36000 	/usr/lib/libarchive.2.dylib
0x00007fff3ca32000 	/System/Library/Frameworks/SystemConfiguration.framework/Versions/A/SystemConfiguration
0x00007fff657a1000 	/usr/lib/libCRFSuite.dylib
0x00007fff2da62000 	/System/Library/Frameworks/CFNetwork.framework/Versions/A/CFNetwork
0x00007fff6600c000 	/usr/lib/libbsm.0.dylib
0x00007fff68d7f000 	/usr/lib/system/libkxld.dylib
0x00007fff427ec000 	/System/Library/PrivateFrameworks/AppleFSCompression.framework/Versions/A/AppleFSCompression
0x00007fff66397000 	/usr/lib/libcoretls.dylib
0x00007fff663ae000 	/usr/lib/libcoretls_cfhelpers.dylib
0x00007fff67bec000 	/usr/lib/libpam.2.dylib
0x00007fff67d21000 	/usr/lib/libsqlite3.dylib
0x00007fff68160000 	/usr/lib/libxar.1.dylib
0x00007fff6601d000 	/usr/lib/libbz2.1.0.dylib
0x00007fff66b1f000 	/usr/lib/libiconv.2.dylib
0x00007fff66093000 	/usr/lib/libcharset.1.dylib
0x00007fff67689000 	/usr/lib/libnetwork.dylib
0x00007fff67bf3000 	/usr/lib/libpcap.A.dylib
0x00007fff65deb000 	/usr/lib/libapple_nghttp2.dylib
0x00007fff30993000 	/System/Library/Frameworks/CoreServices.framework/Versions/A/Frameworks/FSEvents.framework/Versions/A/FSEvents
0x00007fff30663000 	/System/Library/Frameworks/CoreServices.framework/Versions/A/Frameworks/CarbonCore.framework/Versions/A/CarbonCore
0x00007fff30bd8000 	/System/Library/Frameworks/CoreServices.framework/Versions/A/Frameworks/Metadata.framework/Versions/A/Metadata
0x00007fff30c71000 	/System/Library/Frameworks/CoreServices.framework/Versions/A/Frameworks/OSServices.framework/Versions/A/OSServices
0x00007fff30c9f000 	/System/Library/Frameworks/CoreServices.framework/Versions/A/Frameworks/SearchKit.framework/Versions/A/SearchKit
0x00007fff305dd000 	/System/Library/Frameworks/CoreServices.framework/Versions/A/Frameworks/AE.framework/Versions/A/AE
0x00007fff3099c000 	/System/Library/Frameworks/CoreServices.framework/Versions/A/Frameworks/LaunchServices.framework/Versions/A/LaunchServices
0x00007fff30945000 	/System/Library/Frameworks/CoreServices.framework/Versions/A/Frameworks/DictionaryServices.framework/Versions/A/DictionaryServices
0x00007fff30d07000 	/System/Library/Frameworks/CoreServices.framework/Versions/A/Frameworks/SharedFileList.framework/Versions/A/SharedFileList
0x00007fff359ca000 	/System/Library/Frameworks/NetFS.framework/Versions/A/NetFS
0x00007fff5653c000 	/System/Library/PrivateFrameworks/NetAuth.framework/Versions/A/NetAuth
0x00007fff62c81000 	/System/Library/PrivateFrameworks/login.framework/Versions/A/Frameworks/loginsupport.framework/Versions/A/loginsupport
0x00007fff5f7d4000 	/System/Library/PrivateFrameworks/TCC.framework/Versions/A/TCC
0x00007fff47422000 	/System/Library/PrivateFrameworks/CoreNLP.framework/Versions/A/CoreNLP
0x00007fff55a39000 	/System/Library/PrivateFrameworks/MetadataUtilities.framework/Versions/A/MetadataUtilities
0x00007fff66f5b000 	/usr/lib/libmecabra.dylib
0x00007fff66eb3000 	/usr/lib/libmecab.dylib
0x00007fff66b0f000 	/usr/lib/libgermantok.dylib
0x00007fff65dd2000 	/usr/lib/libThaiTokenizer.dylib
0x00007fff657d8000 	/usr/lib/libChineseTokenizer.dylib
0x00007fff2ae94000 	/System/Library/Frameworks/Accelerate.framework/Versions/A/Frameworks/vImage.framework/Versions/A/vImage
0x00007fff2c2fe000 	/System/Library/Frameworks/Accelerate.framework/Versions/A/Frameworks/vecLib.framework/Versions/A/vecLib
0x00007fff2c23b000 	/System/Library/Frameworks/Accelerate.framework/Versions/A/Frameworks/vecLib.framework/Versions/A/libvMisc.dylib
0x00007fff2c063000 	/System/Library/Frameworks/Accelerate.framework/Versions/A/Frameworks/vecLib.framework/Versions/A/libvDSP.dylib
0x00007fff2b4eb000 	/System/Library/Frameworks/Accelerate.framework/Versions/A/Frameworks/vecLib.framework/Versions/A/libBLAS.dylib
0x00007fff2bc27000 	/System/Library/Frameworks/Accelerate.framework/Versions/A/Frameworks/vecLib.framework/Versions/A/libLAPACK.dylib
0x00007fff2bfc3000 	/System/Library/Frameworks/Accelerate.framework/Versions/A/Frameworks/vecLib.framework/Versions/A/libLinearAlgebra.dylib
0x00007fff2c050000 	/System/Library/Frameworks/Accelerate.framework/Versions/A/Frameworks/vecLib.framework/Versions/A/libSparseBLAS.dylib
0x00007fff2bfd9000 	/System/Library/Frameworks/Accelerate.framework/Versions/A/Frameworks/vecLib.framework/Versions/A/libQuadrature.dylib
0x00007fff2b753000 	/System/Library/Frameworks/Accelerate.framework/Versions/A/Frameworks/vecLib.framework/Versions/A/libBNNS.dylib
0x00007fff2bfdf000 	/System/Library/Frameworks/Accelerate.framework/Versions/A/Frameworks/vecLib.framework/Versions/A/libSparse.dylib
0x00007fff545ad000 	/System/Library/PrivateFrameworks/LanguageModeling.framework/Versions/A/LanguageModeling
0x00007fff46dd1000 	/System/Library/PrivateFrameworks/CoreEmoji.framework/Versions/A/CoreEmoji
0x00007fff546cb000 	/System/Library/PrivateFrameworks/LinguisticData.framework/Versions/A/LinguisticData
0x00007fff5467c000 	/System/Library/PrivateFrameworks/Lexicon.framework/Versions/A/Lexicon
0x00007fff66094000 	/usr/lib/libcmph.dylib
0x00007fff385b9000 	/System/Library/Frameworks/OpenDirectory.framework/Versions/A/Frameworks/CFOpenDirectory.framework/Versions/A/CFOpenDirectory
0x00007fff385d6000 	/System/Library/Frameworks/OpenDirectory.framework/Versions/A/OpenDirectory
0x00007fff40a1c000 	/System/Library/PrivateFrameworks/APFS.framework/Versions/A/APFS
0x00007fff3bccb000 	/System/Library/Frameworks/SecurityFoundation.framework/Versions/A/SecurityFoundation
0x00007fff6815c000 	/usr/lib/libutil.dylib
0x00007fff4831d000 	/System/Library/PrivateFrameworks/CoreServicesStore.framework/Versions/A/CoreServicesStore
0x00007fff3bd82000 	/System/Library/Frameworks/ServiceManagement.framework/Versions/A/ServiceManagement
0x00007fff43fbe000 	/System/Library/PrivateFrameworks/BackgroundTaskManagement.framework/Versions/A/BackgroundTaskManagement
0x00007fff68259000 	/usr/lib/libxslt.1.dylib
0x00007fff42e60000 	/System/Library/PrivateFrameworks/AppleSystemInfo.framework/Versions/A/AppleSystemInfo
0x00007fff32340000 	/System/Library/Frameworks/ImageIO.framework/Versions/A/Resources/libJPEG.dylib
0x00007fff325fd000 	/System/Library/Frameworks/ImageIO.framework/Versions/A/Resources/libTIFF.dylib
0x00007fff325e0000 	/System/Library/Frameworks/ImageIO.framework/Versions/A/Resources/libPng.dylib
0x00007fff32282000 	/System/Library/Frameworks/ImageIO.framework/Versions/A/Resources/libGIF.dylib
0x00007fff32286000 	/System/Library/Frameworks/ImageIO.framework/Versions/A/Resources/libJP2.dylib
0x00007fff325fb000 	/System/Library/Frameworks/ImageIO.framework/Versions/A/Resources/libRadiance.dylib
0x00007fff66ad6000 	/usr/lib/libexpat.1.dylib
0x00007fff42947000 	/System/Library/PrivateFrameworks/AppleJPEG.framework/Versions/A/AppleJPEG
0x00007fff4b61c000 	/System/Library/PrivateFrameworks/FontServices.framework/libFontParser.dylib
0x00007fff61c83000 	/System/Library/PrivateFrameworks/WatchdogClient.framework/Versions/A/WatchdogClient
0x00007fff53c08000 	/System/Library/PrivateFrameworks/IOAccelerator.framework/Versions/A/IOAccelerator
0x00007fff34b0a000 	/System/Library/Frameworks/MetalPerformanceShaders.framework/Versions/A/MetalPerformanceShaders
0x00007fff50398000 	/System/Library/PrivateFrameworks/GPUWrangler.framework/Versions/A/GPUWrangler
0x00007fff53c1d000 	/System/Library/PrivateFrameworks/IOPresentment.framework/Versions/A/IOPresentment
0x00007fff48e9d000 	/System/Library/PrivateFrameworks/DSExternalDisplay.framework/Versions/A/DSExternalDisplay
0x00007fff38f4a000 	/System/Library/Frameworks/OpenGL.framework/Versions/A/Libraries/libCoreFSCache.dylib
0x00007fff34856000 	/System/Library/Frameworks/MetalPerformanceShaders.framework/Frameworks/MPSCore.framework/Versions/A/MPSCore
0x00007fff34894000 	/System/Library/Frameworks/MetalPerformanceShaders.framework/Frameworks/MPSImage.framework/Versions/A/MPSImage
0x00007fff3495b000 	/System/Library/Frameworks/MetalPerformanceShaders.framework/Frameworks/MPSNeuralNetwork.framework/Versions/A/MPSNeuralNetwork
0x00007fff3491f000 	/System/Library/Frameworks/MetalPerformanceShaders.framework/Frameworks/MPSMatrix.framework/Versions/A/MPSMatrix
0x00007fff34aba000 	/System/Library/Frameworks/MetalPerformanceShaders.framework/Frameworks/MPSRayIntersector.framework/Versions/A/MPSRayIntersector
0x00007fff34945000 	/System/Library/Frameworks/MetalPerformanceShaders.framework/Frameworks/MPSNDArray.framework/Versions/A/MPSNDArray
0x00007fff55a86000 	/System/Library/PrivateFrameworks/MetalTools.framework/Versions/A/MetalTools
0x00007fff41bf6000 	/System/Library/PrivateFrameworks/AggregateDictionary.framework/Versions/A/AggregateDictionary
0x00007fff46818000 	/System/Library/PrivateFrameworks/CoreAnalytics.framework/Versions/A/CoreAnalytics
0x00007fff42d7e000 	/System/Library/PrivateFrameworks/AppleSauce.framework/Versions/A/AppleSauce
0x00007fff65a94000 	/usr/lib/libIOReport.dylib
0x00007fff31209000 	/System/Library/Frameworks/CoreVideo.framework/Versions/A/CoreVideo
0x00007fff51811000 	/System/Library/PrivateFrameworks/GraphVisualizer.framework/Versions/A/GraphVisualizer
0x00007fff4ab62000 	/System/Library/PrivateFrameworks/FaceCore.framework/Versions/A/FaceCore
0x00007fff38560000 	/System/Library/Frameworks/OpenCL.framework/Versions/A/OpenCL
0x00007fff658b6000 	/usr/lib/libFosl_dynamic.dylib
0x00007fff56f5e000 	/System/Library/PrivateFrameworks/OTSVG.framework/Versions/A/OTSVG
0x00007fff2d3bb000 	/System/Library/Frameworks/ApplicationServices.framework/Versions/A/Frameworks/ATS.framework/Versions/A/Resources/libFontRegistry.dylib
0x00007fff4b7ec000 	/System/Library/PrivateFrameworks/FontServices.framework/libhvf.dylib
0x00007fff38f55000 	/System/Library/Frameworks/OpenGL.framework/Versions/A/Libraries/libGFXShared.dylib
0x00007fff39133000 	/System/Library/Frameworks/OpenGL.framework/Versions/A/Libraries/libGLU.dylib
0x00007fff38f5e000 	/System/Library/Frameworks/OpenGL.framework/Versions/A/Libraries/libGL.dylib
0x00007fff38f69000 	/System/Library/Frameworks/OpenGL.framework/Versions/A/Libraries/libGLImage.dylib
0x00007fff38f47000 	/System/Library/Frameworks/OpenGL.framework/Versions/A/Libraries/libCVMSPluginSupport.dylib
0x00007fff38f50000 	/System/Library/Frameworks/OpenGL.framework/Versions/A/Libraries/libCoreVMClient.dylib
0x00007fff6752a000 	/usr/lib/libncurses.5.4.dylib
0x00007fff2d2b7000 	/System/Library/Frameworks/ApplicationServices.framework/Versions/A/Frameworks/ATS.framework/Versions/A/ATS
0x00007fff2d484000 	/System/Library/Frameworks/ApplicationServices.framework/Versions/A/Frameworks/ColorSyncLegacy.framework/Versions/A/ColorSyncLegacy
0x00007fff2d522000 	/System/Library/Frameworks/ApplicationServices.framework/Versions/A/Frameworks/HIServices.framework/Versions/A/HIServices
0x00007fff2d57a000 	/System/Library/Frameworks/ApplicationServices.framework/Versions/A/Frameworks/LangAnalysis.framework/Versions/A/LangAnalysis
0x00007fff2d589000 	/System/Library/Frameworks/ApplicationServices.framework/Versions/A/Frameworks/PrintCore.framework/Versions/A/PrintCore
0x00007fff2d5cf000 	/System/Library/Frameworks/ApplicationServices.framework/Versions/A/Frameworks/QD.framework/Versions/A/QD
0x00007fff2d5da000 	/System/Library/Frameworks/ApplicationServices.framework/Versions/A/Frameworks/SpeechSynthesis.framework/Versions/A/SpeechSynthesis
0x00007fff2d454000 	/System/Library/Frameworks/ApplicationServices.framework/Versions/A/Frameworks/ATSUI.framework/Versions/A/ATSUI
0x00007fff6696c000 	/usr/lib/libcups.2.dylib
0x00007fff33ba5000 	/System/Library/Frameworks/Kerberos.framework/Versions/A/Kerberos
0x00007fff31ce6000 	/System/Library/Frameworks/GSS.framework/Versions/A/GSS
0x00007fff67cad000 	/usr/lib/libresolv.9.dylib
0x00007fff519be000 	/System/Library/PrivateFrameworks/Heimdal.framework/Versions/A/Heimdal
0x00007fff33bb8000 	/System/Library/Frameworks/Kerberos.framework/Versions/A/Libraries/libHeimdalProxy.dylib
0x00007fff66b15000 	/usr/lib/libheimdal-asn1.dylib
0x00007fff45cb0000 	/System/Library/PrivateFrameworks/CommonAuth.framework/Versions/A/CommonAuth
0x00007fff42efd000 	/System/Library/PrivateFrameworks/AssertionServices.framework/Versions/A/AssertionServices
0x00007fff43aa0000 	/System/Library/PrivateFrameworks/AudioToolboxCore.framework/Versions/A/AudioToolboxCore
0x00007fff62931000 	/System/Library/PrivateFrameworks/caulk.framework/Versions/A/caulk
0x00007fff4406a000 	/System/Library/PrivateFrameworks/BaseBoard.framework/Versions/A/BaseBoard
0x00007fff5b1c1000 	/System/Library/PrivateFrameworks/RunningBoardServices.framework/Versions/A/RunningBoardServices
0x00007fff581d2000 	/System/Library/PrivateFrameworks/PersistentConnection.framework/Versions/A/PersistentConnection
0x00007fff5abba000 	/System/Library/PrivateFrameworks/ProtocolBuffer.framework/Versions/A/ProtocolBuffer
0x00007fff45cd4000 	/System/Library/PrivateFrameworks/CommonUtilities.framework/Versions/A/CommonUtilities
0x00007fff441f8000 	/System/Library/PrivateFrameworks/Bom.framework/Versions/A/Bom
0x00007fff65767000 	/usr/lib/libAudioToolboxUtility.dylib
0x00007fff43fc8000 	/System/Library/PrivateFrameworks/Backup.framework/Versions/A/Backup
0x00007fff48dbe000 	/System/Library/PrivateFrameworks/CrashReporterSupport.framework/Versions/A/CrashReporterSupport
0x00007fff5cc53000 	/System/Library/PrivateFrameworks/Sharing.framework/Versions/A/Sharing
0x00007fff4250a000 	/System/Library/PrivateFrameworks/Apple80211.framework/Versions/A/Apple80211
0x00007fff43ce5000 	/System/Library/PrivateFrameworks/AuthKit.framework/Versions/A/AuthKit
0x00007fff48acb000 	/System/Library/PrivateFrameworks/CoreUtils.framework/Versions/A/CoreUtils
0x00007fff3124e000 	/System/Library/Frameworks/CoreWLAN.framework/Versions/A/CoreWLAN
0x00007fff31e73000 	/System/Library/Frameworks/IOBluetooth.framework/Versions/A/IOBluetooth
0x00007fff55d8b000 	/System/Library/PrivateFrameworks/MobileKeyBag.framework/Versions/A/MobileKeyBag
0x00007fff478ba000 	/System/Library/PrivateFrameworks/CorePhoneNumbers.framework/Versions/A/CorePhoneNumbers
0x00007fff428fa000 	/System/Library/PrivateFrameworks/AppleIDAuthSupport.framework/Versions/A/AppleIDAuthSupport
0x00007fff359d7000 	/System/Library/Frameworks/Network.framework/Versions/A/Network
0x00007fff54459000 	/System/Library/PrivateFrameworks/KeychainCircle.framework/Versions/A/KeychainCircle
0x00007fff2ec9b000 	/System/Library/Frameworks/CoreBluetooth.framework/Versions/A/CoreBluetooth
0x00007fff5ecd2000 	/System/Library/PrivateFrameworks/SpeechRecognitionCore.framework/Versions/A/SpeechRecognitionCore
0x0000000109000000 	/Users/caesar/.sdkman/candidates/java/11.0.19-tem/lib/server/libjvm.dylib
0x0000000107e36000 	/Users/caesar/.sdkman/candidates/java/11.0.19-tem/lib/libverify.dylib
0x0000000107e47000 	/Users/caesar/.sdkman/candidates/java/11.0.19-tem/lib/libjava.dylib
0x0000000107e74000 	/Users/caesar/.sdkman/candidates/java/11.0.19-tem/lib/libjimage.dylib
0x0000000107e82000 	/Users/caesar/.sdkman/candidates/java/11.0.19-tem/lib/libinstrument.dylib
0x0000000107ed9000 	/Users/caesar/.sdkman/candidates/java/11.0.19-tem/lib/libzip.dylib
0x000000011414d000 	/Users/caesar/.sdkman/candidates/java/11.0.19-tem/lib/libnio.dylib
0x0000000114160000 	/Users/caesar/.sdkman/candidates/java/11.0.19-tem/lib/libnet.dylib
0x0000000114379000 	/Users/caesar/.gradle/native/c067742578af261105cb4f569cf0c3c89f3d7b1fecec35dd04571415982c5e48/osx-amd64/libnative-platform.dylib
0x0000000114385000 	/Users/caesar/.gradle/native/100fb08df4bc3b14c8652ba06237920a3bd2aa13389f12d3474272988ae205f9/osx-amd64/libnative-platform-file-events.dylib
0x00000001147f1000 	/Users/caesar/.sdkman/candidates/java/11.0.19-tem/lib/libmanagement.dylib
0x00000001147fb000 	/Users/caesar/.sdkman/candidates/java/11.0.19-tem/lib/libmanagement_ext.dylib
0x0000000114806000 	/Users/caesar/.sdkman/candidates/java/11.0.19-tem/lib/libextnet.dylib


VM Arguments:
jvm_args: --add-opens=java.base/java.util=ALL-UNNAMED --add-opens=java.base/java.lang=ALL-UNNAMED --add-opens=java.base/java.lang.invoke=ALL-UNNAMED --add-opens=java.prefs/java.util.prefs=ALL-UNNAMED --add-opens=java.base/java.nio.charset=ALL-UNNAMED --add-opens=java.base/java.net=ALL-UNNAMED --add-opens=java.base/java.util.concurrent.atomic=ALL-UNNAMED -XX:MaxMetaspaceSize=384m -XX:+HeapDumpOnOutOfMemoryError -Xms256m -Xmx512m -Dfile.encoding=UTF-8 -Duser.country=VN -Duser.language=en -Duser.variant -javaagent:/Users/caesar/.gradle/wrapper/dists/gradle-8.8-bin/dl7vupf4psengwqhwktix4v1/gradle-8.8/lib/agents/gradle-instrumentation-agent-8.8.jar 
java_command: org.gradle.launcher.daemon.bootstrap.GradleDaemon 8.8
java_class_path (initial): /Users/caesar/.gradle/wrapper/dists/gradle-8.8-bin/dl7vupf4psengwqhwktix4v1/gradle-8.8/lib/gradle-launcher-8.8.jar
Launcher Type: SUN_STANDARD

[Global flags]
     intx CICompilerCount                          = 4                                         {product} {ergonomic}
   size_t CompressedClassSpaceSize                 = 394264576                                 {product} {ergonomic}
     uint ConcGCThreads                            = 2                                         {product} {ergonomic}
     uint G1ConcRefinementThreads                  = 8                                         {product} {ergonomic}
   size_t G1HeapRegionSize                         = 1048576                                   {product} {ergonomic}
    uintx GCDrainStackTargetSize                   = 64                                        {product} {ergonomic}
     bool HeapDumpOnOutOfMemoryError               = true                                   {manageable} {command line}
   size_t InitialHeapSize                          = 268435456                                 {product} {command line}
   size_t MarkStackSize                            = 4194304                                   {product} {ergonomic}
   size_t MaxHeapSize                              = 536870912                                 {product} {command line}
   size_t MaxMetaspaceSize                         = 402653184                                 {product} {command line}
   size_t MaxNewSize                               = 321912832                                 {product} {ergonomic}
   size_t MinHeapDeltaBytes                        = 1048576                                   {product} {ergonomic}
    uintx NonNMethodCodeHeapSize                   = 5836300                                {pd product} {ergonomic}
    uintx NonProfiledCodeHeapSize                  = 122910970                              {pd product} {ergonomic}
    uintx ProfiledCodeHeapSize                     = 122910970                              {pd product} {ergonomic}
    uintx ReservedCodeCacheSize                    = 251658240                              {pd product} {ergonomic}
     bool SegmentedCodeCache                       = true                                      {product} {ergonomic}
     bool UseCompressedClassPointers               = true                                 {lp64_product} {ergonomic}
     bool UseCompressedOops                        = true                                 {lp64_product} {ergonomic}
     bool UseG1GC                                  = true                                      {product} {ergonomic}

Logging:
Log output configuration:
 #0: stdout all=warning uptime,level,tags
 #1: stderr all=off uptime,level,tags

Environment Variables:
JAVA_HOME=/Users/caesar/.sdkman/candidates/java/current
PATH=/opt/anaconda3/bin:/opt/anaconda3/condabin:/Users/caesar/.nvm/versions/node/v18.17.1/bin:/Users/caesar/.sdkman/candidates/java/current/bin:/Users/caesar/.rbenv/shims:/Users/caesar/.pyenv/shims:/usr/local/bin:/usr/bin:/bin:/usr/sbin:/sbin:~/kafka_2.13-3.1.0/bin
SHELL=/bin/zsh
LC_CTYPE=en_US.UTF-8
TMPDIR=/var/folders/5n/fk6vlwt16d10hw1ydjzw3f6m0000gn/T/

Signal Handlers:
SIGSEGV: [libjvm.dylib+0x7cbada], sa_mask[0]=11111111011111110111111111111111, sa_flags=SA_ONSTACK|SA_RESTART|SA_SIGINFO
SIGBUS: [libjvm.dylib+0x7cbada], sa_mask[0]=11111111011111110111111111111111, sa_flags=SA_RESTART|SA_SIGINFO
SIGFPE: [libjvm.dylib+0x7cbada], sa_mask[0]=11111111011111110111111111111111, sa_flags=SA_RESTART|SA_SIGINFO
SIGPIPE: [libjvm.dylib+0x62fac2], sa_mask[0]=11111111011111110111111111111111, sa_flags=SA_RESTART|SA_SIGINFO
SIGXFSZ: [libjvm.dylib+0x62fac2], sa_mask[0]=11111111011111110111111111111111, sa_flags=SA_RESTART|SA_SIGINFO
SIGILL: [libjvm.dylib+0x7cbada], sa_mask[0]=11111111011111110111111111111111, sa_flags=SA_RESTART|SA_SIGINFO
SIGUSR2: [libjvm.dylib+0x6300a9], sa_mask[0]=00000000000000000000000000000000, sa_flags=SA_RESTART|SA_SIGINFO
SIGHUP: [libjvm.dylib+0x62ec05], sa_mask[0]=11111111011111110111111111111111, sa_flags=SA_RESTART|SA_SIGINFO
SIGINT: [libjvm.dylib+0x62ec05], sa_mask[0]=11111111011111110111111111111111, sa_flags=SA_RESTART|SA_SIGINFO
SIGTERM: [libjvm.dylib+0x62ec05], sa_mask[0]=11111111011111110111111111111111, sa_flags=SA_RESTART|SA_SIGINFO
SIGQUIT: [libjvm.dylib+0x62ec05], sa_mask[0]=11111111011111110111111111111111, sa_flags=SA_RESTART|SA_SIGINFO


---------------  S Y S T E M  ---------------

OS:uname:Darwin 19.6.0 Darwin Kernel Version 19.6.0: Tue Jun 21 21:18:39 PDT 2022; root:xnu-6153.141.66~1/RELEASE_X86_64 x86_64
OS uptime: 0 days 7:26 hours
rlimit (soft/hard): STACK 8192k/65532k , CORE 0k/infinity , NPROC 2784/4176 , NOFILE 10240/infinity , AS infinity/infinity , CPU infinity/infinity , DATA infinity/infinity , FSIZE infinity/infinity , MEMLOCK infinity/infinity , RSS infinity/infinity
load average:4.46 4.33 4.14

CPU:total 8 (initial active 8) (4 cores per cpu, 2 threads per core) family 6 model 70 stepping 1 microcode 0x1c, cmov, cx8, fxsr, mmx, sse, sse2, sse3, ssse3, sse4.1, sse4.2, popcnt, avx, avx2, aes, clmul, erms, lzcnt, ht, tsc, tscinvbit, bmi1, bmi2, fma

Memory: 4k page, physical 16777216k(288336k free), swap 0k(0k free)

vm_info: OpenJDK 64-Bit Server VM (11.0.19+7) for bsd-amd64 JRE (11.0.19+7), built on Apr 18 2023 23:31:11 by "jenkins" with clang 4.2.1 Compatible Apple LLVM 10.0.1 (clang-1001.0.46.4)

END.
